[2024-02-12T09:20:01.445+0000] {processor.py:161} INFO - Started process (PID=34412) to work on /Users/rachel/Library/Mobile Documents/com~apple~CloudDocs/Documents/dev/SpotifyETL/airflow/dags/spotify-dag.py
[2024-02-12T09:20:01.446+0000] {processor.py:830} INFO - Processing file /Users/rachel/Library/Mobile Documents/com~apple~CloudDocs/Documents/dev/SpotifyETL/airflow/dags/spotify-dag.py for tasks to queue
[2024-02-12T09:20:01.446+0000] {logging_mixin.py:188} INFO - [2024-02-12T09:20:01.446+0000] {dagbag.py:538} INFO - Filling up the DagBag from /Users/rachel/Library/Mobile Documents/com~apple~CloudDocs/Documents/dev/SpotifyETL/airflow/dags/spotify-dag.py
[2024-02-12T09:20:01.452+0000] {processor.py:840} INFO - DAG(s) 'spotify-dag' retrieved from /Users/rachel/Library/Mobile Documents/com~apple~CloudDocs/Documents/dev/SpotifyETL/airflow/dags/spotify-dag.py
[2024-02-12T09:20:01.535+0000] {logging_mixin.py:188} INFO - [2024-02-12T09:20:01.535+0000] {override.py:1769} INFO - Created Permission View: can edit on DAG:spotify-dag
[2024-02-12T09:20:01.537+0000] {logging_mixin.py:188} INFO - [2024-02-12T09:20:01.537+0000] {override.py:1769} INFO - Created Permission View: can read on DAG:spotify-dag
[2024-02-12T09:20:01.539+0000] {logging_mixin.py:188} INFO - [2024-02-12T09:20:01.539+0000] {override.py:1769} INFO - Created Permission View: can delete on DAG:spotify-dag
[2024-02-12T09:20:01.539+0000] {logging_mixin.py:188} INFO - [2024-02-12T09:20:01.539+0000] {dag.py:3036} INFO - Sync 1 DAGs
[2024-02-12T09:20:01.541+0000] {logging_mixin.py:188} INFO - [2024-02-12T09:20:01.541+0000] {dag.py:3058} INFO - Creating ORM DAG for spotify-dag
[2024-02-12T09:20:01.544+0000] {logging_mixin.py:188} INFO - [2024-02-12T09:20:01.544+0000] {dag.py:3823} INFO - Setting next_dagrun for spotify-dag to 2024-02-12 00:00:00+00:00, run_after=2024-02-13 00:00:00+00:00
[2024-02-12T09:20:01.548+0000] {processor.py:183} INFO - Processing /Users/rachel/Library/Mobile Documents/com~apple~CloudDocs/Documents/dev/SpotifyETL/airflow/dags/spotify-dag.py took 0.104 seconds
[2024-02-12T09:20:32.457+0000] {processor.py:161} INFO - Started process (PID=34425) to work on /Users/rachel/Library/Mobile Documents/com~apple~CloudDocs/Documents/dev/SpotifyETL/airflow/dags/spotify-dag.py
[2024-02-12T09:20:32.458+0000] {processor.py:830} INFO - Processing file /Users/rachel/Library/Mobile Documents/com~apple~CloudDocs/Documents/dev/SpotifyETL/airflow/dags/spotify-dag.py for tasks to queue
[2024-02-12T09:20:32.459+0000] {logging_mixin.py:188} INFO - [2024-02-12T09:20:32.459+0000] {dagbag.py:538} INFO - Filling up the DagBag from /Users/rachel/Library/Mobile Documents/com~apple~CloudDocs/Documents/dev/SpotifyETL/airflow/dags/spotify-dag.py
[2024-02-12T09:20:32.470+0000] {processor.py:840} INFO - DAG(s) 'spotify-dag' retrieved from /Users/rachel/Library/Mobile Documents/com~apple~CloudDocs/Documents/dev/SpotifyETL/airflow/dags/spotify-dag.py
[2024-02-12T09:20:32.525+0000] {logging_mixin.py:188} INFO - [2024-02-12T09:20:32.525+0000] {dag.py:3036} INFO - Sync 1 DAGs
[2024-02-12T09:20:32.531+0000] {logging_mixin.py:188} INFO - [2024-02-12T09:20:32.530+0000] {dag.py:3823} INFO - Setting next_dagrun for spotify-dag to 2024-02-12 00:00:00+00:00, run_after=2024-02-13 00:00:00+00:00
[2024-02-12T09:20:32.536+0000] {processor.py:183} INFO - Processing /Users/rachel/Library/Mobile Documents/com~apple~CloudDocs/Documents/dev/SpotifyETL/airflow/dags/spotify-dag.py took 0.079 seconds
[2024-02-12T09:21:03.782+0000] {processor.py:161} INFO - Started process (PID=34447) to work on /Users/rachel/Library/Mobile Documents/com~apple~CloudDocs/Documents/dev/SpotifyETL/airflow/dags/spotify-dag.py
[2024-02-12T09:21:03.783+0000] {processor.py:830} INFO - Processing file /Users/rachel/Library/Mobile Documents/com~apple~CloudDocs/Documents/dev/SpotifyETL/airflow/dags/spotify-dag.py for tasks to queue
[2024-02-12T09:21:03.784+0000] {logging_mixin.py:188} INFO - [2024-02-12T09:21:03.784+0000] {dagbag.py:538} INFO - Filling up the DagBag from /Users/rachel/Library/Mobile Documents/com~apple~CloudDocs/Documents/dev/SpotifyETL/airflow/dags/spotify-dag.py
[2024-02-12T09:21:03.795+0000] {processor.py:840} INFO - DAG(s) 'spotify-dag' retrieved from /Users/rachel/Library/Mobile Documents/com~apple~CloudDocs/Documents/dev/SpotifyETL/airflow/dags/spotify-dag.py
[2024-02-12T09:21:03.846+0000] {logging_mixin.py:188} INFO - [2024-02-12T09:21:03.846+0000] {dag.py:3036} INFO - Sync 1 DAGs
[2024-02-12T09:21:03.852+0000] {logging_mixin.py:188} INFO - [2024-02-12T09:21:03.851+0000] {dag.py:3823} INFO - Setting next_dagrun for spotify-dag to 2024-02-12 00:00:00+00:00, run_after=2024-02-13 00:00:00+00:00
[2024-02-12T09:21:03.857+0000] {processor.py:183} INFO - Processing /Users/rachel/Library/Mobile Documents/com~apple~CloudDocs/Documents/dev/SpotifyETL/airflow/dags/spotify-dag.py took 0.075 seconds
[2024-02-12T09:21:34.785+0000] {processor.py:161} INFO - Started process (PID=34458) to work on /Users/rachel/Library/Mobile Documents/com~apple~CloudDocs/Documents/dev/SpotifyETL/airflow/dags/spotify-dag.py
[2024-02-12T09:21:34.786+0000] {processor.py:830} INFO - Processing file /Users/rachel/Library/Mobile Documents/com~apple~CloudDocs/Documents/dev/SpotifyETL/airflow/dags/spotify-dag.py for tasks to queue
[2024-02-12T09:21:34.786+0000] {logging_mixin.py:188} INFO - [2024-02-12T09:21:34.786+0000] {dagbag.py:538} INFO - Filling up the DagBag from /Users/rachel/Library/Mobile Documents/com~apple~CloudDocs/Documents/dev/SpotifyETL/airflow/dags/spotify-dag.py
[2024-02-12T09:21:34.793+0000] {processor.py:840} INFO - DAG(s) 'spotify-dag' retrieved from /Users/rachel/Library/Mobile Documents/com~apple~CloudDocs/Documents/dev/SpotifyETL/airflow/dags/spotify-dag.py
[2024-02-12T09:21:34.840+0000] {logging_mixin.py:188} INFO - [2024-02-12T09:21:34.839+0000] {dag.py:3036} INFO - Sync 1 DAGs
[2024-02-12T09:21:34.845+0000] {logging_mixin.py:188} INFO - [2024-02-12T09:21:34.845+0000] {dag.py:3823} INFO - Setting next_dagrun for spotify-dag to 2024-02-12 00:00:00+00:00, run_after=2024-02-13 00:00:00+00:00
[2024-02-12T09:21:34.850+0000] {processor.py:183} INFO - Processing /Users/rachel/Library/Mobile Documents/com~apple~CloudDocs/Documents/dev/SpotifyETL/airflow/dags/spotify-dag.py took 0.065 seconds
[2024-02-12T09:22:06.352+0000] {processor.py:161} INFO - Started process (PID=34483) to work on /Users/rachel/Library/Mobile Documents/com~apple~CloudDocs/Documents/dev/SpotifyETL/airflow/dags/spotify-dag.py
[2024-02-12T09:22:06.353+0000] {processor.py:830} INFO - Processing file /Users/rachel/Library/Mobile Documents/com~apple~CloudDocs/Documents/dev/SpotifyETL/airflow/dags/spotify-dag.py for tasks to queue
[2024-02-12T09:22:06.353+0000] {logging_mixin.py:188} INFO - [2024-02-12T09:22:06.353+0000] {dagbag.py:538} INFO - Filling up the DagBag from /Users/rachel/Library/Mobile Documents/com~apple~CloudDocs/Documents/dev/SpotifyETL/airflow/dags/spotify-dag.py
[2024-02-12T09:22:06.364+0000] {processor.py:840} INFO - DAG(s) 'spotify-dag' retrieved from /Users/rachel/Library/Mobile Documents/com~apple~CloudDocs/Documents/dev/SpotifyETL/airflow/dags/spotify-dag.py
[2024-02-12T09:22:06.414+0000] {logging_mixin.py:188} INFO - [2024-02-12T09:22:06.413+0000] {dag.py:3036} INFO - Sync 1 DAGs
[2024-02-12T09:22:06.419+0000] {logging_mixin.py:188} INFO - [2024-02-12T09:22:06.419+0000] {dag.py:3823} INFO - Setting next_dagrun for spotify-dag to 2024-02-12 00:00:00+00:00, run_after=2024-02-13 00:00:00+00:00
[2024-02-12T09:22:06.424+0000] {processor.py:183} INFO - Processing /Users/rachel/Library/Mobile Documents/com~apple~CloudDocs/Documents/dev/SpotifyETL/airflow/dags/spotify-dag.py took 0.072 seconds
[2024-02-12T09:22:37.598+0000] {processor.py:161} INFO - Started process (PID=34490) to work on /Users/rachel/Library/Mobile Documents/com~apple~CloudDocs/Documents/dev/SpotifyETL/airflow/dags/spotify-dag.py
[2024-02-12T09:22:37.599+0000] {processor.py:830} INFO - Processing file /Users/rachel/Library/Mobile Documents/com~apple~CloudDocs/Documents/dev/SpotifyETL/airflow/dags/spotify-dag.py for tasks to queue
[2024-02-12T09:22:37.599+0000] {logging_mixin.py:188} INFO - [2024-02-12T09:22:37.599+0000] {dagbag.py:538} INFO - Filling up the DagBag from /Users/rachel/Library/Mobile Documents/com~apple~CloudDocs/Documents/dev/SpotifyETL/airflow/dags/spotify-dag.py
[2024-02-12T09:22:37.609+0000] {processor.py:840} INFO - DAG(s) 'spotify-dag' retrieved from /Users/rachel/Library/Mobile Documents/com~apple~CloudDocs/Documents/dev/SpotifyETL/airflow/dags/spotify-dag.py
[2024-02-12T09:22:37.660+0000] {logging_mixin.py:188} INFO - [2024-02-12T09:22:37.659+0000] {dag.py:3036} INFO - Sync 1 DAGs
[2024-02-12T09:22:37.665+0000] {logging_mixin.py:188} INFO - [2024-02-12T09:22:37.665+0000] {dag.py:3823} INFO - Setting next_dagrun for spotify-dag to 2024-02-12 00:00:00+00:00, run_after=2024-02-13 00:00:00+00:00
[2024-02-12T09:22:37.670+0000] {processor.py:183} INFO - Processing /Users/rachel/Library/Mobile Documents/com~apple~CloudDocs/Documents/dev/SpotifyETL/airflow/dags/spotify-dag.py took 0.072 seconds
[2024-02-12T09:23:08.557+0000] {processor.py:161} INFO - Started process (PID=34504) to work on /Users/rachel/Library/Mobile Documents/com~apple~CloudDocs/Documents/dev/SpotifyETL/airflow/dags/spotify-dag.py
[2024-02-12T09:23:08.557+0000] {processor.py:830} INFO - Processing file /Users/rachel/Library/Mobile Documents/com~apple~CloudDocs/Documents/dev/SpotifyETL/airflow/dags/spotify-dag.py for tasks to queue
[2024-02-12T09:23:08.558+0000] {logging_mixin.py:188} INFO - [2024-02-12T09:23:08.558+0000] {dagbag.py:538} INFO - Filling up the DagBag from /Users/rachel/Library/Mobile Documents/com~apple~CloudDocs/Documents/dev/SpotifyETL/airflow/dags/spotify-dag.py
[2024-02-12T09:23:08.569+0000] {processor.py:840} INFO - DAG(s) 'spotify-dag' retrieved from /Users/rachel/Library/Mobile Documents/com~apple~CloudDocs/Documents/dev/SpotifyETL/airflow/dags/spotify-dag.py
[2024-02-12T09:23:08.619+0000] {logging_mixin.py:188} INFO - [2024-02-12T09:23:08.619+0000] {dag.py:3036} INFO - Sync 1 DAGs
[2024-02-12T09:23:08.624+0000] {logging_mixin.py:188} INFO - [2024-02-12T09:23:08.624+0000] {dag.py:3823} INFO - Setting next_dagrun for spotify-dag to 2024-02-12 00:00:00+00:00, run_after=2024-02-13 00:00:00+00:00
[2024-02-12T09:23:08.629+0000] {processor.py:183} INFO - Processing /Users/rachel/Library/Mobile Documents/com~apple~CloudDocs/Documents/dev/SpotifyETL/airflow/dags/spotify-dag.py took 0.072 seconds
[2024-02-12T09:23:39.788+0000] {processor.py:161} INFO - Started process (PID=34515) to work on /Users/rachel/Library/Mobile Documents/com~apple~CloudDocs/Documents/dev/SpotifyETL/airflow/dags/spotify-dag.py
[2024-02-12T09:23:39.790+0000] {processor.py:830} INFO - Processing file /Users/rachel/Library/Mobile Documents/com~apple~CloudDocs/Documents/dev/SpotifyETL/airflow/dags/spotify-dag.py for tasks to queue
[2024-02-12T09:23:39.790+0000] {logging_mixin.py:188} INFO - [2024-02-12T09:23:39.790+0000] {dagbag.py:538} INFO - Filling up the DagBag from /Users/rachel/Library/Mobile Documents/com~apple~CloudDocs/Documents/dev/SpotifyETL/airflow/dags/spotify-dag.py
[2024-02-12T09:23:39.801+0000] {processor.py:840} INFO - DAG(s) 'spotify-dag' retrieved from /Users/rachel/Library/Mobile Documents/com~apple~CloudDocs/Documents/dev/SpotifyETL/airflow/dags/spotify-dag.py
[2024-02-12T09:23:39.850+0000] {logging_mixin.py:188} INFO - [2024-02-12T09:23:39.850+0000] {dag.py:3036} INFO - Sync 1 DAGs
[2024-02-12T09:23:39.855+0000] {logging_mixin.py:188} INFO - [2024-02-12T09:23:39.855+0000] {dag.py:3823} INFO - Setting next_dagrun for spotify-dag to 2024-02-12 00:00:00+00:00, run_after=2024-02-13 00:00:00+00:00
[2024-02-12T09:23:39.860+0000] {processor.py:183} INFO - Processing /Users/rachel/Library/Mobile Documents/com~apple~CloudDocs/Documents/dev/SpotifyETL/airflow/dags/spotify-dag.py took 0.072 seconds
[2024-02-12T09:24:10.961+0000] {processor.py:161} INFO - Started process (PID=34518) to work on /Users/rachel/Library/Mobile Documents/com~apple~CloudDocs/Documents/dev/SpotifyETL/airflow/dags/spotify-dag.py
[2024-02-12T09:24:10.962+0000] {processor.py:830} INFO - Processing file /Users/rachel/Library/Mobile Documents/com~apple~CloudDocs/Documents/dev/SpotifyETL/airflow/dags/spotify-dag.py for tasks to queue
[2024-02-12T09:24:10.962+0000] {logging_mixin.py:188} INFO - [2024-02-12T09:24:10.962+0000] {dagbag.py:538} INFO - Filling up the DagBag from /Users/rachel/Library/Mobile Documents/com~apple~CloudDocs/Documents/dev/SpotifyETL/airflow/dags/spotify-dag.py
[2024-02-12T09:24:10.974+0000] {processor.py:840} INFO - DAG(s) 'spotify-dag' retrieved from /Users/rachel/Library/Mobile Documents/com~apple~CloudDocs/Documents/dev/SpotifyETL/airflow/dags/spotify-dag.py
[2024-02-12T09:24:11.029+0000] {logging_mixin.py:188} INFO - [2024-02-12T09:24:11.029+0000] {dag.py:3036} INFO - Sync 1 DAGs
[2024-02-12T09:24:11.035+0000] {logging_mixin.py:188} INFO - [2024-02-12T09:24:11.034+0000] {dag.py:3823} INFO - Setting next_dagrun for spotify-dag to 2024-02-12 00:00:00+00:00, run_after=2024-02-13 00:00:00+00:00
[2024-02-12T09:24:11.040+0000] {processor.py:183} INFO - Processing /Users/rachel/Library/Mobile Documents/com~apple~CloudDocs/Documents/dev/SpotifyETL/airflow/dags/spotify-dag.py took 0.080 seconds
[2024-02-12T09:24:42.185+0000] {processor.py:161} INFO - Started process (PID=34521) to work on /Users/rachel/Library/Mobile Documents/com~apple~CloudDocs/Documents/dev/SpotifyETL/airflow/dags/spotify-dag.py
[2024-02-12T09:24:42.186+0000] {processor.py:830} INFO - Processing file /Users/rachel/Library/Mobile Documents/com~apple~CloudDocs/Documents/dev/SpotifyETL/airflow/dags/spotify-dag.py for tasks to queue
[2024-02-12T09:24:42.187+0000] {logging_mixin.py:188} INFO - [2024-02-12T09:24:42.187+0000] {dagbag.py:538} INFO - Filling up the DagBag from /Users/rachel/Library/Mobile Documents/com~apple~CloudDocs/Documents/dev/SpotifyETL/airflow/dags/spotify-dag.py
[2024-02-12T09:24:42.198+0000] {processor.py:840} INFO - DAG(s) 'spotify-dag' retrieved from /Users/rachel/Library/Mobile Documents/com~apple~CloudDocs/Documents/dev/SpotifyETL/airflow/dags/spotify-dag.py
[2024-02-12T09:24:42.248+0000] {logging_mixin.py:188} INFO - [2024-02-12T09:24:42.248+0000] {dag.py:3036} INFO - Sync 1 DAGs
[2024-02-12T09:24:42.253+0000] {logging_mixin.py:188} INFO - [2024-02-12T09:24:42.253+0000] {dag.py:3823} INFO - Setting next_dagrun for spotify-dag to 2024-02-12 00:00:00+00:00, run_after=2024-02-13 00:00:00+00:00
[2024-02-12T09:24:42.258+0000] {processor.py:183} INFO - Processing /Users/rachel/Library/Mobile Documents/com~apple~CloudDocs/Documents/dev/SpotifyETL/airflow/dags/spotify-dag.py took 0.073 seconds
[2024-02-12T09:25:12.972+0000] {processor.py:161} INFO - Started process (PID=34525) to work on /Users/rachel/Library/Mobile Documents/com~apple~CloudDocs/Documents/dev/SpotifyETL/airflow/dags/spotify-dag.py
[2024-02-12T09:25:12.974+0000] {processor.py:830} INFO - Processing file /Users/rachel/Library/Mobile Documents/com~apple~CloudDocs/Documents/dev/SpotifyETL/airflow/dags/spotify-dag.py for tasks to queue
[2024-02-12T09:25:12.974+0000] {logging_mixin.py:188} INFO - [2024-02-12T09:25:12.974+0000] {dagbag.py:538} INFO - Filling up the DagBag from /Users/rachel/Library/Mobile Documents/com~apple~CloudDocs/Documents/dev/SpotifyETL/airflow/dags/spotify-dag.py
[2024-02-12T09:25:12.985+0000] {processor.py:840} INFO - DAG(s) 'spotify-dag' retrieved from /Users/rachel/Library/Mobile Documents/com~apple~CloudDocs/Documents/dev/SpotifyETL/airflow/dags/spotify-dag.py
[2024-02-12T09:25:13.036+0000] {logging_mixin.py:188} INFO - [2024-02-12T09:25:13.036+0000] {dag.py:3036} INFO - Sync 1 DAGs
[2024-02-12T09:25:13.041+0000] {logging_mixin.py:188} INFO - [2024-02-12T09:25:13.041+0000] {dag.py:3823} INFO - Setting next_dagrun for spotify-dag to 2024-02-12 00:00:00+00:00, run_after=2024-02-13 00:00:00+00:00
[2024-02-12T09:25:13.046+0000] {processor.py:183} INFO - Processing /Users/rachel/Library/Mobile Documents/com~apple~CloudDocs/Documents/dev/SpotifyETL/airflow/dags/spotify-dag.py took 0.075 seconds
[2024-02-12T09:25:43.995+0000] {processor.py:161} INFO - Started process (PID=34529) to work on /Users/rachel/Library/Mobile Documents/com~apple~CloudDocs/Documents/dev/SpotifyETL/airflow/dags/spotify-dag.py
[2024-02-12T09:25:43.997+0000] {processor.py:830} INFO - Processing file /Users/rachel/Library/Mobile Documents/com~apple~CloudDocs/Documents/dev/SpotifyETL/airflow/dags/spotify-dag.py for tasks to queue
[2024-02-12T09:25:43.997+0000] {logging_mixin.py:188} INFO - [2024-02-12T09:25:43.997+0000] {dagbag.py:538} INFO - Filling up the DagBag from /Users/rachel/Library/Mobile Documents/com~apple~CloudDocs/Documents/dev/SpotifyETL/airflow/dags/spotify-dag.py
[2024-02-12T09:25:44.008+0000] {processor.py:840} INFO - DAG(s) 'spotify-dag' retrieved from /Users/rachel/Library/Mobile Documents/com~apple~CloudDocs/Documents/dev/SpotifyETL/airflow/dags/spotify-dag.py
[2024-02-12T09:25:44.059+0000] {logging_mixin.py:188} INFO - [2024-02-12T09:25:44.059+0000] {dag.py:3036} INFO - Sync 1 DAGs
[2024-02-12T09:25:44.064+0000] {logging_mixin.py:188} INFO - [2024-02-12T09:25:44.064+0000] {dag.py:3823} INFO - Setting next_dagrun for spotify-dag to 2024-02-12 00:00:00+00:00, run_after=2024-02-13 00:00:00+00:00
[2024-02-12T09:25:44.069+0000] {processor.py:183} INFO - Processing /Users/rachel/Library/Mobile Documents/com~apple~CloudDocs/Documents/dev/SpotifyETL/airflow/dags/spotify-dag.py took 0.075 seconds
[2024-02-12T09:26:14.960+0000] {processor.py:161} INFO - Started process (PID=34577) to work on /Users/rachel/Library/Mobile Documents/com~apple~CloudDocs/Documents/dev/SpotifyETL/airflow/dags/spotify-dag.py
[2024-02-12T09:26:14.961+0000] {processor.py:830} INFO - Processing file /Users/rachel/Library/Mobile Documents/com~apple~CloudDocs/Documents/dev/SpotifyETL/airflow/dags/spotify-dag.py for tasks to queue
[2024-02-12T09:26:14.961+0000] {logging_mixin.py:188} INFO - [2024-02-12T09:26:14.961+0000] {dagbag.py:538} INFO - Filling up the DagBag from /Users/rachel/Library/Mobile Documents/com~apple~CloudDocs/Documents/dev/SpotifyETL/airflow/dags/spotify-dag.py
[2024-02-12T09:26:14.978+0000] {processor.py:840} INFO - DAG(s) 'spotify-dag' retrieved from /Users/rachel/Library/Mobile Documents/com~apple~CloudDocs/Documents/dev/SpotifyETL/airflow/dags/spotify-dag.py
[2024-02-12T09:26:15.028+0000] {logging_mixin.py:188} INFO - [2024-02-12T09:26:15.028+0000] {dag.py:3036} INFO - Sync 1 DAGs
[2024-02-12T09:26:15.033+0000] {logging_mixin.py:188} INFO - [2024-02-12T09:26:15.033+0000] {dag.py:3823} INFO - Setting next_dagrun for spotify-dag to 2024-02-12 00:00:00+00:00, run_after=2024-02-13 00:00:00+00:00
[2024-02-12T09:26:15.039+0000] {processor.py:183} INFO - Processing /Users/rachel/Library/Mobile Documents/com~apple~CloudDocs/Documents/dev/SpotifyETL/airflow/dags/spotify-dag.py took 0.079 seconds
[2024-02-12T09:26:45.928+0000] {processor.py:161} INFO - Started process (PID=34617) to work on /Users/rachel/Library/Mobile Documents/com~apple~CloudDocs/Documents/dev/SpotifyETL/airflow/dags/spotify-dag.py
[2024-02-12T09:26:45.929+0000] {processor.py:830} INFO - Processing file /Users/rachel/Library/Mobile Documents/com~apple~CloudDocs/Documents/dev/SpotifyETL/airflow/dags/spotify-dag.py for tasks to queue
[2024-02-12T09:26:45.929+0000] {logging_mixin.py:188} INFO - [2024-02-12T09:26:45.929+0000] {dagbag.py:538} INFO - Filling up the DagBag from /Users/rachel/Library/Mobile Documents/com~apple~CloudDocs/Documents/dev/SpotifyETL/airflow/dags/spotify-dag.py
[2024-02-12T09:26:45.942+0000] {processor.py:840} INFO - DAG(s) 'spotify-dag' retrieved from /Users/rachel/Library/Mobile Documents/com~apple~CloudDocs/Documents/dev/SpotifyETL/airflow/dags/spotify-dag.py
[2024-02-12T09:26:45.994+0000] {logging_mixin.py:188} INFO - [2024-02-12T09:26:45.994+0000] {dag.py:3036} INFO - Sync 1 DAGs
[2024-02-12T09:26:46.000+0000] {logging_mixin.py:188} INFO - [2024-02-12T09:26:46.000+0000] {dag.py:3823} INFO - Setting next_dagrun for spotify-dag to 2024-02-12 00:00:00+00:00, run_after=2024-02-13 00:00:00+00:00
[2024-02-12T09:26:46.006+0000] {processor.py:183} INFO - Processing /Users/rachel/Library/Mobile Documents/com~apple~CloudDocs/Documents/dev/SpotifyETL/airflow/dags/spotify-dag.py took 0.078 seconds
[2024-02-12T09:27:16.716+0000] {processor.py:161} INFO - Started process (PID=34634) to work on /Users/rachel/Library/Mobile Documents/com~apple~CloudDocs/Documents/dev/SpotifyETL/airflow/dags/spotify-dag.py
[2024-02-12T09:27:16.716+0000] {processor.py:830} INFO - Processing file /Users/rachel/Library/Mobile Documents/com~apple~CloudDocs/Documents/dev/SpotifyETL/airflow/dags/spotify-dag.py for tasks to queue
[2024-02-12T09:27:16.716+0000] {logging_mixin.py:188} INFO - [2024-02-12T09:27:16.716+0000] {dagbag.py:538} INFO - Filling up the DagBag from /Users/rachel/Library/Mobile Documents/com~apple~CloudDocs/Documents/dev/SpotifyETL/airflow/dags/spotify-dag.py
[2024-02-12T09:27:16.723+0000] {processor.py:840} INFO - DAG(s) 'spotify-dag' retrieved from /Users/rachel/Library/Mobile Documents/com~apple~CloudDocs/Documents/dev/SpotifyETL/airflow/dags/spotify-dag.py
[2024-02-12T09:27:16.768+0000] {logging_mixin.py:188} INFO - [2024-02-12T09:27:16.768+0000] {dag.py:3036} INFO - Sync 1 DAGs
[2024-02-12T09:27:16.773+0000] {logging_mixin.py:188} INFO - [2024-02-12T09:27:16.773+0000] {dag.py:3823} INFO - Setting next_dagrun for spotify-dag to 2024-02-12 00:00:00+00:00, run_after=2024-02-13 00:00:00+00:00
[2024-02-12T09:27:16.778+0000] {processor.py:183} INFO - Processing /Users/rachel/Library/Mobile Documents/com~apple~CloudDocs/Documents/dev/SpotifyETL/airflow/dags/spotify-dag.py took 0.063 seconds
[2024-02-12T09:27:47.724+0000] {processor.py:161} INFO - Started process (PID=34639) to work on /Users/rachel/Library/Mobile Documents/com~apple~CloudDocs/Documents/dev/SpotifyETL/airflow/dags/spotify-dag.py
[2024-02-12T09:27:47.726+0000] {processor.py:830} INFO - Processing file /Users/rachel/Library/Mobile Documents/com~apple~CloudDocs/Documents/dev/SpotifyETL/airflow/dags/spotify-dag.py for tasks to queue
[2024-02-12T09:27:47.726+0000] {logging_mixin.py:188} INFO - [2024-02-12T09:27:47.726+0000] {dagbag.py:538} INFO - Filling up the DagBag from /Users/rachel/Library/Mobile Documents/com~apple~CloudDocs/Documents/dev/SpotifyETL/airflow/dags/spotify-dag.py
[2024-02-12T09:27:47.737+0000] {processor.py:840} INFO - DAG(s) 'spotify-dag' retrieved from /Users/rachel/Library/Mobile Documents/com~apple~CloudDocs/Documents/dev/SpotifyETL/airflow/dags/spotify-dag.py
[2024-02-12T09:27:47.788+0000] {logging_mixin.py:188} INFO - [2024-02-12T09:27:47.788+0000] {dag.py:3036} INFO - Sync 1 DAGs
[2024-02-12T09:27:47.793+0000] {logging_mixin.py:188} INFO - [2024-02-12T09:27:47.793+0000] {dag.py:3823} INFO - Setting next_dagrun for spotify-dag to 2024-02-12 00:00:00+00:00, run_after=2024-02-13 00:00:00+00:00
[2024-02-12T09:27:47.799+0000] {processor.py:183} INFO - Processing /Users/rachel/Library/Mobile Documents/com~apple~CloudDocs/Documents/dev/SpotifyETL/airflow/dags/spotify-dag.py took 0.075 seconds
[2024-02-12T09:28:18.724+0000] {processor.py:161} INFO - Started process (PID=34640) to work on /Users/rachel/Library/Mobile Documents/com~apple~CloudDocs/Documents/dev/SpotifyETL/airflow/dags/spotify-dag.py
[2024-02-12T09:28:18.725+0000] {processor.py:830} INFO - Processing file /Users/rachel/Library/Mobile Documents/com~apple~CloudDocs/Documents/dev/SpotifyETL/airflow/dags/spotify-dag.py for tasks to queue
[2024-02-12T09:28:18.725+0000] {logging_mixin.py:188} INFO - [2024-02-12T09:28:18.725+0000] {dagbag.py:538} INFO - Filling up the DagBag from /Users/rachel/Library/Mobile Documents/com~apple~CloudDocs/Documents/dev/SpotifyETL/airflow/dags/spotify-dag.py
[2024-02-12T09:28:18.737+0000] {processor.py:840} INFO - DAG(s) 'spotify-dag' retrieved from /Users/rachel/Library/Mobile Documents/com~apple~CloudDocs/Documents/dev/SpotifyETL/airflow/dags/spotify-dag.py
[2024-02-12T09:28:18.788+0000] {logging_mixin.py:188} INFO - [2024-02-12T09:28:18.788+0000] {dag.py:3036} INFO - Sync 1 DAGs
[2024-02-12T09:28:18.793+0000] {logging_mixin.py:188} INFO - [2024-02-12T09:28:18.793+0000] {dag.py:3823} INFO - Setting next_dagrun for spotify-dag to 2024-02-12 00:00:00+00:00, run_after=2024-02-13 00:00:00+00:00
[2024-02-12T09:28:18.800+0000] {processor.py:183} INFO - Processing /Users/rachel/Library/Mobile Documents/com~apple~CloudDocs/Documents/dev/SpotifyETL/airflow/dags/spotify-dag.py took 0.076 seconds
[2024-02-12T09:28:49.675+0000] {processor.py:161} INFO - Started process (PID=34641) to work on /Users/rachel/Library/Mobile Documents/com~apple~CloudDocs/Documents/dev/SpotifyETL/airflow/dags/spotify-dag.py
[2024-02-12T09:28:49.676+0000] {processor.py:830} INFO - Processing file /Users/rachel/Library/Mobile Documents/com~apple~CloudDocs/Documents/dev/SpotifyETL/airflow/dags/spotify-dag.py for tasks to queue
[2024-02-12T09:28:49.676+0000] {logging_mixin.py:188} INFO - [2024-02-12T09:28:49.676+0000] {dagbag.py:538} INFO - Filling up the DagBag from /Users/rachel/Library/Mobile Documents/com~apple~CloudDocs/Documents/dev/SpotifyETL/airflow/dags/spotify-dag.py
[2024-02-12T09:28:49.687+0000] {processor.py:840} INFO - DAG(s) 'spotify-dag' retrieved from /Users/rachel/Library/Mobile Documents/com~apple~CloudDocs/Documents/dev/SpotifyETL/airflow/dags/spotify-dag.py
[2024-02-12T09:28:49.736+0000] {logging_mixin.py:188} INFO - [2024-02-12T09:28:49.736+0000] {dag.py:3036} INFO - Sync 1 DAGs
[2024-02-12T09:28:49.741+0000] {logging_mixin.py:188} INFO - [2024-02-12T09:28:49.741+0000] {dag.py:3823} INFO - Setting next_dagrun for spotify-dag to 2024-02-12 00:00:00+00:00, run_after=2024-02-13 00:00:00+00:00
[2024-02-12T09:28:49.746+0000] {processor.py:183} INFO - Processing /Users/rachel/Library/Mobile Documents/com~apple~CloudDocs/Documents/dev/SpotifyETL/airflow/dags/spotify-dag.py took 0.072 seconds
[2024-02-12T09:29:20.487+0000] {processor.py:161} INFO - Started process (PID=34649) to work on /Users/rachel/Library/Mobile Documents/com~apple~CloudDocs/Documents/dev/SpotifyETL/airflow/dags/spotify-dag.py
[2024-02-12T09:29:20.488+0000] {processor.py:830} INFO - Processing file /Users/rachel/Library/Mobile Documents/com~apple~CloudDocs/Documents/dev/SpotifyETL/airflow/dags/spotify-dag.py for tasks to queue
[2024-02-12T09:29:20.488+0000] {logging_mixin.py:188} INFO - [2024-02-12T09:29:20.488+0000] {dagbag.py:538} INFO - Filling up the DagBag from /Users/rachel/Library/Mobile Documents/com~apple~CloudDocs/Documents/dev/SpotifyETL/airflow/dags/spotify-dag.py
[2024-02-12T09:29:20.499+0000] {processor.py:840} INFO - DAG(s) 'spotify-dag' retrieved from /Users/rachel/Library/Mobile Documents/com~apple~CloudDocs/Documents/dev/SpotifyETL/airflow/dags/spotify-dag.py
[2024-02-12T09:29:20.550+0000] {logging_mixin.py:188} INFO - [2024-02-12T09:29:20.550+0000] {dag.py:3036} INFO - Sync 1 DAGs
[2024-02-12T09:29:20.556+0000] {logging_mixin.py:188} INFO - [2024-02-12T09:29:20.556+0000] {dag.py:3823} INFO - Setting next_dagrun for spotify-dag to 2024-02-12 00:00:00+00:00, run_after=2024-02-13 00:00:00+00:00
[2024-02-12T09:29:20.561+0000] {processor.py:183} INFO - Processing /Users/rachel/Library/Mobile Documents/com~apple~CloudDocs/Documents/dev/SpotifyETL/airflow/dags/spotify-dag.py took 0.075 seconds
[2024-02-12T09:29:51.355+0000] {processor.py:161} INFO - Started process (PID=34653) to work on /Users/rachel/Library/Mobile Documents/com~apple~CloudDocs/Documents/dev/SpotifyETL/airflow/dags/spotify-dag.py
[2024-02-12T09:29:51.356+0000] {processor.py:830} INFO - Processing file /Users/rachel/Library/Mobile Documents/com~apple~CloudDocs/Documents/dev/SpotifyETL/airflow/dags/spotify-dag.py for tasks to queue
[2024-02-12T09:29:51.357+0000] {logging_mixin.py:188} INFO - [2024-02-12T09:29:51.357+0000] {dagbag.py:538} INFO - Filling up the DagBag from /Users/rachel/Library/Mobile Documents/com~apple~CloudDocs/Documents/dev/SpotifyETL/airflow/dags/spotify-dag.py
[2024-02-12T09:29:51.367+0000] {processor.py:840} INFO - DAG(s) 'spotify-dag' retrieved from /Users/rachel/Library/Mobile Documents/com~apple~CloudDocs/Documents/dev/SpotifyETL/airflow/dags/spotify-dag.py
[2024-02-12T09:29:51.417+0000] {logging_mixin.py:188} INFO - [2024-02-12T09:29:51.417+0000] {dag.py:3036} INFO - Sync 1 DAGs
[2024-02-12T09:29:51.422+0000] {logging_mixin.py:188} INFO - [2024-02-12T09:29:51.422+0000] {dag.py:3823} INFO - Setting next_dagrun for spotify-dag to 2024-02-12 00:00:00+00:00, run_after=2024-02-13 00:00:00+00:00
[2024-02-12T09:29:51.427+0000] {processor.py:183} INFO - Processing /Users/rachel/Library/Mobile Documents/com~apple~CloudDocs/Documents/dev/SpotifyETL/airflow/dags/spotify-dag.py took 0.072 seconds
