[2024-02-12T08:34:54.202+0000] {processor.py:161} INFO - Started process (PID=29153) to work on /Users/rachel/.local/share/virtualenvs/SpotifyETL-kuoYQhpC/lib/python3.11/site-packages/airflow/example_dags/example_task_group_decorator.py
[2024-02-12T08:34:54.202+0000] {processor.py:830} INFO - Processing file /Users/rachel/.local/share/virtualenvs/SpotifyETL-kuoYQhpC/lib/python3.11/site-packages/airflow/example_dags/example_task_group_decorator.py for tasks to queue
[2024-02-12T08:34:54.203+0000] {logging_mixin.py:188} INFO - [2024-02-12T08:34:54.203+0000] {dagbag.py:538} INFO - Filling up the DagBag from /Users/rachel/.local/share/virtualenvs/SpotifyETL-kuoYQhpC/lib/python3.11/site-packages/airflow/example_dags/example_task_group_decorator.py
[2024-02-12T08:34:54.216+0000] {processor.py:840} INFO - DAG(s) 'example_task_group_decorator' retrieved from /Users/rachel/.local/share/virtualenvs/SpotifyETL-kuoYQhpC/lib/python3.11/site-packages/airflow/example_dags/example_task_group_decorator.py
[2024-02-12T08:34:54.219+0000] {logging_mixin.py:188} INFO - [2024-02-12T08:34:54.219+0000] {dag.py:3036} INFO - Sync 1 DAGs
[2024-02-12T08:34:54.270+0000] {logging_mixin.py:188} INFO - [2024-02-12T08:34:54.269+0000] {dag.py:3823} INFO - Setting next_dagrun for example_task_group_decorator to 2024-02-11 00:00:00+00:00, run_after=2024-02-12 00:00:00+00:00
[2024-02-12T08:34:54.277+0000] {processor.py:183} INFO - Processing /Users/rachel/.local/share/virtualenvs/SpotifyETL-kuoYQhpC/lib/python3.11/site-packages/airflow/example_dags/example_task_group_decorator.py took 0.075 seconds
[2024-02-12T08:40:10.347+0000] {processor.py:161} INFO - Started process (PID=30037) to work on /Users/rachel/.local/share/virtualenvs/SpotifyETL-kuoYQhpC/lib/python3.11/site-packages/airflow/example_dags/example_task_group_decorator.py
[2024-02-12T08:40:10.348+0000] {processor.py:830} INFO - Processing file /Users/rachel/.local/share/virtualenvs/SpotifyETL-kuoYQhpC/lib/python3.11/site-packages/airflow/example_dags/example_task_group_decorator.py for tasks to queue
[2024-02-12T08:40:10.348+0000] {logging_mixin.py:188} INFO - [2024-02-12T08:40:10.348+0000] {dagbag.py:538} INFO - Filling up the DagBag from /Users/rachel/.local/share/virtualenvs/SpotifyETL-kuoYQhpC/lib/python3.11/site-packages/airflow/example_dags/example_task_group_decorator.py
[2024-02-12T08:40:10.362+0000] {processor.py:840} INFO - DAG(s) 'example_task_group_decorator' retrieved from /Users/rachel/.local/share/virtualenvs/SpotifyETL-kuoYQhpC/lib/python3.11/site-packages/airflow/example_dags/example_task_group_decorator.py
[2024-02-12T08:40:10.437+0000] {logging_mixin.py:188} INFO - [2024-02-12T08:40:10.436+0000] {dag.py:3036} INFO - Sync 1 DAGs
[2024-02-12T08:40:10.441+0000] {logging_mixin.py:188} INFO - [2024-02-12T08:40:10.441+0000] {dag.py:3823} INFO - Setting next_dagrun for example_task_group_decorator to 2024-02-11 00:00:00+00:00, run_after=2024-02-12 00:00:00+00:00
[2024-02-12T08:40:10.448+0000] {processor.py:183} INFO - Processing /Users/rachel/.local/share/virtualenvs/SpotifyETL-kuoYQhpC/lib/python3.11/site-packages/airflow/example_dags/example_task_group_decorator.py took 0.101 seconds
[2024-02-12T08:41:30.104+0000] {processor.py:161} INFO - Started process (PID=30093) to work on /Users/rachel/.local/share/virtualenvs/SpotifyETL-kuoYQhpC/lib/python3.11/site-packages/airflow/example_dags/example_task_group_decorator.py
[2024-02-12T08:41:30.105+0000] {processor.py:830} INFO - Processing file /Users/rachel/.local/share/virtualenvs/SpotifyETL-kuoYQhpC/lib/python3.11/site-packages/airflow/example_dags/example_task_group_decorator.py for tasks to queue
[2024-02-12T08:41:30.106+0000] {logging_mixin.py:188} INFO - [2024-02-12T08:41:30.106+0000] {dagbag.py:538} INFO - Filling up the DagBag from /Users/rachel/.local/share/virtualenvs/SpotifyETL-kuoYQhpC/lib/python3.11/site-packages/airflow/example_dags/example_task_group_decorator.py
[2024-02-12T08:41:30.118+0000] {processor.py:840} INFO - DAG(s) 'example_task_group_decorator' retrieved from /Users/rachel/.local/share/virtualenvs/SpotifyETL-kuoYQhpC/lib/python3.11/site-packages/airflow/example_dags/example_task_group_decorator.py
[2024-02-12T08:41:30.162+0000] {logging_mixin.py:188} INFO - [2024-02-12T08:41:30.162+0000] {dag.py:3036} INFO - Sync 1 DAGs
[2024-02-12T08:41:30.167+0000] {logging_mixin.py:188} INFO - [2024-02-12T08:41:30.167+0000] {dag.py:3823} INFO - Setting next_dagrun for example_task_group_decorator to 2024-02-11 00:00:00+00:00, run_after=2024-02-12 00:00:00+00:00
[2024-02-12T08:41:30.172+0000] {processor.py:183} INFO - Processing /Users/rachel/.local/share/virtualenvs/SpotifyETL-kuoYQhpC/lib/python3.11/site-packages/airflow/example_dags/example_task_group_decorator.py took 0.068 seconds
