[2024-02-12T08:34:17.476+0000] {processor.py:161} INFO - Started process (PID=29092) to work on /Users/rachel/.local/share/virtualenvs/SpotifyETL-kuoYQhpC/lib/python3.11/site-packages/airflow/example_dags/example_trigger_target_dag.py
[2024-02-12T08:34:17.477+0000] {processor.py:830} INFO - Processing file /Users/rachel/.local/share/virtualenvs/SpotifyETL-kuoYQhpC/lib/python3.11/site-packages/airflow/example_dags/example_trigger_target_dag.py for tasks to queue
[2024-02-12T08:34:17.477+0000] {logging_mixin.py:188} INFO - [2024-02-12T08:34:17.477+0000] {dagbag.py:538} INFO - Filling up the DagBag from /Users/rachel/.local/share/virtualenvs/SpotifyETL-kuoYQhpC/lib/python3.11/site-packages/airflow/example_dags/example_trigger_target_dag.py
[2024-02-12T08:34:17.488+0000] {processor.py:840} INFO - DAG(s) 'example_trigger_target_dag' retrieved from /Users/rachel/.local/share/virtualenvs/SpotifyETL-kuoYQhpC/lib/python3.11/site-packages/airflow/example_dags/example_trigger_target_dag.py
[2024-02-12T08:34:17.557+0000] {logging_mixin.py:188} INFO - [2024-02-12T08:34:17.557+0000] {override.py:1769} INFO - Created Permission View: can delete on DAG:example_trigger_target_dag
[2024-02-12T08:34:17.560+0000] {logging_mixin.py:188} INFO - [2024-02-12T08:34:17.560+0000] {override.py:1769} INFO - Created Permission View: can read on DAG:example_trigger_target_dag
[2024-02-12T08:34:17.561+0000] {logging_mixin.py:188} INFO - [2024-02-12T08:34:17.561+0000] {override.py:1769} INFO - Created Permission View: can edit on DAG:example_trigger_target_dag
[2024-02-12T08:34:17.561+0000] {logging_mixin.py:188} INFO - [2024-02-12T08:34:17.561+0000] {dag.py:3036} INFO - Sync 1 DAGs
[2024-02-12T08:34:17.564+0000] {logging_mixin.py:188} INFO - [2024-02-12T08:34:17.564+0000] {dag.py:3058} INFO - Creating ORM DAG for example_trigger_target_dag
[2024-02-12T08:34:17.564+0000] {logging_mixin.py:188} INFO - [2024-02-12T08:34:17.564+0000] {dag.py:3823} INFO - Setting next_dagrun for example_trigger_target_dag to None, run_after=None
[2024-02-12T08:34:17.569+0000] {processor.py:183} INFO - Processing /Users/rachel/.local/share/virtualenvs/SpotifyETL-kuoYQhpC/lib/python3.11/site-packages/airflow/example_dags/example_trigger_target_dag.py took 0.093 seconds
[2024-02-12T08:34:49.120+0000] {processor.py:161} INFO - Started process (PID=29147) to work on /Users/rachel/.local/share/virtualenvs/SpotifyETL-kuoYQhpC/lib/python3.11/site-packages/airflow/example_dags/example_trigger_target_dag.py
[2024-02-12T08:34:49.121+0000] {processor.py:830} INFO - Processing file /Users/rachel/.local/share/virtualenvs/SpotifyETL-kuoYQhpC/lib/python3.11/site-packages/airflow/example_dags/example_trigger_target_dag.py for tasks to queue
[2024-02-12T08:34:49.121+0000] {logging_mixin.py:188} INFO - [2024-02-12T08:34:49.121+0000] {dagbag.py:538} INFO - Filling up the DagBag from /Users/rachel/.local/share/virtualenvs/SpotifyETL-kuoYQhpC/lib/python3.11/site-packages/airflow/example_dags/example_trigger_target_dag.py
[2024-02-12T08:34:49.132+0000] {processor.py:840} INFO - DAG(s) 'example_trigger_target_dag' retrieved from /Users/rachel/.local/share/virtualenvs/SpotifyETL-kuoYQhpC/lib/python3.11/site-packages/airflow/example_dags/example_trigger_target_dag.py
[2024-02-12T08:34:49.135+0000] {logging_mixin.py:188} INFO - [2024-02-12T08:34:49.135+0000] {dag.py:3036} INFO - Sync 1 DAGs
[2024-02-12T08:34:49.177+0000] {logging_mixin.py:188} INFO - [2024-02-12T08:34:49.177+0000] {dag.py:3823} INFO - Setting next_dagrun for example_trigger_target_dag to None, run_after=None
[2024-02-12T08:34:49.183+0000] {processor.py:183} INFO - Processing /Users/rachel/.local/share/virtualenvs/SpotifyETL-kuoYQhpC/lib/python3.11/site-packages/airflow/example_dags/example_trigger_target_dag.py took 0.063 seconds
[2024-02-12T08:40:05.093+0000] {processor.py:161} INFO - Started process (PID=30032) to work on /Users/rachel/.local/share/virtualenvs/SpotifyETL-kuoYQhpC/lib/python3.11/site-packages/airflow/example_dags/example_trigger_target_dag.py
[2024-02-12T08:40:05.095+0000] {processor.py:830} INFO - Processing file /Users/rachel/.local/share/virtualenvs/SpotifyETL-kuoYQhpC/lib/python3.11/site-packages/airflow/example_dags/example_trigger_target_dag.py for tasks to queue
[2024-02-12T08:40:05.095+0000] {logging_mixin.py:188} INFO - [2024-02-12T08:40:05.095+0000] {dagbag.py:538} INFO - Filling up the DagBag from /Users/rachel/.local/share/virtualenvs/SpotifyETL-kuoYQhpC/lib/python3.11/site-packages/airflow/example_dags/example_trigger_target_dag.py
[2024-02-12T08:40:05.106+0000] {processor.py:840} INFO - DAG(s) 'example_trigger_target_dag' retrieved from /Users/rachel/.local/share/virtualenvs/SpotifyETL-kuoYQhpC/lib/python3.11/site-packages/airflow/example_dags/example_trigger_target_dag.py
[2024-02-12T08:40:05.179+0000] {logging_mixin.py:188} INFO - [2024-02-12T08:40:05.179+0000] {dag.py:3036} INFO - Sync 1 DAGs
[2024-02-12T08:40:05.181+0000] {logging_mixin.py:188} INFO - [2024-02-12T08:40:05.181+0000] {dag.py:3823} INFO - Setting next_dagrun for example_trigger_target_dag to None, run_after=None
[2024-02-12T08:40:05.188+0000] {processor.py:183} INFO - Processing /Users/rachel/.local/share/virtualenvs/SpotifyETL-kuoYQhpC/lib/python3.11/site-packages/airflow/example_dags/example_trigger_target_dag.py took 0.095 seconds
[2024-02-12T08:41:25.129+0000] {processor.py:161} INFO - Started process (PID=30090) to work on /Users/rachel/.local/share/virtualenvs/SpotifyETL-kuoYQhpC/lib/python3.11/site-packages/airflow/example_dags/example_trigger_target_dag.py
[2024-02-12T08:41:25.130+0000] {processor.py:830} INFO - Processing file /Users/rachel/.local/share/virtualenvs/SpotifyETL-kuoYQhpC/lib/python3.11/site-packages/airflow/example_dags/example_trigger_target_dag.py for tasks to queue
[2024-02-12T08:41:25.130+0000] {logging_mixin.py:188} INFO - [2024-02-12T08:41:25.130+0000] {dagbag.py:538} INFO - Filling up the DagBag from /Users/rachel/.local/share/virtualenvs/SpotifyETL-kuoYQhpC/lib/python3.11/site-packages/airflow/example_dags/example_trigger_target_dag.py
[2024-02-12T08:41:25.141+0000] {processor.py:840} INFO - DAG(s) 'example_trigger_target_dag' retrieved from /Users/rachel/.local/share/virtualenvs/SpotifyETL-kuoYQhpC/lib/python3.11/site-packages/airflow/example_dags/example_trigger_target_dag.py
[2024-02-12T08:41:25.186+0000] {logging_mixin.py:188} INFO - [2024-02-12T08:41:25.185+0000] {dag.py:3036} INFO - Sync 1 DAGs
[2024-02-12T08:41:25.188+0000] {logging_mixin.py:188} INFO - [2024-02-12T08:41:25.188+0000] {dag.py:3823} INFO - Setting next_dagrun for example_trigger_target_dag to None, run_after=None
[2024-02-12T08:41:25.194+0000] {processor.py:183} INFO - Processing /Users/rachel/.local/share/virtualenvs/SpotifyETL-kuoYQhpC/lib/python3.11/site-packages/airflow/example_dags/example_trigger_target_dag.py took 0.065 seconds
