[2024-02-12T08:35:11.835+0000] {processor.py:161} INFO - Started process (PID=29175) to work on /Users/rachel/.local/share/virtualenvs/SpotifyETL-kuoYQhpC/lib/python3.11/site-packages/airflow/example_dags/example_python_operator.py
[2024-02-12T08:35:11.836+0000] {processor.py:830} INFO - Processing file /Users/rachel/.local/share/virtualenvs/SpotifyETL-kuoYQhpC/lib/python3.11/site-packages/airflow/example_dags/example_python_operator.py for tasks to queue
[2024-02-12T08:35:11.836+0000] {logging_mixin.py:188} INFO - [2024-02-12T08:35:11.836+0000] {dagbag.py:538} INFO - Filling up the DagBag from /Users/rachel/.local/share/virtualenvs/SpotifyETL-kuoYQhpC/lib/python3.11/site-packages/airflow/example_dags/example_python_operator.py
[2024-02-12T08:35:11.846+0000] {processor.py:840} INFO - DAG(s) 'example_python_operator' retrieved from /Users/rachel/.local/share/virtualenvs/SpotifyETL-kuoYQhpC/lib/python3.11/site-packages/airflow/example_dags/example_python_operator.py
[2024-02-12T08:35:11.920+0000] {logging_mixin.py:188} INFO - [2024-02-12T08:35:11.920+0000] {dag.py:3036} INFO - Sync 1 DAGs
[2024-02-12T08:35:11.922+0000] {logging_mixin.py:188} INFO - [2024-02-12T08:35:11.922+0000] {dag.py:3823} INFO - Setting next_dagrun for example_python_operator to None, run_after=None
[2024-02-12T08:35:11.929+0000] {processor.py:183} INFO - Processing /Users/rachel/.local/share/virtualenvs/SpotifyETL-kuoYQhpC/lib/python3.11/site-packages/airflow/example_dags/example_python_operator.py took 0.094 seconds
[2024-02-12T08:40:29.078+0000] {processor.py:161} INFO - Started process (PID=30053) to work on /Users/rachel/.local/share/virtualenvs/SpotifyETL-kuoYQhpC/lib/python3.11/site-packages/airflow/example_dags/example_python_operator.py
[2024-02-12T08:40:29.079+0000] {processor.py:830} INFO - Processing file /Users/rachel/.local/share/virtualenvs/SpotifyETL-kuoYQhpC/lib/python3.11/site-packages/airflow/example_dags/example_python_operator.py for tasks to queue
[2024-02-12T08:40:29.080+0000] {logging_mixin.py:188} INFO - [2024-02-12T08:40:29.080+0000] {dagbag.py:538} INFO - Filling up the DagBag from /Users/rachel/.local/share/virtualenvs/SpotifyETL-kuoYQhpC/lib/python3.11/site-packages/airflow/example_dags/example_python_operator.py
[2024-02-12T08:40:29.088+0000] {processor.py:840} INFO - DAG(s) 'example_python_operator' retrieved from /Users/rachel/.local/share/virtualenvs/SpotifyETL-kuoYQhpC/lib/python3.11/site-packages/airflow/example_dags/example_python_operator.py
[2024-02-12T08:40:29.155+0000] {logging_mixin.py:188} INFO - [2024-02-12T08:40:29.154+0000] {dag.py:3036} INFO - Sync 1 DAGs
[2024-02-12T08:40:29.157+0000] {logging_mixin.py:188} INFO - [2024-02-12T08:40:29.157+0000] {dag.py:3823} INFO - Setting next_dagrun for example_python_operator to None, run_after=None
[2024-02-12T08:40:29.162+0000] {processor.py:183} INFO - Processing /Users/rachel/.local/share/virtualenvs/SpotifyETL-kuoYQhpC/lib/python3.11/site-packages/airflow/example_dags/example_python_operator.py took 0.084 seconds
[2024-02-12T08:41:45.480+0000] {processor.py:161} INFO - Started process (PID=30104) to work on /Users/rachel/.local/share/virtualenvs/SpotifyETL-kuoYQhpC/lib/python3.11/site-packages/airflow/example_dags/example_python_operator.py
[2024-02-12T08:41:45.480+0000] {processor.py:830} INFO - Processing file /Users/rachel/.local/share/virtualenvs/SpotifyETL-kuoYQhpC/lib/python3.11/site-packages/airflow/example_dags/example_python_operator.py for tasks to queue
[2024-02-12T08:41:45.480+0000] {logging_mixin.py:188} INFO - [2024-02-12T08:41:45.480+0000] {dagbag.py:538} INFO - Filling up the DagBag from /Users/rachel/.local/share/virtualenvs/SpotifyETL-kuoYQhpC/lib/python3.11/site-packages/airflow/example_dags/example_python_operator.py
[2024-02-12T08:41:45.489+0000] {processor.py:840} INFO - DAG(s) 'example_python_operator' retrieved from /Users/rachel/.local/share/virtualenvs/SpotifyETL-kuoYQhpC/lib/python3.11/site-packages/airflow/example_dags/example_python_operator.py
[2024-02-12T08:41:45.572+0000] {logging_mixin.py:188} INFO - [2024-02-12T08:41:45.572+0000] {dag.py:3036} INFO - Sync 1 DAGs
[2024-02-12T08:41:45.575+0000] {logging_mixin.py:188} INFO - [2024-02-12T08:41:45.574+0000] {dag.py:3823} INFO - Setting next_dagrun for example_python_operator to None, run_after=None
[2024-02-12T08:41:45.580+0000] {processor.py:183} INFO - Processing /Users/rachel/.local/share/virtualenvs/SpotifyETL-kuoYQhpC/lib/python3.11/site-packages/airflow/example_dags/example_python_operator.py took 0.101 seconds
