[2024-02-12T08:34:15.756+0000] {processor.py:161} INFO - Started process (PID=29091) to work on /Users/rachel/.local/share/virtualenvs/SpotifyETL-kuoYQhpC/lib/python3.11/site-packages/airflow/example_dags/example_xcom.py
[2024-02-12T08:34:15.756+0000] {processor.py:830} INFO - Processing file /Users/rachel/.local/share/virtualenvs/SpotifyETL-kuoYQhpC/lib/python3.11/site-packages/airflow/example_dags/example_xcom.py for tasks to queue
[2024-02-12T08:34:15.757+0000] {logging_mixin.py:188} INFO - [2024-02-12T08:34:15.756+0000] {dagbag.py:538} INFO - Filling up the DagBag from /Users/rachel/.local/share/virtualenvs/SpotifyETL-kuoYQhpC/lib/python3.11/site-packages/airflow/example_dags/example_xcom.py
[2024-02-12T08:34:15.768+0000] {processor.py:840} INFO - DAG(s) 'example_xcom' retrieved from /Users/rachel/.local/share/virtualenvs/SpotifyETL-kuoYQhpC/lib/python3.11/site-packages/airflow/example_dags/example_xcom.py
[2024-02-12T08:34:15.838+0000] {logging_mixin.py:188} INFO - [2024-02-12T08:34:15.838+0000] {override.py:1769} INFO - Created Permission View: can edit on DAG:example_xcom
[2024-02-12T08:34:15.840+0000] {logging_mixin.py:188} INFO - [2024-02-12T08:34:15.840+0000] {override.py:1769} INFO - Created Permission View: can read on DAG:example_xcom
[2024-02-12T08:34:15.842+0000] {logging_mixin.py:188} INFO - [2024-02-12T08:34:15.842+0000] {override.py:1769} INFO - Created Permission View: can delete on DAG:example_xcom
[2024-02-12T08:34:15.842+0000] {logging_mixin.py:188} INFO - [2024-02-12T08:34:15.842+0000] {dag.py:3036} INFO - Sync 1 DAGs
[2024-02-12T08:34:15.845+0000] {logging_mixin.py:188} INFO - [2024-02-12T08:34:15.845+0000] {dag.py:3058} INFO - Creating ORM DAG for example_xcom
[2024-02-12T08:34:15.847+0000] {logging_mixin.py:188} INFO - [2024-02-12T08:34:15.847+0000] {dag.py:3823} INFO - Setting next_dagrun for example_xcom to 2021-01-01 00:00:00+00:00, run_after=2021-01-01 00:00:00+00:00
[2024-02-12T08:34:15.853+0000] {processor.py:183} INFO - Processing /Users/rachel/.local/share/virtualenvs/SpotifyETL-kuoYQhpC/lib/python3.11/site-packages/airflow/example_dags/example_xcom.py took 0.098 seconds
[2024-02-12T08:34:47.407+0000] {processor.py:161} INFO - Started process (PID=29146) to work on /Users/rachel/.local/share/virtualenvs/SpotifyETL-kuoYQhpC/lib/python3.11/site-packages/airflow/example_dags/example_xcom.py
[2024-02-12T08:34:47.408+0000] {processor.py:830} INFO - Processing file /Users/rachel/.local/share/virtualenvs/SpotifyETL-kuoYQhpC/lib/python3.11/site-packages/airflow/example_dags/example_xcom.py for tasks to queue
[2024-02-12T08:34:47.408+0000] {logging_mixin.py:188} INFO - [2024-02-12T08:34:47.408+0000] {dagbag.py:538} INFO - Filling up the DagBag from /Users/rachel/.local/share/virtualenvs/SpotifyETL-kuoYQhpC/lib/python3.11/site-packages/airflow/example_dags/example_xcom.py
[2024-02-12T08:34:47.419+0000] {processor.py:840} INFO - DAG(s) 'example_xcom' retrieved from /Users/rachel/.local/share/virtualenvs/SpotifyETL-kuoYQhpC/lib/python3.11/site-packages/airflow/example_dags/example_xcom.py
[2024-02-12T08:34:47.422+0000] {logging_mixin.py:188} INFO - [2024-02-12T08:34:47.422+0000] {dag.py:3036} INFO - Sync 1 DAGs
[2024-02-12T08:34:47.467+0000] {logging_mixin.py:188} INFO - [2024-02-12T08:34:47.467+0000] {dag.py:3823} INFO - Setting next_dagrun for example_xcom to 2021-01-01 00:00:00+00:00, run_after=2021-01-01 00:00:00+00:00
[2024-02-12T08:34:47.472+0000] {processor.py:183} INFO - Processing /Users/rachel/.local/share/virtualenvs/SpotifyETL-kuoYQhpC/lib/python3.11/site-packages/airflow/example_dags/example_xcom.py took 0.065 seconds
[2024-02-12T08:40:03.413+0000] {processor.py:161} INFO - Started process (PID=30031) to work on /Users/rachel/.local/share/virtualenvs/SpotifyETL-kuoYQhpC/lib/python3.11/site-packages/airflow/example_dags/example_xcom.py
[2024-02-12T08:40:03.413+0000] {processor.py:830} INFO - Processing file /Users/rachel/.local/share/virtualenvs/SpotifyETL-kuoYQhpC/lib/python3.11/site-packages/airflow/example_dags/example_xcom.py for tasks to queue
[2024-02-12T08:40:03.414+0000] {logging_mixin.py:188} INFO - [2024-02-12T08:40:03.414+0000] {dagbag.py:538} INFO - Filling up the DagBag from /Users/rachel/.local/share/virtualenvs/SpotifyETL-kuoYQhpC/lib/python3.11/site-packages/airflow/example_dags/example_xcom.py
[2024-02-12T08:40:03.424+0000] {processor.py:840} INFO - DAG(s) 'example_xcom' retrieved from /Users/rachel/.local/share/virtualenvs/SpotifyETL-kuoYQhpC/lib/python3.11/site-packages/airflow/example_dags/example_xcom.py
[2024-02-12T08:40:03.492+0000] {logging_mixin.py:188} INFO - [2024-02-12T08:40:03.491+0000] {dag.py:3036} INFO - Sync 1 DAGs
[2024-02-12T08:40:03.496+0000] {logging_mixin.py:188} INFO - [2024-02-12T08:40:03.496+0000] {dag.py:3823} INFO - Setting next_dagrun for example_xcom to 2021-01-01 00:00:00+00:00, run_after=2021-01-01 00:00:00+00:00
[2024-02-12T08:40:03.501+0000] {processor.py:183} INFO - Processing /Users/rachel/.local/share/virtualenvs/SpotifyETL-kuoYQhpC/lib/python3.11/site-packages/airflow/example_dags/example_xcom.py took 0.089 seconds
[2024-02-12T08:41:23.454+0000] {processor.py:161} INFO - Started process (PID=30089) to work on /Users/rachel/.local/share/virtualenvs/SpotifyETL-kuoYQhpC/lib/python3.11/site-packages/airflow/example_dags/example_xcom.py
[2024-02-12T08:41:23.455+0000] {processor.py:830} INFO - Processing file /Users/rachel/.local/share/virtualenvs/SpotifyETL-kuoYQhpC/lib/python3.11/site-packages/airflow/example_dags/example_xcom.py for tasks to queue
[2024-02-12T08:41:23.455+0000] {logging_mixin.py:188} INFO - [2024-02-12T08:41:23.455+0000] {dagbag.py:538} INFO - Filling up the DagBag from /Users/rachel/.local/share/virtualenvs/SpotifyETL-kuoYQhpC/lib/python3.11/site-packages/airflow/example_dags/example_xcom.py
[2024-02-12T08:41:23.466+0000] {processor.py:840} INFO - DAG(s) 'example_xcom' retrieved from /Users/rachel/.local/share/virtualenvs/SpotifyETL-kuoYQhpC/lib/python3.11/site-packages/airflow/example_dags/example_xcom.py
[2024-02-12T08:41:23.510+0000] {logging_mixin.py:188} INFO - [2024-02-12T08:41:23.509+0000] {dag.py:3036} INFO - Sync 1 DAGs
[2024-02-12T08:41:23.514+0000] {logging_mixin.py:188} INFO - [2024-02-12T08:41:23.514+0000] {dag.py:3823} INFO - Setting next_dagrun for example_xcom to 2021-01-01 00:00:00+00:00, run_after=2021-01-01 00:00:00+00:00
[2024-02-12T08:41:23.520+0000] {processor.py:183} INFO - Processing /Users/rachel/.local/share/virtualenvs/SpotifyETL-kuoYQhpC/lib/python3.11/site-packages/airflow/example_dags/example_xcom.py took 0.066 seconds
