[2024-02-12T08:35:03.163+0000] {processor.py:161} INFO - Started process (PID=29161) to work on /Users/rachel/.local/share/virtualenvs/SpotifyETL-kuoYQhpC/lib/python3.11/site-packages/airflow/example_dags/example_short_circuit_decorator.py
[2024-02-12T08:35:03.164+0000] {processor.py:830} INFO - Processing file /Users/rachel/.local/share/virtualenvs/SpotifyETL-kuoYQhpC/lib/python3.11/site-packages/airflow/example_dags/example_short_circuit_decorator.py for tasks to queue
[2024-02-12T08:35:03.164+0000] {logging_mixin.py:188} INFO - [2024-02-12T08:35:03.164+0000] {dagbag.py:538} INFO - Filling up the DagBag from /Users/rachel/.local/share/virtualenvs/SpotifyETL-kuoYQhpC/lib/python3.11/site-packages/airflow/example_dags/example_short_circuit_decorator.py
[2024-02-12T08:35:03.175+0000] {processor.py:840} INFO - DAG(s) 'example_short_circuit_decorator' retrieved from /Users/rachel/.local/share/virtualenvs/SpotifyETL-kuoYQhpC/lib/python3.11/site-packages/airflow/example_dags/example_short_circuit_decorator.py
[2024-02-12T08:35:03.246+0000] {logging_mixin.py:188} INFO - [2024-02-12T08:35:03.246+0000] {dag.py:3036} INFO - Sync 1 DAGs
[2024-02-12T08:35:03.251+0000] {logging_mixin.py:188} INFO - [2024-02-12T08:35:03.251+0000] {dag.py:3823} INFO - Setting next_dagrun for example_short_circuit_decorator to 2024-02-11 00:00:00+00:00, run_after=2024-02-12 00:00:00+00:00
[2024-02-12T08:35:03.258+0000] {processor.py:183} INFO - Processing /Users/rachel/.local/share/virtualenvs/SpotifyETL-kuoYQhpC/lib/python3.11/site-packages/airflow/example_dags/example_short_circuit_decorator.py took 0.095 seconds
[2024-02-12T08:40:20.573+0000] {processor.py:161} INFO - Started process (PID=30048) to work on /Users/rachel/.local/share/virtualenvs/SpotifyETL-kuoYQhpC/lib/python3.11/site-packages/airflow/example_dags/example_short_circuit_decorator.py
[2024-02-12T08:40:20.574+0000] {processor.py:830} INFO - Processing file /Users/rachel/.local/share/virtualenvs/SpotifyETL-kuoYQhpC/lib/python3.11/site-packages/airflow/example_dags/example_short_circuit_decorator.py for tasks to queue
[2024-02-12T08:40:20.574+0000] {logging_mixin.py:188} INFO - [2024-02-12T08:40:20.574+0000] {dagbag.py:538} INFO - Filling up the DagBag from /Users/rachel/.local/share/virtualenvs/SpotifyETL-kuoYQhpC/lib/python3.11/site-packages/airflow/example_dags/example_short_circuit_decorator.py
[2024-02-12T08:40:20.585+0000] {processor.py:840} INFO - DAG(s) 'example_short_circuit_decorator' retrieved from /Users/rachel/.local/share/virtualenvs/SpotifyETL-kuoYQhpC/lib/python3.11/site-packages/airflow/example_dags/example_short_circuit_decorator.py
[2024-02-12T08:40:20.653+0000] {logging_mixin.py:188} INFO - [2024-02-12T08:40:20.653+0000] {dag.py:3036} INFO - Sync 1 DAGs
[2024-02-12T08:40:20.658+0000] {logging_mixin.py:188} INFO - [2024-02-12T08:40:20.657+0000] {dag.py:3823} INFO - Setting next_dagrun for example_short_circuit_decorator to 2024-02-11 00:00:00+00:00, run_after=2024-02-12 00:00:00+00:00
[2024-02-12T08:40:20.664+0000] {processor.py:183} INFO - Processing /Users/rachel/.local/share/virtualenvs/SpotifyETL-kuoYQhpC/lib/python3.11/site-packages/airflow/example_dags/example_short_circuit_decorator.py took 0.091 seconds
[2024-02-12T08:41:38.118+0000] {processor.py:161} INFO - Started process (PID=30099) to work on /Users/rachel/.local/share/virtualenvs/SpotifyETL-kuoYQhpC/lib/python3.11/site-packages/airflow/example_dags/example_short_circuit_decorator.py
[2024-02-12T08:41:38.119+0000] {processor.py:830} INFO - Processing file /Users/rachel/.local/share/virtualenvs/SpotifyETL-kuoYQhpC/lib/python3.11/site-packages/airflow/example_dags/example_short_circuit_decorator.py for tasks to queue
[2024-02-12T08:41:38.119+0000] {logging_mixin.py:188} INFO - [2024-02-12T08:41:38.119+0000] {dagbag.py:538} INFO - Filling up the DagBag from /Users/rachel/.local/share/virtualenvs/SpotifyETL-kuoYQhpC/lib/python3.11/site-packages/airflow/example_dags/example_short_circuit_decorator.py
[2024-02-12T08:41:38.130+0000] {processor.py:840} INFO - DAG(s) 'example_short_circuit_decorator' retrieved from /Users/rachel/.local/share/virtualenvs/SpotifyETL-kuoYQhpC/lib/python3.11/site-packages/airflow/example_dags/example_short_circuit_decorator.py
[2024-02-12T08:41:38.176+0000] {logging_mixin.py:188} INFO - [2024-02-12T08:41:38.176+0000] {dag.py:3036} INFO - Sync 1 DAGs
[2024-02-12T08:41:38.181+0000] {logging_mixin.py:188} INFO - [2024-02-12T08:41:38.181+0000] {dag.py:3823} INFO - Setting next_dagrun for example_short_circuit_decorator to 2024-02-11 00:00:00+00:00, run_after=2024-02-12 00:00:00+00:00
[2024-02-12T08:41:38.186+0000] {processor.py:183} INFO - Processing /Users/rachel/.local/share/virtualenvs/SpotifyETL-kuoYQhpC/lib/python3.11/site-packages/airflow/example_dags/example_short_circuit_decorator.py took 0.068 seconds
