[2024-02-12T08:34:19.244+0000] {processor.py:161} INFO - Started process (PID=29093) to work on /Users/rachel/.local/share/virtualenvs/SpotifyETL-kuoYQhpC/lib/python3.11/site-packages/airflow/example_dags/example_trigger_controller_dag.py
[2024-02-12T08:34:19.244+0000] {processor.py:830} INFO - Processing file /Users/rachel/.local/share/virtualenvs/SpotifyETL-kuoYQhpC/lib/python3.11/site-packages/airflow/example_dags/example_trigger_controller_dag.py for tasks to queue
[2024-02-12T08:34:19.245+0000] {logging_mixin.py:188} INFO - [2024-02-12T08:34:19.245+0000] {dagbag.py:538} INFO - Filling up the DagBag from /Users/rachel/.local/share/virtualenvs/SpotifyETL-kuoYQhpC/lib/python3.11/site-packages/airflow/example_dags/example_trigger_controller_dag.py
[2024-02-12T08:34:19.249+0000] {processor.py:840} INFO - DAG(s) 'example_trigger_controller_dag' retrieved from /Users/rachel/.local/share/virtualenvs/SpotifyETL-kuoYQhpC/lib/python3.11/site-packages/airflow/example_dags/example_trigger_controller_dag.py
[2024-02-12T08:34:19.320+0000] {logging_mixin.py:188} INFO - [2024-02-12T08:34:19.319+0000] {override.py:1769} INFO - Created Permission View: can read on DAG:example_trigger_controller_dag
[2024-02-12T08:34:19.322+0000] {logging_mixin.py:188} INFO - [2024-02-12T08:34:19.322+0000] {override.py:1769} INFO - Created Permission View: can delete on DAG:example_trigger_controller_dag
[2024-02-12T08:34:19.324+0000] {logging_mixin.py:188} INFO - [2024-02-12T08:34:19.324+0000] {override.py:1769} INFO - Created Permission View: can edit on DAG:example_trigger_controller_dag
[2024-02-12T08:34:19.324+0000] {logging_mixin.py:188} INFO - [2024-02-12T08:34:19.324+0000] {dag.py:3036} INFO - Sync 1 DAGs
[2024-02-12T08:34:19.327+0000] {logging_mixin.py:188} INFO - [2024-02-12T08:34:19.327+0000] {dag.py:3058} INFO - Creating ORM DAG for example_trigger_controller_dag
[2024-02-12T08:34:19.329+0000] {logging_mixin.py:188} INFO - [2024-02-12T08:34:19.329+0000] {dag.py:3823} INFO - Setting next_dagrun for example_trigger_controller_dag to 2021-01-01 00:00:00+00:00, run_after=2021-01-01 00:00:00+00:00
[2024-02-12T08:34:19.335+0000] {processor.py:183} INFO - Processing /Users/rachel/.local/share/virtualenvs/SpotifyETL-kuoYQhpC/lib/python3.11/site-packages/airflow/example_dags/example_trigger_controller_dag.py took 0.091 seconds
[2024-02-12T08:34:50.829+0000] {processor.py:161} INFO - Started process (PID=29148) to work on /Users/rachel/.local/share/virtualenvs/SpotifyETL-kuoYQhpC/lib/python3.11/site-packages/airflow/example_dags/example_trigger_controller_dag.py
[2024-02-12T08:34:50.830+0000] {processor.py:830} INFO - Processing file /Users/rachel/.local/share/virtualenvs/SpotifyETL-kuoYQhpC/lib/python3.11/site-packages/airflow/example_dags/example_trigger_controller_dag.py for tasks to queue
[2024-02-12T08:34:50.830+0000] {logging_mixin.py:188} INFO - [2024-02-12T08:34:50.830+0000] {dagbag.py:538} INFO - Filling up the DagBag from /Users/rachel/.local/share/virtualenvs/SpotifyETL-kuoYQhpC/lib/python3.11/site-packages/airflow/example_dags/example_trigger_controller_dag.py
[2024-02-12T08:34:50.834+0000] {processor.py:840} INFO - DAG(s) 'example_trigger_controller_dag' retrieved from /Users/rachel/.local/share/virtualenvs/SpotifyETL-kuoYQhpC/lib/python3.11/site-packages/airflow/example_dags/example_trigger_controller_dag.py
[2024-02-12T08:34:50.837+0000] {logging_mixin.py:188} INFO - [2024-02-12T08:34:50.837+0000] {dag.py:3036} INFO - Sync 1 DAGs
[2024-02-12T08:34:50.887+0000] {logging_mixin.py:188} INFO - [2024-02-12T08:34:50.887+0000] {dag.py:3823} INFO - Setting next_dagrun for example_trigger_controller_dag to 2021-01-01 00:00:00+00:00, run_after=2021-01-01 00:00:00+00:00
[2024-02-12T08:34:50.894+0000] {processor.py:183} INFO - Processing /Users/rachel/.local/share/virtualenvs/SpotifyETL-kuoYQhpC/lib/python3.11/site-packages/airflow/example_dags/example_trigger_controller_dag.py took 0.066 seconds
[2024-02-12T08:40:06.830+0000] {processor.py:161} INFO - Started process (PID=30033) to work on /Users/rachel/.local/share/virtualenvs/SpotifyETL-kuoYQhpC/lib/python3.11/site-packages/airflow/example_dags/example_trigger_controller_dag.py
[2024-02-12T08:40:06.831+0000] {processor.py:830} INFO - Processing file /Users/rachel/.local/share/virtualenvs/SpotifyETL-kuoYQhpC/lib/python3.11/site-packages/airflow/example_dags/example_trigger_controller_dag.py for tasks to queue
[2024-02-12T08:40:06.831+0000] {logging_mixin.py:188} INFO - [2024-02-12T08:40:06.831+0000] {dagbag.py:538} INFO - Filling up the DagBag from /Users/rachel/.local/share/virtualenvs/SpotifyETL-kuoYQhpC/lib/python3.11/site-packages/airflow/example_dags/example_trigger_controller_dag.py
[2024-02-12T08:40:06.835+0000] {processor.py:840} INFO - DAG(s) 'example_trigger_controller_dag' retrieved from /Users/rachel/.local/share/virtualenvs/SpotifyETL-kuoYQhpC/lib/python3.11/site-packages/airflow/example_dags/example_trigger_controller_dag.py
[2024-02-12T08:40:06.908+0000] {logging_mixin.py:188} INFO - [2024-02-12T08:40:06.908+0000] {dag.py:3036} INFO - Sync 1 DAGs
[2024-02-12T08:40:06.914+0000] {logging_mixin.py:188} INFO - [2024-02-12T08:40:06.914+0000] {dag.py:3823} INFO - Setting next_dagrun for example_trigger_controller_dag to 2021-01-01 00:00:00+00:00, run_after=2021-01-01 00:00:00+00:00
[2024-02-12T08:40:06.924+0000] {processor.py:183} INFO - Processing /Users/rachel/.local/share/virtualenvs/SpotifyETL-kuoYQhpC/lib/python3.11/site-packages/airflow/example_dags/example_trigger_controller_dag.py took 0.094 seconds
[2024-02-12T08:41:26.795+0000] {processor.py:161} INFO - Started process (PID=30091) to work on /Users/rachel/.local/share/virtualenvs/SpotifyETL-kuoYQhpC/lib/python3.11/site-packages/airflow/example_dags/example_trigger_controller_dag.py
[2024-02-12T08:41:26.796+0000] {processor.py:830} INFO - Processing file /Users/rachel/.local/share/virtualenvs/SpotifyETL-kuoYQhpC/lib/python3.11/site-packages/airflow/example_dags/example_trigger_controller_dag.py for tasks to queue
[2024-02-12T08:41:26.797+0000] {logging_mixin.py:188} INFO - [2024-02-12T08:41:26.797+0000] {dagbag.py:538} INFO - Filling up the DagBag from /Users/rachel/.local/share/virtualenvs/SpotifyETL-kuoYQhpC/lib/python3.11/site-packages/airflow/example_dags/example_trigger_controller_dag.py
[2024-02-12T08:41:26.800+0000] {processor.py:840} INFO - DAG(s) 'example_trigger_controller_dag' retrieved from /Users/rachel/.local/share/virtualenvs/SpotifyETL-kuoYQhpC/lib/python3.11/site-packages/airflow/example_dags/example_trigger_controller_dag.py
[2024-02-12T08:41:26.843+0000] {logging_mixin.py:188} INFO - [2024-02-12T08:41:26.843+0000] {dag.py:3036} INFO - Sync 1 DAGs
[2024-02-12T08:41:26.847+0000] {logging_mixin.py:188} INFO - [2024-02-12T08:41:26.847+0000] {dag.py:3823} INFO - Setting next_dagrun for example_trigger_controller_dag to 2021-01-01 00:00:00+00:00, run_after=2021-01-01 00:00:00+00:00
[2024-02-12T08:41:26.853+0000] {processor.py:183} INFO - Processing /Users/rachel/.local/share/virtualenvs/SpotifyETL-kuoYQhpC/lib/python3.11/site-packages/airflow/example_dags/example_trigger_controller_dag.py took 0.058 seconds
