[2024-02-12T08:35:01.028+0000] {processor.py:161} INFO - Started process (PID=29159) to work on /Users/rachel/.local/share/virtualenvs/SpotifyETL-kuoYQhpC/lib/python3.11/site-packages/airflow/example_dags/example_skip_dag.py
[2024-02-12T08:35:01.028+0000] {processor.py:830} INFO - Processing file /Users/rachel/.local/share/virtualenvs/SpotifyETL-kuoYQhpC/lib/python3.11/site-packages/airflow/example_dags/example_skip_dag.py for tasks to queue
[2024-02-12T08:35:01.028+0000] {logging_mixin.py:188} INFO - [2024-02-12T08:35:01.028+0000] {dagbag.py:538} INFO - Filling up the DagBag from /Users/rachel/.local/share/virtualenvs/SpotifyETL-kuoYQhpC/lib/python3.11/site-packages/airflow/example_dags/example_skip_dag.py
[2024-02-12T08:35:01.031+0000] {processor.py:840} INFO - DAG(s) 'example_skip_dag' retrieved from /Users/rachel/.local/share/virtualenvs/SpotifyETL-kuoYQhpC/lib/python3.11/site-packages/airflow/example_dags/example_skip_dag.py
[2024-02-12T08:35:01.117+0000] {logging_mixin.py:188} INFO - [2024-02-12T08:35:01.117+0000] {dag.py:3036} INFO - Sync 1 DAGs
[2024-02-12T08:35:01.122+0000] {logging_mixin.py:188} INFO - [2024-02-12T08:35:01.122+0000] {dag.py:3823} INFO - Setting next_dagrun for example_skip_dag to 2024-02-11 00:00:00+00:00, run_after=2024-02-12 00:00:00+00:00
[2024-02-12T08:35:01.128+0000] {processor.py:183} INFO - Processing /Users/rachel/.local/share/virtualenvs/SpotifyETL-kuoYQhpC/lib/python3.11/site-packages/airflow/example_dags/example_skip_dag.py took 0.101 seconds
[2024-02-12T08:40:17.233+0000] {processor.py:161} INFO - Started process (PID=30046) to work on /Users/rachel/.local/share/virtualenvs/SpotifyETL-kuoYQhpC/lib/python3.11/site-packages/airflow/example_dags/example_skip_dag.py
[2024-02-12T08:40:17.235+0000] {processor.py:830} INFO - Processing file /Users/rachel/.local/share/virtualenvs/SpotifyETL-kuoYQhpC/lib/python3.11/site-packages/airflow/example_dags/example_skip_dag.py for tasks to queue
[2024-02-12T08:40:17.235+0000] {logging_mixin.py:188} INFO - [2024-02-12T08:40:17.235+0000] {dagbag.py:538} INFO - Filling up the DagBag from /Users/rachel/.local/share/virtualenvs/SpotifyETL-kuoYQhpC/lib/python3.11/site-packages/airflow/example_dags/example_skip_dag.py
[2024-02-12T08:40:17.237+0000] {processor.py:840} INFO - DAG(s) 'example_skip_dag' retrieved from /Users/rachel/.local/share/virtualenvs/SpotifyETL-kuoYQhpC/lib/python3.11/site-packages/airflow/example_dags/example_skip_dag.py
[2024-02-12T08:40:17.305+0000] {logging_mixin.py:188} INFO - [2024-02-12T08:40:17.305+0000] {dag.py:3036} INFO - Sync 1 DAGs
[2024-02-12T08:40:17.310+0000] {logging_mixin.py:188} INFO - [2024-02-12T08:40:17.310+0000] {dag.py:3823} INFO - Setting next_dagrun for example_skip_dag to 2024-02-11 00:00:00+00:00, run_after=2024-02-12 00:00:00+00:00
[2024-02-12T08:40:17.315+0000] {processor.py:183} INFO - Processing /Users/rachel/.local/share/virtualenvs/SpotifyETL-kuoYQhpC/lib/python3.11/site-packages/airflow/example_dags/example_skip_dag.py took 0.082 seconds
[2024-02-12T08:41:35.109+0000] {processor.py:161} INFO - Started process (PID=30097) to work on /Users/rachel/.local/share/virtualenvs/SpotifyETL-kuoYQhpC/lib/python3.11/site-packages/airflow/example_dags/example_skip_dag.py
[2024-02-12T08:41:35.110+0000] {processor.py:830} INFO - Processing file /Users/rachel/.local/share/virtualenvs/SpotifyETL-kuoYQhpC/lib/python3.11/site-packages/airflow/example_dags/example_skip_dag.py for tasks to queue
[2024-02-12T08:41:35.110+0000] {logging_mixin.py:188} INFO - [2024-02-12T08:41:35.110+0000] {dagbag.py:538} INFO - Filling up the DagBag from /Users/rachel/.local/share/virtualenvs/SpotifyETL-kuoYQhpC/lib/python3.11/site-packages/airflow/example_dags/example_skip_dag.py
[2024-02-12T08:41:35.113+0000] {processor.py:840} INFO - DAG(s) 'example_skip_dag' retrieved from /Users/rachel/.local/share/virtualenvs/SpotifyETL-kuoYQhpC/lib/python3.11/site-packages/airflow/example_dags/example_skip_dag.py
[2024-02-12T08:41:35.157+0000] {logging_mixin.py:188} INFO - [2024-02-12T08:41:35.157+0000] {dag.py:3036} INFO - Sync 1 DAGs
[2024-02-12T08:41:35.162+0000] {logging_mixin.py:188} INFO - [2024-02-12T08:41:35.162+0000] {dag.py:3823} INFO - Setting next_dagrun for example_skip_dag to 2024-02-11 00:00:00+00:00, run_after=2024-02-12 00:00:00+00:00
[2024-02-12T08:41:35.167+0000] {processor.py:183} INFO - Processing /Users/rachel/.local/share/virtualenvs/SpotifyETL-kuoYQhpC/lib/python3.11/site-packages/airflow/example_dags/example_skip_dag.py took 0.058 seconds
