[2024-02-12T08:35:04.894+0000] {processor.py:161} INFO - Started process (PID=29162) to work on /Users/rachel/.local/share/virtualenvs/SpotifyETL-kuoYQhpC/lib/python3.11/site-packages/airflow/example_dags/example_setup_teardown_taskflow.py
[2024-02-12T08:35:04.895+0000] {processor.py:830} INFO - Processing file /Users/rachel/.local/share/virtualenvs/SpotifyETL-kuoYQhpC/lib/python3.11/site-packages/airflow/example_dags/example_setup_teardown_taskflow.py for tasks to queue
[2024-02-12T08:35:04.895+0000] {logging_mixin.py:188} INFO - [2024-02-12T08:35:04.895+0000] {dagbag.py:538} INFO - Filling up the DagBag from /Users/rachel/.local/share/virtualenvs/SpotifyETL-kuoYQhpC/lib/python3.11/site-packages/airflow/example_dags/example_setup_teardown_taskflow.py
[2024-02-12T08:35:04.907+0000] {processor.py:840} INFO - DAG(s) 'example_setup_teardown_taskflow' retrieved from /Users/rachel/.local/share/virtualenvs/SpotifyETL-kuoYQhpC/lib/python3.11/site-packages/airflow/example_dags/example_setup_teardown_taskflow.py
[2024-02-12T08:35:04.979+0000] {logging_mixin.py:188} INFO - [2024-02-12T08:35:04.978+0000] {dag.py:3036} INFO - Sync 1 DAGs
[2024-02-12T08:35:04.983+0000] {logging_mixin.py:188} INFO - [2024-02-12T08:35:04.983+0000] {dag.py:3823} INFO - Setting next_dagrun for example_setup_teardown_taskflow to 2024-02-11 00:00:00+00:00, run_after=2024-02-12 00:00:00+00:00
[2024-02-12T08:35:04.991+0000] {processor.py:183} INFO - Processing /Users/rachel/.local/share/virtualenvs/SpotifyETL-kuoYQhpC/lib/python3.11/site-packages/airflow/example_dags/example_setup_teardown_taskflow.py took 0.097 seconds
[2024-02-12T08:40:22.302+0000] {processor.py:161} INFO - Started process (PID=30049) to work on /Users/rachel/.local/share/virtualenvs/SpotifyETL-kuoYQhpC/lib/python3.11/site-packages/airflow/example_dags/example_setup_teardown_taskflow.py
[2024-02-12T08:40:22.303+0000] {processor.py:830} INFO - Processing file /Users/rachel/.local/share/virtualenvs/SpotifyETL-kuoYQhpC/lib/python3.11/site-packages/airflow/example_dags/example_setup_teardown_taskflow.py for tasks to queue
[2024-02-12T08:40:22.303+0000] {logging_mixin.py:188} INFO - [2024-02-12T08:40:22.303+0000] {dagbag.py:538} INFO - Filling up the DagBag from /Users/rachel/.local/share/virtualenvs/SpotifyETL-kuoYQhpC/lib/python3.11/site-packages/airflow/example_dags/example_setup_teardown_taskflow.py
[2024-02-12T08:40:22.315+0000] {processor.py:840} INFO - DAG(s) 'example_setup_teardown_taskflow' retrieved from /Users/rachel/.local/share/virtualenvs/SpotifyETL-kuoYQhpC/lib/python3.11/site-packages/airflow/example_dags/example_setup_teardown_taskflow.py
[2024-02-12T08:40:22.385+0000] {logging_mixin.py:188} INFO - [2024-02-12T08:40:22.385+0000] {dag.py:3036} INFO - Sync 1 DAGs
[2024-02-12T08:40:22.389+0000] {logging_mixin.py:188} INFO - [2024-02-12T08:40:22.389+0000] {dag.py:3823} INFO - Setting next_dagrun for example_setup_teardown_taskflow to 2024-02-11 00:00:00+00:00, run_after=2024-02-12 00:00:00+00:00
[2024-02-12T08:40:22.397+0000] {processor.py:183} INFO - Processing /Users/rachel/.local/share/virtualenvs/SpotifyETL-kuoYQhpC/lib/python3.11/site-packages/airflow/example_dags/example_setup_teardown_taskflow.py took 0.094 seconds
[2024-02-12T08:41:39.812+0000] {processor.py:161} INFO - Started process (PID=30100) to work on /Users/rachel/.local/share/virtualenvs/SpotifyETL-kuoYQhpC/lib/python3.11/site-packages/airflow/example_dags/example_setup_teardown_taskflow.py
[2024-02-12T08:41:39.812+0000] {processor.py:830} INFO - Processing file /Users/rachel/.local/share/virtualenvs/SpotifyETL-kuoYQhpC/lib/python3.11/site-packages/airflow/example_dags/example_setup_teardown_taskflow.py for tasks to queue
[2024-02-12T08:41:39.812+0000] {logging_mixin.py:188} INFO - [2024-02-12T08:41:39.812+0000] {dagbag.py:538} INFO - Filling up the DagBag from /Users/rachel/.local/share/virtualenvs/SpotifyETL-kuoYQhpC/lib/python3.11/site-packages/airflow/example_dags/example_setup_teardown_taskflow.py
[2024-02-12T08:41:39.823+0000] {processor.py:840} INFO - DAG(s) 'example_setup_teardown_taskflow' retrieved from /Users/rachel/.local/share/virtualenvs/SpotifyETL-kuoYQhpC/lib/python3.11/site-packages/airflow/example_dags/example_setup_teardown_taskflow.py
[2024-02-12T08:41:39.868+0000] {logging_mixin.py:188} INFO - [2024-02-12T08:41:39.868+0000] {dag.py:3036} INFO - Sync 1 DAGs
[2024-02-12T08:41:39.873+0000] {logging_mixin.py:188} INFO - [2024-02-12T08:41:39.873+0000] {dag.py:3823} INFO - Setting next_dagrun for example_setup_teardown_taskflow to 2024-02-11 00:00:00+00:00, run_after=2024-02-12 00:00:00+00:00
[2024-02-12T08:41:39.878+0000] {processor.py:183} INFO - Processing /Users/rachel/.local/share/virtualenvs/SpotifyETL-kuoYQhpC/lib/python3.11/site-packages/airflow/example_dags/example_setup_teardown_taskflow.py took 0.067 seconds
