[2024-02-12T08:34:55.927+0000] {processor.py:161} INFO - Started process (PID=29154) to work on /Users/rachel/.local/share/virtualenvs/SpotifyETL-kuoYQhpC/lib/python3.11/site-packages/airflow/example_dags/example_task_group.py
[2024-02-12T08:34:55.927+0000] {processor.py:830} INFO - Processing file /Users/rachel/.local/share/virtualenvs/SpotifyETL-kuoYQhpC/lib/python3.11/site-packages/airflow/example_dags/example_task_group.py for tasks to queue
[2024-02-12T08:34:55.928+0000] {logging_mixin.py:188} INFO - [2024-02-12T08:34:55.928+0000] {dagbag.py:538} INFO - Filling up the DagBag from /Users/rachel/.local/share/virtualenvs/SpotifyETL-kuoYQhpC/lib/python3.11/site-packages/airflow/example_dags/example_task_group.py
[2024-02-12T08:34:55.931+0000] {processor.py:840} INFO - DAG(s) 'example_task_group' retrieved from /Users/rachel/.local/share/virtualenvs/SpotifyETL-kuoYQhpC/lib/python3.11/site-packages/airflow/example_dags/example_task_group.py
[2024-02-12T08:34:55.934+0000] {logging_mixin.py:188} INFO - [2024-02-12T08:34:55.934+0000] {dag.py:3036} INFO - Sync 1 DAGs
[2024-02-12T08:34:55.985+0000] {logging_mixin.py:188} INFO - [2024-02-12T08:34:55.985+0000] {dag.py:3823} INFO - Setting next_dagrun for example_task_group to 2024-02-11 00:00:00+00:00, run_after=2024-02-12 00:00:00+00:00
[2024-02-12T08:34:55.992+0000] {processor.py:183} INFO - Processing /Users/rachel/.local/share/virtualenvs/SpotifyETL-kuoYQhpC/lib/python3.11/site-packages/airflow/example_dags/example_task_group.py took 0.065 seconds
[2024-02-12T08:40:12.089+0000] {processor.py:161} INFO - Started process (PID=30038) to work on /Users/rachel/.local/share/virtualenvs/SpotifyETL-kuoYQhpC/lib/python3.11/site-packages/airflow/example_dags/example_task_group.py
[2024-02-12T08:40:12.090+0000] {processor.py:830} INFO - Processing file /Users/rachel/.local/share/virtualenvs/SpotifyETL-kuoYQhpC/lib/python3.11/site-packages/airflow/example_dags/example_task_group.py for tasks to queue
[2024-02-12T08:40:12.090+0000] {logging_mixin.py:188} INFO - [2024-02-12T08:40:12.090+0000] {dagbag.py:538} INFO - Filling up the DagBag from /Users/rachel/.local/share/virtualenvs/SpotifyETL-kuoYQhpC/lib/python3.11/site-packages/airflow/example_dags/example_task_group.py
[2024-02-12T08:40:12.093+0000] {processor.py:840} INFO - DAG(s) 'example_task_group' retrieved from /Users/rachel/.local/share/virtualenvs/SpotifyETL-kuoYQhpC/lib/python3.11/site-packages/airflow/example_dags/example_task_group.py
[2024-02-12T08:40:12.164+0000] {logging_mixin.py:188} INFO - [2024-02-12T08:40:12.164+0000] {dag.py:3036} INFO - Sync 1 DAGs
[2024-02-12T08:40:12.169+0000] {logging_mixin.py:188} INFO - [2024-02-12T08:40:12.169+0000] {dag.py:3823} INFO - Setting next_dagrun for example_task_group to 2024-02-11 00:00:00+00:00, run_after=2024-02-12 00:00:00+00:00
[2024-02-12T08:40:12.174+0000] {processor.py:183} INFO - Processing /Users/rachel/.local/share/virtualenvs/SpotifyETL-kuoYQhpC/lib/python3.11/site-packages/airflow/example_dags/example_task_group.py took 0.085 seconds
[2024-02-12T08:41:30.747+0000] {processor.py:161} INFO - Started process (PID=30094) to work on /Users/rachel/.local/share/virtualenvs/SpotifyETL-kuoYQhpC/lib/python3.11/site-packages/airflow/example_dags/example_task_group.py
[2024-02-12T08:41:30.748+0000] {processor.py:830} INFO - Processing file /Users/rachel/.local/share/virtualenvs/SpotifyETL-kuoYQhpC/lib/python3.11/site-packages/airflow/example_dags/example_task_group.py for tasks to queue
[2024-02-12T08:41:30.748+0000] {logging_mixin.py:188} INFO - [2024-02-12T08:41:30.748+0000] {dagbag.py:538} INFO - Filling up the DagBag from /Users/rachel/.local/share/virtualenvs/SpotifyETL-kuoYQhpC/lib/python3.11/site-packages/airflow/example_dags/example_task_group.py
[2024-02-12T08:41:30.751+0000] {processor.py:840} INFO - DAG(s) 'example_task_group' retrieved from /Users/rachel/.local/share/virtualenvs/SpotifyETL-kuoYQhpC/lib/python3.11/site-packages/airflow/example_dags/example_task_group.py
[2024-02-12T08:41:30.796+0000] {logging_mixin.py:188} INFO - [2024-02-12T08:41:30.796+0000] {dag.py:3036} INFO - Sync 1 DAGs
[2024-02-12T08:41:30.800+0000] {logging_mixin.py:188} INFO - [2024-02-12T08:41:30.800+0000] {dag.py:3823} INFO - Setting next_dagrun for example_task_group to 2024-02-11 00:00:00+00:00, run_after=2024-02-12 00:00:00+00:00
[2024-02-12T08:41:30.806+0000] {processor.py:183} INFO - Processing /Users/rachel/.local/share/virtualenvs/SpotifyETL-kuoYQhpC/lib/python3.11/site-packages/airflow/example_dags/example_task_group.py took 0.059 seconds
