[2024-02-12T08:35:06.616+0000] {processor.py:161} INFO - Started process (PID=29165) to work on /Users/rachel/.local/share/virtualenvs/SpotifyETL-kuoYQhpC/lib/python3.11/site-packages/airflow/example_dags/example_setup_teardown.py
[2024-02-12T08:35:06.616+0000] {processor.py:830} INFO - Processing file /Users/rachel/.local/share/virtualenvs/SpotifyETL-kuoYQhpC/lib/python3.11/site-packages/airflow/example_dags/example_setup_teardown.py for tasks to queue
[2024-02-12T08:35:06.617+0000] {logging_mixin.py:188} INFO - [2024-02-12T08:35:06.617+0000] {dagbag.py:538} INFO - Filling up the DagBag from /Users/rachel/.local/share/virtualenvs/SpotifyETL-kuoYQhpC/lib/python3.11/site-packages/airflow/example_dags/example_setup_teardown.py
[2024-02-12T08:35:06.620+0000] {processor.py:840} INFO - DAG(s) 'example_setup_teardown' retrieved from /Users/rachel/.local/share/virtualenvs/SpotifyETL-kuoYQhpC/lib/python3.11/site-packages/airflow/example_dags/example_setup_teardown.py
[2024-02-12T08:35:06.691+0000] {logging_mixin.py:188} INFO - [2024-02-12T08:35:06.691+0000] {dag.py:3036} INFO - Sync 1 DAGs
[2024-02-12T08:35:06.696+0000] {logging_mixin.py:188} INFO - [2024-02-12T08:35:06.696+0000] {dag.py:3823} INFO - Setting next_dagrun for example_setup_teardown to 2024-02-11 00:00:00+00:00, run_after=2024-02-12 00:00:00+00:00
[2024-02-12T08:35:06.702+0000] {processor.py:183} INFO - Processing /Users/rachel/.local/share/virtualenvs/SpotifyETL-kuoYQhpC/lib/python3.11/site-packages/airflow/example_dags/example_setup_teardown.py took 0.086 seconds
[2024-02-12T08:40:24.022+0000] {processor.py:161} INFO - Started process (PID=30050) to work on /Users/rachel/.local/share/virtualenvs/SpotifyETL-kuoYQhpC/lib/python3.11/site-packages/airflow/example_dags/example_setup_teardown.py
[2024-02-12T08:40:24.023+0000] {processor.py:830} INFO - Processing file /Users/rachel/.local/share/virtualenvs/SpotifyETL-kuoYQhpC/lib/python3.11/site-packages/airflow/example_dags/example_setup_teardown.py for tasks to queue
[2024-02-12T08:40:24.023+0000] {logging_mixin.py:188} INFO - [2024-02-12T08:40:24.023+0000] {dagbag.py:538} INFO - Filling up the DagBag from /Users/rachel/.local/share/virtualenvs/SpotifyETL-kuoYQhpC/lib/python3.11/site-packages/airflow/example_dags/example_setup_teardown.py
[2024-02-12T08:40:24.026+0000] {processor.py:840} INFO - DAG(s) 'example_setup_teardown' retrieved from /Users/rachel/.local/share/virtualenvs/SpotifyETL-kuoYQhpC/lib/python3.11/site-packages/airflow/example_dags/example_setup_teardown.py
[2024-02-12T08:40:24.095+0000] {logging_mixin.py:188} INFO - [2024-02-12T08:40:24.095+0000] {dag.py:3036} INFO - Sync 1 DAGs
[2024-02-12T08:40:24.100+0000] {logging_mixin.py:188} INFO - [2024-02-12T08:40:24.100+0000] {dag.py:3823} INFO - Setting next_dagrun for example_setup_teardown to 2024-02-11 00:00:00+00:00, run_after=2024-02-12 00:00:00+00:00
[2024-02-12T08:40:24.105+0000] {processor.py:183} INFO - Processing /Users/rachel/.local/share/virtualenvs/SpotifyETL-kuoYQhpC/lib/python3.11/site-packages/airflow/example_dags/example_setup_teardown.py took 0.084 seconds
[2024-02-12T08:41:40.785+0000] {processor.py:161} INFO - Started process (PID=30101) to work on /Users/rachel/.local/share/virtualenvs/SpotifyETL-kuoYQhpC/lib/python3.11/site-packages/airflow/example_dags/example_setup_teardown.py
[2024-02-12T08:41:40.786+0000] {processor.py:830} INFO - Processing file /Users/rachel/.local/share/virtualenvs/SpotifyETL-kuoYQhpC/lib/python3.11/site-packages/airflow/example_dags/example_setup_teardown.py for tasks to queue
[2024-02-12T08:41:40.786+0000] {logging_mixin.py:188} INFO - [2024-02-12T08:41:40.786+0000] {dagbag.py:538} INFO - Filling up the DagBag from /Users/rachel/.local/share/virtualenvs/SpotifyETL-kuoYQhpC/lib/python3.11/site-packages/airflow/example_dags/example_setup_teardown.py
[2024-02-12T08:41:40.788+0000] {processor.py:840} INFO - DAG(s) 'example_setup_teardown' retrieved from /Users/rachel/.local/share/virtualenvs/SpotifyETL-kuoYQhpC/lib/python3.11/site-packages/airflow/example_dags/example_setup_teardown.py
[2024-02-12T08:41:40.834+0000] {logging_mixin.py:188} INFO - [2024-02-12T08:41:40.834+0000] {dag.py:3036} INFO - Sync 1 DAGs
[2024-02-12T08:41:40.839+0000] {logging_mixin.py:188} INFO - [2024-02-12T08:41:40.839+0000] {dag.py:3823} INFO - Setting next_dagrun for example_setup_teardown to 2024-02-11 00:00:00+00:00, run_after=2024-02-12 00:00:00+00:00
[2024-02-12T08:41:40.844+0000] {processor.py:183} INFO - Processing /Users/rachel/.local/share/virtualenvs/SpotifyETL-kuoYQhpC/lib/python3.11/site-packages/airflow/example_dags/example_setup_teardown.py took 0.060 seconds
