[2024-02-12T08:35:02.425+0000] {processor.py:161} INFO - Started process (PID=29160) to work on /Users/rachel/.local/share/virtualenvs/SpotifyETL-kuoYQhpC/lib/python3.11/site-packages/airflow/example_dags/example_short_circuit_operator.py
[2024-02-12T08:35:02.426+0000] {processor.py:830} INFO - Processing file /Users/rachel/.local/share/virtualenvs/SpotifyETL-kuoYQhpC/lib/python3.11/site-packages/airflow/example_dags/example_short_circuit_operator.py for tasks to queue
[2024-02-12T08:35:02.426+0000] {logging_mixin.py:188} INFO - [2024-02-12T08:35:02.426+0000] {dagbag.py:538} INFO - Filling up the DagBag from /Users/rachel/.local/share/virtualenvs/SpotifyETL-kuoYQhpC/lib/python3.11/site-packages/airflow/example_dags/example_short_circuit_operator.py
[2024-02-12T08:35:02.435+0000] {processor.py:840} INFO - DAG(s) 'example_short_circuit_operator' retrieved from /Users/rachel/.local/share/virtualenvs/SpotifyETL-kuoYQhpC/lib/python3.11/site-packages/airflow/example_dags/example_short_circuit_operator.py
[2024-02-12T08:35:02.505+0000] {logging_mixin.py:188} INFO - [2024-02-12T08:35:02.505+0000] {dag.py:3036} INFO - Sync 1 DAGs
[2024-02-12T08:35:02.509+0000] {logging_mixin.py:188} INFO - [2024-02-12T08:35:02.509+0000] {dag.py:3823} INFO - Setting next_dagrun for example_short_circuit_operator to 2024-02-11 00:00:00+00:00, run_after=2024-02-12 00:00:00+00:00
[2024-02-12T08:35:02.515+0000] {processor.py:183} INFO - Processing /Users/rachel/.local/share/virtualenvs/SpotifyETL-kuoYQhpC/lib/python3.11/site-packages/airflow/example_dags/example_short_circuit_operator.py took 0.090 seconds
[2024-02-12T08:40:18.880+0000] {processor.py:161} INFO - Started process (PID=30047) to work on /Users/rachel/.local/share/virtualenvs/SpotifyETL-kuoYQhpC/lib/python3.11/site-packages/airflow/example_dags/example_short_circuit_operator.py
[2024-02-12T08:40:18.881+0000] {processor.py:830} INFO - Processing file /Users/rachel/.local/share/virtualenvs/SpotifyETL-kuoYQhpC/lib/python3.11/site-packages/airflow/example_dags/example_short_circuit_operator.py for tasks to queue
[2024-02-12T08:40:18.881+0000] {logging_mixin.py:188} INFO - [2024-02-12T08:40:18.881+0000] {dagbag.py:538} INFO - Filling up the DagBag from /Users/rachel/.local/share/virtualenvs/SpotifyETL-kuoYQhpC/lib/python3.11/site-packages/airflow/example_dags/example_short_circuit_operator.py
[2024-02-12T08:40:18.889+0000] {processor.py:840} INFO - DAG(s) 'example_short_circuit_operator' retrieved from /Users/rachel/.local/share/virtualenvs/SpotifyETL-kuoYQhpC/lib/python3.11/site-packages/airflow/example_dags/example_short_circuit_operator.py
[2024-02-12T08:40:18.955+0000] {logging_mixin.py:188} INFO - [2024-02-12T08:40:18.955+0000] {dag.py:3036} INFO - Sync 1 DAGs
[2024-02-12T08:40:18.959+0000] {logging_mixin.py:188} INFO - [2024-02-12T08:40:18.959+0000] {dag.py:3823} INFO - Setting next_dagrun for example_short_circuit_operator to 2024-02-11 00:00:00+00:00, run_after=2024-02-12 00:00:00+00:00
[2024-02-12T08:40:18.965+0000] {processor.py:183} INFO - Processing /Users/rachel/.local/share/virtualenvs/SpotifyETL-kuoYQhpC/lib/python3.11/site-packages/airflow/example_dags/example_short_circuit_operator.py took 0.085 seconds
[2024-02-12T08:41:36.419+0000] {processor.py:161} INFO - Started process (PID=30098) to work on /Users/rachel/.local/share/virtualenvs/SpotifyETL-kuoYQhpC/lib/python3.11/site-packages/airflow/example_dags/example_short_circuit_operator.py
[2024-02-12T08:41:36.420+0000] {processor.py:830} INFO - Processing file /Users/rachel/.local/share/virtualenvs/SpotifyETL-kuoYQhpC/lib/python3.11/site-packages/airflow/example_dags/example_short_circuit_operator.py for tasks to queue
[2024-02-12T08:41:36.421+0000] {logging_mixin.py:188} INFO - [2024-02-12T08:41:36.420+0000] {dagbag.py:538} INFO - Filling up the DagBag from /Users/rachel/.local/share/virtualenvs/SpotifyETL-kuoYQhpC/lib/python3.11/site-packages/airflow/example_dags/example_short_circuit_operator.py
[2024-02-12T08:41:36.428+0000] {processor.py:840} INFO - DAG(s) 'example_short_circuit_operator' retrieved from /Users/rachel/.local/share/virtualenvs/SpotifyETL-kuoYQhpC/lib/python3.11/site-packages/airflow/example_dags/example_short_circuit_operator.py
[2024-02-12T08:41:36.475+0000] {logging_mixin.py:188} INFO - [2024-02-12T08:41:36.474+0000] {dag.py:3036} INFO - Sync 1 DAGs
[2024-02-12T08:41:36.479+0000] {logging_mixin.py:188} INFO - [2024-02-12T08:41:36.479+0000] {dag.py:3823} INFO - Setting next_dagrun for example_short_circuit_operator to 2024-02-11 00:00:00+00:00, run_after=2024-02-12 00:00:00+00:00
[2024-02-12T08:41:36.485+0000] {processor.py:183} INFO - Processing /Users/rachel/.local/share/virtualenvs/SpotifyETL-kuoYQhpC/lib/python3.11/site-packages/airflow/example_dags/example_short_circuit_operator.py took 0.066 seconds
