[2024-02-12T08:34:59.352+0000] {processor.py:161} INFO - Started process (PID=29158) to work on /Users/rachel/.local/share/virtualenvs/SpotifyETL-kuoYQhpC/lib/python3.11/site-packages/airflow/example_dags/example_sla_dag.py
[2024-02-12T08:34:59.353+0000] {processor.py:830} INFO - Processing file /Users/rachel/.local/share/virtualenvs/SpotifyETL-kuoYQhpC/lib/python3.11/site-packages/airflow/example_dags/example_sla_dag.py for tasks to queue
[2024-02-12T08:34:59.353+0000] {logging_mixin.py:188} INFO - [2024-02-12T08:34:59.353+0000] {dagbag.py:538} INFO - Filling up the DagBag from /Users/rachel/.local/share/virtualenvs/SpotifyETL-kuoYQhpC/lib/python3.11/site-packages/airflow/example_dags/example_sla_dag.py
[2024-02-12T08:34:59.364+0000] {processor.py:840} INFO - DAG(s) 'example_sla_dag' retrieved from /Users/rachel/.local/share/virtualenvs/SpotifyETL-kuoYQhpC/lib/python3.11/site-packages/airflow/example_dags/example_sla_dag.py
[2024-02-12T08:34:59.367+0000] {logging_mixin.py:188} INFO - [2024-02-12T08:34:59.367+0000] {dag.py:3036} INFO - Sync 1 DAGs
[2024-02-12T08:34:59.412+0000] {logging_mixin.py:188} INFO - [2024-02-12T08:34:59.412+0000] {dag.py:3823} INFO - Setting next_dagrun for example_sla_dag to 2024-02-12 08:32:00+00:00, run_after=2024-02-12 08:34:00+00:00
[2024-02-12T08:34:59.418+0000] {processor.py:183} INFO - Processing /Users/rachel/.local/share/virtualenvs/SpotifyETL-kuoYQhpC/lib/python3.11/site-packages/airflow/example_dags/example_sla_dag.py took 0.066 seconds
[2024-02-12T08:40:15.537+0000] {processor.py:161} INFO - Started process (PID=30045) to work on /Users/rachel/.local/share/virtualenvs/SpotifyETL-kuoYQhpC/lib/python3.11/site-packages/airflow/example_dags/example_sla_dag.py
[2024-02-12T08:40:15.538+0000] {processor.py:830} INFO - Processing file /Users/rachel/.local/share/virtualenvs/SpotifyETL-kuoYQhpC/lib/python3.11/site-packages/airflow/example_dags/example_sla_dag.py for tasks to queue
[2024-02-12T08:40:15.538+0000] {logging_mixin.py:188} INFO - [2024-02-12T08:40:15.538+0000] {dagbag.py:538} INFO - Filling up the DagBag from /Users/rachel/.local/share/virtualenvs/SpotifyETL-kuoYQhpC/lib/python3.11/site-packages/airflow/example_dags/example_sla_dag.py
[2024-02-12T08:40:15.549+0000] {processor.py:840} INFO - DAG(s) 'example_sla_dag' retrieved from /Users/rachel/.local/share/virtualenvs/SpotifyETL-kuoYQhpC/lib/python3.11/site-packages/airflow/example_dags/example_sla_dag.py
[2024-02-12T08:40:15.617+0000] {logging_mixin.py:188} INFO - [2024-02-12T08:40:15.616+0000] {dag.py:3036} INFO - Sync 1 DAGs
[2024-02-12T08:40:15.622+0000] {logging_mixin.py:188} INFO - [2024-02-12T08:40:15.622+0000] {dag.py:3823} INFO - Setting next_dagrun for example_sla_dag to 2024-02-12 08:38:00+00:00, run_after=2024-02-12 08:40:00+00:00
[2024-02-12T08:40:15.628+0000] {processor.py:183} INFO - Processing /Users/rachel/.local/share/virtualenvs/SpotifyETL-kuoYQhpC/lib/python3.11/site-packages/airflow/example_dags/example_sla_dag.py took 0.091 seconds
[2024-02-12T08:41:34.088+0000] {processor.py:161} INFO - Started process (PID=30096) to work on /Users/rachel/.local/share/virtualenvs/SpotifyETL-kuoYQhpC/lib/python3.11/site-packages/airflow/example_dags/example_sla_dag.py
[2024-02-12T08:41:34.088+0000] {processor.py:830} INFO - Processing file /Users/rachel/.local/share/virtualenvs/SpotifyETL-kuoYQhpC/lib/python3.11/site-packages/airflow/example_dags/example_sla_dag.py for tasks to queue
[2024-02-12T08:41:34.088+0000] {logging_mixin.py:188} INFO - [2024-02-12T08:41:34.088+0000] {dagbag.py:538} INFO - Filling up the DagBag from /Users/rachel/.local/share/virtualenvs/SpotifyETL-kuoYQhpC/lib/python3.11/site-packages/airflow/example_dags/example_sla_dag.py
[2024-02-12T08:41:34.099+0000] {processor.py:840} INFO - DAG(s) 'example_sla_dag' retrieved from /Users/rachel/.local/share/virtualenvs/SpotifyETL-kuoYQhpC/lib/python3.11/site-packages/airflow/example_dags/example_sla_dag.py
[2024-02-12T08:41:34.146+0000] {logging_mixin.py:188} INFO - [2024-02-12T08:41:34.146+0000] {dag.py:3036} INFO - Sync 1 DAGs
[2024-02-12T08:41:34.152+0000] {logging_mixin.py:188} INFO - [2024-02-12T08:41:34.152+0000] {dag.py:3823} INFO - Setting next_dagrun for example_sla_dag to 2024-02-12 08:38:00+00:00, run_after=2024-02-12 08:40:00+00:00
[2024-02-12T08:41:34.157+0000] {processor.py:183} INFO - Processing /Users/rachel/.local/share/virtualenvs/SpotifyETL-kuoYQhpC/lib/python3.11/site-packages/airflow/example_dags/example_sla_dag.py took 0.070 seconds
