[2024-02-12T08:35:10.104+0000] {processor.py:161} INFO - Started process (PID=29172) to work on /Users/rachel/.local/share/virtualenvs/SpotifyETL-kuoYQhpC/lib/python3.11/site-packages/airflow/example_dags/example_sensor_decorator.py
[2024-02-12T08:35:10.105+0000] {processor.py:830} INFO - Processing file /Users/rachel/.local/share/virtualenvs/SpotifyETL-kuoYQhpC/lib/python3.11/site-packages/airflow/example_dags/example_sensor_decorator.py for tasks to queue
[2024-02-12T08:35:10.105+0000] {logging_mixin.py:188} INFO - [2024-02-12T08:35:10.105+0000] {dagbag.py:538} INFO - Filling up the DagBag from /Users/rachel/.local/share/virtualenvs/SpotifyETL-kuoYQhpC/lib/python3.11/site-packages/airflow/example_dags/example_sensor_decorator.py
[2024-02-12T08:35:10.115+0000] {processor.py:840} INFO - DAG(s) 'example_sensor_decorator' retrieved from /Users/rachel/.local/share/virtualenvs/SpotifyETL-kuoYQhpC/lib/python3.11/site-packages/airflow/example_dags/example_sensor_decorator.py
[2024-02-12T08:35:10.192+0000] {logging_mixin.py:188} INFO - [2024-02-12T08:35:10.192+0000] {dag.py:3036} INFO - Sync 1 DAGs
[2024-02-12T08:35:10.194+0000] {logging_mixin.py:188} INFO - [2024-02-12T08:35:10.194+0000] {dag.py:3823} INFO - Setting next_dagrun for example_sensor_decorator to None, run_after=None
[2024-02-12T08:35:10.201+0000] {processor.py:183} INFO - Processing /Users/rachel/.local/share/virtualenvs/SpotifyETL-kuoYQhpC/lib/python3.11/site-packages/airflow/example_dags/example_sensor_decorator.py took 0.097 seconds
[2024-02-12T08:40:27.398+0000] {processor.py:161} INFO - Started process (PID=30052) to work on /Users/rachel/.local/share/virtualenvs/SpotifyETL-kuoYQhpC/lib/python3.11/site-packages/airflow/example_dags/example_sensor_decorator.py
[2024-02-12T08:40:27.399+0000] {processor.py:830} INFO - Processing file /Users/rachel/.local/share/virtualenvs/SpotifyETL-kuoYQhpC/lib/python3.11/site-packages/airflow/example_dags/example_sensor_decorator.py for tasks to queue
[2024-02-12T08:40:27.399+0000] {logging_mixin.py:188} INFO - [2024-02-12T08:40:27.399+0000] {dagbag.py:538} INFO - Filling up the DagBag from /Users/rachel/.local/share/virtualenvs/SpotifyETL-kuoYQhpC/lib/python3.11/site-packages/airflow/example_dags/example_sensor_decorator.py
[2024-02-12T08:40:27.409+0000] {processor.py:840} INFO - DAG(s) 'example_sensor_decorator' retrieved from /Users/rachel/.local/share/virtualenvs/SpotifyETL-kuoYQhpC/lib/python3.11/site-packages/airflow/example_dags/example_sensor_decorator.py
[2024-02-12T08:40:27.476+0000] {logging_mixin.py:188} INFO - [2024-02-12T08:40:27.476+0000] {dag.py:3036} INFO - Sync 1 DAGs
[2024-02-12T08:40:27.479+0000] {logging_mixin.py:188} INFO - [2024-02-12T08:40:27.479+0000] {dag.py:3823} INFO - Setting next_dagrun for example_sensor_decorator to None, run_after=None
[2024-02-12T08:40:27.484+0000] {processor.py:183} INFO - Processing /Users/rachel/.local/share/virtualenvs/SpotifyETL-kuoYQhpC/lib/python3.11/site-packages/airflow/example_dags/example_sensor_decorator.py took 0.086 seconds
[2024-02-12T08:41:43.793+0000] {processor.py:161} INFO - Started process (PID=30103) to work on /Users/rachel/.local/share/virtualenvs/SpotifyETL-kuoYQhpC/lib/python3.11/site-packages/airflow/example_dags/example_sensor_decorator.py
[2024-02-12T08:41:43.793+0000] {processor.py:830} INFO - Processing file /Users/rachel/.local/share/virtualenvs/SpotifyETL-kuoYQhpC/lib/python3.11/site-packages/airflow/example_dags/example_sensor_decorator.py for tasks to queue
[2024-02-12T08:41:43.794+0000] {logging_mixin.py:188} INFO - [2024-02-12T08:41:43.794+0000] {dagbag.py:538} INFO - Filling up the DagBag from /Users/rachel/.local/share/virtualenvs/SpotifyETL-kuoYQhpC/lib/python3.11/site-packages/airflow/example_dags/example_sensor_decorator.py
[2024-02-12T08:41:43.804+0000] {processor.py:840} INFO - DAG(s) 'example_sensor_decorator' retrieved from /Users/rachel/.local/share/virtualenvs/SpotifyETL-kuoYQhpC/lib/python3.11/site-packages/airflow/example_dags/example_sensor_decorator.py
[2024-02-12T08:41:43.850+0000] {logging_mixin.py:188} INFO - [2024-02-12T08:41:43.850+0000] {dag.py:3036} INFO - Sync 1 DAGs
[2024-02-12T08:41:43.853+0000] {logging_mixin.py:188} INFO - [2024-02-12T08:41:43.853+0000] {dag.py:3823} INFO - Setting next_dagrun for example_sensor_decorator to None, run_after=None
[2024-02-12T08:41:43.858+0000] {processor.py:183} INFO - Processing /Users/rachel/.local/share/virtualenvs/SpotifyETL-kuoYQhpC/lib/python3.11/site-packages/airflow/example_dags/example_sensor_decorator.py took 0.066 seconds
