[2024-02-12T08:34:52.494+0000] {processor.py:161} INFO - Started process (PID=29152) to work on /Users/rachel/.local/share/virtualenvs/SpotifyETL-kuoYQhpC/lib/python3.11/site-packages/airflow/example_dags/example_time_delta_sensor_async.py
[2024-02-12T08:34:52.494+0000] {processor.py:830} INFO - Processing file /Users/rachel/.local/share/virtualenvs/SpotifyETL-kuoYQhpC/lib/python3.11/site-packages/airflow/example_dags/example_time_delta_sensor_async.py for tasks to queue
[2024-02-12T08:34:52.495+0000] {logging_mixin.py:188} INFO - [2024-02-12T08:34:52.495+0000] {dagbag.py:538} INFO - Filling up the DagBag from /Users/rachel/.local/share/virtualenvs/SpotifyETL-kuoYQhpC/lib/python3.11/site-packages/airflow/example_dags/example_time_delta_sensor_async.py
[2024-02-12T08:34:52.498+0000] {processor.py:840} INFO - DAG(s) 'example_time_delta_sensor_async' retrieved from /Users/rachel/.local/share/virtualenvs/SpotifyETL-kuoYQhpC/lib/python3.11/site-packages/airflow/example_dags/example_time_delta_sensor_async.py
[2024-02-12T08:34:52.501+0000] {logging_mixin.py:188} INFO - [2024-02-12T08:34:52.501+0000] {dag.py:3036} INFO - Sync 1 DAGs
[2024-02-12T08:34:52.547+0000] {logging_mixin.py:188} INFO - [2024-02-12T08:34:52.547+0000] {dag.py:3823} INFO - Setting next_dagrun for example_time_delta_sensor_async to None, run_after=None
[2024-02-12T08:34:52.554+0000] {processor.py:183} INFO - Processing /Users/rachel/.local/share/virtualenvs/SpotifyETL-kuoYQhpC/lib/python3.11/site-packages/airflow/example_dags/example_time_delta_sensor_async.py took 0.060 seconds
[2024-02-12T08:40:08.653+0000] {processor.py:161} INFO - Started process (PID=30036) to work on /Users/rachel/.local/share/virtualenvs/SpotifyETL-kuoYQhpC/lib/python3.11/site-packages/airflow/example_dags/example_time_delta_sensor_async.py
[2024-02-12T08:40:08.654+0000] {processor.py:830} INFO - Processing file /Users/rachel/.local/share/virtualenvs/SpotifyETL-kuoYQhpC/lib/python3.11/site-packages/airflow/example_dags/example_time_delta_sensor_async.py for tasks to queue
[2024-02-12T08:40:08.654+0000] {logging_mixin.py:188} INFO - [2024-02-12T08:40:08.654+0000] {dagbag.py:538} INFO - Filling up the DagBag from /Users/rachel/.local/share/virtualenvs/SpotifyETL-kuoYQhpC/lib/python3.11/site-packages/airflow/example_dags/example_time_delta_sensor_async.py
[2024-02-12T08:40:08.656+0000] {processor.py:840} INFO - DAG(s) 'example_time_delta_sensor_async' retrieved from /Users/rachel/.local/share/virtualenvs/SpotifyETL-kuoYQhpC/lib/python3.11/site-packages/airflow/example_dags/example_time_delta_sensor_async.py
[2024-02-12T08:40:08.732+0000] {logging_mixin.py:188} INFO - [2024-02-12T08:40:08.731+0000] {dag.py:3036} INFO - Sync 1 DAGs
[2024-02-12T08:40:08.734+0000] {logging_mixin.py:188} INFO - [2024-02-12T08:40:08.734+0000] {dag.py:3823} INFO - Setting next_dagrun for example_time_delta_sensor_async to None, run_after=None
[2024-02-12T08:40:08.740+0000] {processor.py:183} INFO - Processing /Users/rachel/.local/share/virtualenvs/SpotifyETL-kuoYQhpC/lib/python3.11/site-packages/airflow/example_dags/example_time_delta_sensor_async.py took 0.088 seconds
[2024-02-12T08:41:28.457+0000] {processor.py:161} INFO - Started process (PID=30092) to work on /Users/rachel/.local/share/virtualenvs/SpotifyETL-kuoYQhpC/lib/python3.11/site-packages/airflow/example_dags/example_time_delta_sensor_async.py
[2024-02-12T08:41:28.458+0000] {processor.py:830} INFO - Processing file /Users/rachel/.local/share/virtualenvs/SpotifyETL-kuoYQhpC/lib/python3.11/site-packages/airflow/example_dags/example_time_delta_sensor_async.py for tasks to queue
[2024-02-12T08:41:28.458+0000] {logging_mixin.py:188} INFO - [2024-02-12T08:41:28.458+0000] {dagbag.py:538} INFO - Filling up the DagBag from /Users/rachel/.local/share/virtualenvs/SpotifyETL-kuoYQhpC/lib/python3.11/site-packages/airflow/example_dags/example_time_delta_sensor_async.py
[2024-02-12T08:41:28.461+0000] {processor.py:840} INFO - DAG(s) 'example_time_delta_sensor_async' retrieved from /Users/rachel/.local/share/virtualenvs/SpotifyETL-kuoYQhpC/lib/python3.11/site-packages/airflow/example_dags/example_time_delta_sensor_async.py
[2024-02-12T08:41:28.507+0000] {logging_mixin.py:188} INFO - [2024-02-12T08:41:28.507+0000] {dag.py:3036} INFO - Sync 1 DAGs
[2024-02-12T08:41:28.510+0000] {logging_mixin.py:188} INFO - [2024-02-12T08:41:28.510+0000] {dag.py:3823} INFO - Setting next_dagrun for example_time_delta_sensor_async to None, run_after=None
[2024-02-12T08:41:28.515+0000] {processor.py:183} INFO - Processing /Users/rachel/.local/share/virtualenvs/SpotifyETL-kuoYQhpC/lib/python3.11/site-packages/airflow/example_dags/example_time_delta_sensor_async.py took 0.059 seconds
