[2024-02-12T08:35:08.344+0000] {processor.py:161} INFO - Started process (PID=29168) to work on /Users/rachel/.local/share/virtualenvs/SpotifyETL-kuoYQhpC/lib/python3.11/site-packages/airflow/example_dags/example_sensors.py
[2024-02-12T08:35:08.344+0000] {processor.py:830} INFO - Processing file /Users/rachel/.local/share/virtualenvs/SpotifyETL-kuoYQhpC/lib/python3.11/site-packages/airflow/example_dags/example_sensors.py for tasks to queue
[2024-02-12T08:35:08.345+0000] {logging_mixin.py:188} INFO - [2024-02-12T08:35:08.345+0000] {dagbag.py:538} INFO - Filling up the DagBag from /Users/rachel/.local/share/virtualenvs/SpotifyETL-kuoYQhpC/lib/python3.11/site-packages/airflow/example_dags/example_sensors.py
[2024-02-12T08:35:08.349+0000] {processor.py:840} INFO - DAG(s) 'example_sensors' retrieved from /Users/rachel/.local/share/virtualenvs/SpotifyETL-kuoYQhpC/lib/python3.11/site-packages/airflow/example_dags/example_sensors.py
[2024-02-12T08:35:08.431+0000] {logging_mixin.py:188} INFO - [2024-02-12T08:35:08.430+0000] {dag.py:3036} INFO - Sync 1 DAGs
[2024-02-12T08:35:08.434+0000] {logging_mixin.py:188} INFO - [2024-02-12T08:35:08.434+0000] {dag.py:3823} INFO - Setting next_dagrun for example_sensors to None, run_after=None
[2024-02-12T08:35:08.442+0000] {processor.py:183} INFO - Processing /Users/rachel/.local/share/virtualenvs/SpotifyETL-kuoYQhpC/lib/python3.11/site-packages/airflow/example_dags/example_sensors.py took 0.098 seconds
[2024-02-12T08:40:25.709+0000] {processor.py:161} INFO - Started process (PID=30051) to work on /Users/rachel/.local/share/virtualenvs/SpotifyETL-kuoYQhpC/lib/python3.11/site-packages/airflow/example_dags/example_sensors.py
[2024-02-12T08:40:25.710+0000] {processor.py:830} INFO - Processing file /Users/rachel/.local/share/virtualenvs/SpotifyETL-kuoYQhpC/lib/python3.11/site-packages/airflow/example_dags/example_sensors.py for tasks to queue
[2024-02-12T08:40:25.710+0000] {logging_mixin.py:188} INFO - [2024-02-12T08:40:25.710+0000] {dagbag.py:538} INFO - Filling up the DagBag from /Users/rachel/.local/share/virtualenvs/SpotifyETL-kuoYQhpC/lib/python3.11/site-packages/airflow/example_dags/example_sensors.py
[2024-02-12T08:40:25.714+0000] {processor.py:840} INFO - DAG(s) 'example_sensors' retrieved from /Users/rachel/.local/share/virtualenvs/SpotifyETL-kuoYQhpC/lib/python3.11/site-packages/airflow/example_dags/example_sensors.py
[2024-02-12T08:40:25.786+0000] {logging_mixin.py:188} INFO - [2024-02-12T08:40:25.786+0000] {dag.py:3036} INFO - Sync 1 DAGs
[2024-02-12T08:40:25.788+0000] {logging_mixin.py:188} INFO - [2024-02-12T08:40:25.788+0000] {dag.py:3823} INFO - Setting next_dagrun for example_sensors to None, run_after=None
[2024-02-12T08:40:25.794+0000] {processor.py:183} INFO - Processing /Users/rachel/.local/share/virtualenvs/SpotifyETL-kuoYQhpC/lib/python3.11/site-packages/airflow/example_dags/example_sensors.py took 0.086 seconds
[2024-02-12T08:41:42.117+0000] {processor.py:161} INFO - Started process (PID=30102) to work on /Users/rachel/.local/share/virtualenvs/SpotifyETL-kuoYQhpC/lib/python3.11/site-packages/airflow/example_dags/example_sensors.py
[2024-02-12T08:41:42.119+0000] {processor.py:830} INFO - Processing file /Users/rachel/.local/share/virtualenvs/SpotifyETL-kuoYQhpC/lib/python3.11/site-packages/airflow/example_dags/example_sensors.py for tasks to queue
[2024-02-12T08:41:42.119+0000] {logging_mixin.py:188} INFO - [2024-02-12T08:41:42.119+0000] {dagbag.py:538} INFO - Filling up the DagBag from /Users/rachel/.local/share/virtualenvs/SpotifyETL-kuoYQhpC/lib/python3.11/site-packages/airflow/example_dags/example_sensors.py
[2024-02-12T08:41:42.127+0000] {processor.py:840} INFO - DAG(s) 'example_sensors' retrieved from /Users/rachel/.local/share/virtualenvs/SpotifyETL-kuoYQhpC/lib/python3.11/site-packages/airflow/example_dags/example_sensors.py
[2024-02-12T08:41:42.176+0000] {logging_mixin.py:188} INFO - [2024-02-12T08:41:42.176+0000] {dag.py:3036} INFO - Sync 1 DAGs
[2024-02-12T08:41:42.179+0000] {logging_mixin.py:188} INFO - [2024-02-12T08:41:42.179+0000] {dag.py:3823} INFO - Setting next_dagrun for example_sensors to None, run_after=None
[2024-02-12T08:41:42.184+0000] {processor.py:183} INFO - Processing /Users/rachel/.local/share/virtualenvs/SpotifyETL-kuoYQhpC/lib/python3.11/site-packages/airflow/example_dags/example_sensors.py took 0.068 seconds
