[2024-02-12T08:34:57.655+0000] {processor.py:161} INFO - Started process (PID=29157) to work on /Users/rachel/.local/share/virtualenvs/SpotifyETL-kuoYQhpC/lib/python3.11/site-packages/airflow/example_dags/example_subdag_operator.py
[2024-02-12T08:34:57.655+0000] {processor.py:830} INFO - Processing file /Users/rachel/.local/share/virtualenvs/SpotifyETL-kuoYQhpC/lib/python3.11/site-packages/airflow/example_dags/example_subdag_operator.py for tasks to queue
[2024-02-12T08:34:57.655+0000] {logging_mixin.py:188} INFO - [2024-02-12T08:34:57.655+0000] {dagbag.py:538} INFO - Filling up the DagBag from /Users/rachel/.local/share/virtualenvs/SpotifyETL-kuoYQhpC/lib/python3.11/site-packages/airflow/example_dags/example_subdag_operator.py
[2024-02-12T08:34:57.682+0000] {processor.py:840} INFO - DAG(s) 'example_subdag_operator.section-1', 'example_subdag_operator.section-2', 'example_subdag_operator' retrieved from /Users/rachel/.local/share/virtualenvs/SpotifyETL-kuoYQhpC/lib/python3.11/site-packages/airflow/example_dags/example_subdag_operator.py
[2024-02-12T08:34:57.709+0000] {logging_mixin.py:188} INFO - [2024-02-12T08:34:57.709+0000] {dag.py:3036} INFO - Sync 3 DAGs
[2024-02-12T08:34:57.714+0000] {logging_mixin.py:188} INFO - [2024-02-12T08:34:57.714+0000] {dag.py:3823} INFO - Setting next_dagrun for example_subdag_operator to 2022-01-01 00:00:00+00:00, run_after=2022-01-01 00:00:00+00:00
[2024-02-12T08:34:57.714+0000] {logging_mixin.py:188} INFO - [2024-02-12T08:34:57.714+0000] {dag.py:3823} INFO - Setting next_dagrun for example_subdag_operator.section-1 to None, run_after=None
[2024-02-12T08:34:57.715+0000] {logging_mixin.py:188} INFO - [2024-02-12T08:34:57.715+0000] {dag.py:3823} INFO - Setting next_dagrun for example_subdag_operator.section-2 to None, run_after=None
[2024-02-12T08:34:57.716+0000] {logging_mixin.py:188} INFO - [2024-02-12T08:34:57.716+0000] {dag.py:3036} INFO - Sync 2 DAGs
[2024-02-12T08:34:57.717+0000] {logging_mixin.py:188} INFO - [2024-02-12T08:34:57.717+0000] {dag.py:3823} INFO - Setting next_dagrun for example_subdag_operator.section-1 to None, run_after=None
[2024-02-12T08:34:57.717+0000] {logging_mixin.py:188} INFO - [2024-02-12T08:34:57.717+0000] {dag.py:3823} INFO - Setting next_dagrun for example_subdag_operator.section-2 to None, run_after=None
[2024-02-12T08:34:57.722+0000] {processor.py:183} INFO - Processing /Users/rachel/.local/share/virtualenvs/SpotifyETL-kuoYQhpC/lib/python3.11/site-packages/airflow/example_dags/example_subdag_operator.py took 0.068 seconds
[2024-02-12T08:40:13.798+0000] {processor.py:161} INFO - Started process (PID=30042) to work on /Users/rachel/.local/share/virtualenvs/SpotifyETL-kuoYQhpC/lib/python3.11/site-packages/airflow/example_dags/example_subdag_operator.py
[2024-02-12T08:40:13.799+0000] {processor.py:830} INFO - Processing file /Users/rachel/.local/share/virtualenvs/SpotifyETL-kuoYQhpC/lib/python3.11/site-packages/airflow/example_dags/example_subdag_operator.py for tasks to queue
[2024-02-12T08:40:13.800+0000] {logging_mixin.py:188} INFO - [2024-02-12T08:40:13.800+0000] {dagbag.py:538} INFO - Filling up the DagBag from /Users/rachel/.local/share/virtualenvs/SpotifyETL-kuoYQhpC/lib/python3.11/site-packages/airflow/example_dags/example_subdag_operator.py
[2024-02-12T08:40:13.825+0000] {processor.py:840} INFO - DAG(s) 'example_subdag_operator.section-1', 'example_subdag_operator.section-2', 'example_subdag_operator' retrieved from /Users/rachel/.local/share/virtualenvs/SpotifyETL-kuoYQhpC/lib/python3.11/site-packages/airflow/example_dags/example_subdag_operator.py
[2024-02-12T08:40:13.884+0000] {logging_mixin.py:188} INFO - [2024-02-12T08:40:13.883+0000] {dag.py:3036} INFO - Sync 3 DAGs
[2024-02-12T08:40:13.888+0000] {logging_mixin.py:188} INFO - [2024-02-12T08:40:13.888+0000] {dag.py:3823} INFO - Setting next_dagrun for example_subdag_operator to 2022-01-01 00:00:00+00:00, run_after=2022-01-01 00:00:00+00:00
[2024-02-12T08:40:13.888+0000] {logging_mixin.py:188} INFO - [2024-02-12T08:40:13.888+0000] {dag.py:3823} INFO - Setting next_dagrun for example_subdag_operator.section-1 to None, run_after=None
[2024-02-12T08:40:13.889+0000] {logging_mixin.py:188} INFO - [2024-02-12T08:40:13.889+0000] {dag.py:3823} INFO - Setting next_dagrun for example_subdag_operator.section-2 to None, run_after=None
[2024-02-12T08:40:13.891+0000] {logging_mixin.py:188} INFO - [2024-02-12T08:40:13.890+0000] {dag.py:3036} INFO - Sync 2 DAGs
[2024-02-12T08:40:13.892+0000] {logging_mixin.py:188} INFO - [2024-02-12T08:40:13.891+0000] {dag.py:3823} INFO - Setting next_dagrun for example_subdag_operator.section-1 to None, run_after=None
[2024-02-12T08:40:13.892+0000] {logging_mixin.py:188} INFO - [2024-02-12T08:40:13.892+0000] {dag.py:3823} INFO - Setting next_dagrun for example_subdag_operator.section-2 to None, run_after=None
[2024-02-12T08:40:13.896+0000] {processor.py:183} INFO - Processing /Users/rachel/.local/share/virtualenvs/SpotifyETL-kuoYQhpC/lib/python3.11/site-packages/airflow/example_dags/example_subdag_operator.py took 0.098 seconds
[2024-02-12T08:41:32.416+0000] {processor.py:161} INFO - Started process (PID=30095) to work on /Users/rachel/.local/share/virtualenvs/SpotifyETL-kuoYQhpC/lib/python3.11/site-packages/airflow/example_dags/example_subdag_operator.py
[2024-02-12T08:41:32.417+0000] {processor.py:830} INFO - Processing file /Users/rachel/.local/share/virtualenvs/SpotifyETL-kuoYQhpC/lib/python3.11/site-packages/airflow/example_dags/example_subdag_operator.py for tasks to queue
[2024-02-12T08:41:32.417+0000] {logging_mixin.py:188} INFO - [2024-02-12T08:41:32.417+0000] {dagbag.py:538} INFO - Filling up the DagBag from /Users/rachel/.local/share/virtualenvs/SpotifyETL-kuoYQhpC/lib/python3.11/site-packages/airflow/example_dags/example_subdag_operator.py
[2024-02-12T08:41:32.442+0000] {processor.py:840} INFO - DAG(s) 'example_subdag_operator.section-1', 'example_subdag_operator.section-2', 'example_subdag_operator' retrieved from /Users/rachel/.local/share/virtualenvs/SpotifyETL-kuoYQhpC/lib/python3.11/site-packages/airflow/example_dags/example_subdag_operator.py
[2024-02-12T08:41:32.471+0000] {logging_mixin.py:188} INFO - [2024-02-12T08:41:32.471+0000] {dag.py:3036} INFO - Sync 3 DAGs
[2024-02-12T08:41:32.475+0000] {logging_mixin.py:188} INFO - [2024-02-12T08:41:32.475+0000] {dag.py:3823} INFO - Setting next_dagrun for example_subdag_operator to 2022-01-01 00:00:00+00:00, run_after=2022-01-01 00:00:00+00:00
[2024-02-12T08:41:32.476+0000] {logging_mixin.py:188} INFO - [2024-02-12T08:41:32.476+0000] {dag.py:3823} INFO - Setting next_dagrun for example_subdag_operator.section-1 to None, run_after=None
[2024-02-12T08:41:32.477+0000] {logging_mixin.py:188} INFO - [2024-02-12T08:41:32.476+0000] {dag.py:3823} INFO - Setting next_dagrun for example_subdag_operator.section-2 to None, run_after=None
[2024-02-12T08:41:32.478+0000] {logging_mixin.py:188} INFO - [2024-02-12T08:41:32.478+0000] {dag.py:3036} INFO - Sync 2 DAGs
[2024-02-12T08:41:32.479+0000] {logging_mixin.py:188} INFO - [2024-02-12T08:41:32.479+0000] {dag.py:3823} INFO - Setting next_dagrun for example_subdag_operator.section-1 to None, run_after=None
[2024-02-12T08:41:32.479+0000] {logging_mixin.py:188} INFO - [2024-02-12T08:41:32.479+0000] {dag.py:3823} INFO - Setting next_dagrun for example_subdag_operator.section-2 to None, run_after=None
[2024-02-12T08:41:32.483+0000] {processor.py:183} INFO - Processing /Users/rachel/.local/share/virtualenvs/SpotifyETL-kuoYQhpC/lib/python3.11/site-packages/airflow/example_dags/example_subdag_operator.py took 0.067 seconds
