[2024-02-12T08:34:14.999+0000] {processor.py:161} INFO - Started process (PID=29090) to work on /Users/rachel/.local/share/virtualenvs/SpotifyETL-kuoYQhpC/lib/python3.11/site-packages/airflow/example_dags/example_xcomargs.py
[2024-02-12T08:34:14.999+0000] {processor.py:830} INFO - Processing file /Users/rachel/.local/share/virtualenvs/SpotifyETL-kuoYQhpC/lib/python3.11/site-packages/airflow/example_dags/example_xcomargs.py for tasks to queue
[2024-02-12T08:34:15.000+0000] {logging_mixin.py:188} INFO - [2024-02-12T08:34:15.000+0000] {dagbag.py:538} INFO - Filling up the DagBag from /Users/rachel/.local/share/virtualenvs/SpotifyETL-kuoYQhpC/lib/python3.11/site-packages/airflow/example_dags/example_xcomargs.py
[2024-02-12T08:34:15.012+0000] {processor.py:840} INFO - DAG(s) 'example_xcom_args_with_operators', 'example_xcom_args' retrieved from /Users/rachel/.local/share/virtualenvs/SpotifyETL-kuoYQhpC/lib/python3.11/site-packages/airflow/example_dags/example_xcomargs.py
[2024-02-12T08:34:15.083+0000] {logging_mixin.py:188} INFO - [2024-02-12T08:34:15.083+0000] {override.py:1769} INFO - Created Permission View: can read on DAG:example_xcom_args_with_operators
[2024-02-12T08:34:15.086+0000] {logging_mixin.py:188} INFO - [2024-02-12T08:34:15.086+0000] {override.py:1769} INFO - Created Permission View: can delete on DAG:example_xcom_args_with_operators
[2024-02-12T08:34:15.087+0000] {logging_mixin.py:188} INFO - [2024-02-12T08:34:15.087+0000] {override.py:1769} INFO - Created Permission View: can edit on DAG:example_xcom_args_with_operators
[2024-02-12T08:34:15.091+0000] {logging_mixin.py:188} INFO - [2024-02-12T08:34:15.091+0000] {override.py:1769} INFO - Created Permission View: can read on DAG:example_xcom_args
[2024-02-12T08:34:15.092+0000] {logging_mixin.py:188} INFO - [2024-02-12T08:34:15.092+0000] {override.py:1769} INFO - Created Permission View: can delete on DAG:example_xcom_args
[2024-02-12T08:34:15.094+0000] {logging_mixin.py:188} INFO - [2024-02-12T08:34:15.094+0000] {override.py:1769} INFO - Created Permission View: can edit on DAG:example_xcom_args
[2024-02-12T08:34:15.094+0000] {logging_mixin.py:188} INFO - [2024-02-12T08:34:15.094+0000] {dag.py:3036} INFO - Sync 2 DAGs
[2024-02-12T08:34:15.096+0000] {logging_mixin.py:188} INFO - [2024-02-12T08:34:15.096+0000] {dag.py:3058} INFO - Creating ORM DAG for example_xcom_args_with_operators
[2024-02-12T08:34:15.097+0000] {logging_mixin.py:188} INFO - [2024-02-12T08:34:15.097+0000] {dag.py:3058} INFO - Creating ORM DAG for example_xcom_args
[2024-02-12T08:34:15.097+0000] {logging_mixin.py:188} INFO - [2024-02-12T08:34:15.097+0000] {dag.py:3823} INFO - Setting next_dagrun for example_xcom_args to None, run_after=None
[2024-02-12T08:34:15.097+0000] {logging_mixin.py:188} INFO - [2024-02-12T08:34:15.097+0000] {dag.py:3823} INFO - Setting next_dagrun for example_xcom_args_with_operators to None, run_after=None
[2024-02-12T08:34:15.102+0000] {processor.py:183} INFO - Processing /Users/rachel/.local/share/virtualenvs/SpotifyETL-kuoYQhpC/lib/python3.11/site-packages/airflow/example_dags/example_xcomargs.py took 0.103 seconds
[2024-02-12T08:34:46.721+0000] {processor.py:161} INFO - Started process (PID=29145) to work on /Users/rachel/.local/share/virtualenvs/SpotifyETL-kuoYQhpC/lib/python3.11/site-packages/airflow/example_dags/example_xcomargs.py
[2024-02-12T08:34:46.722+0000] {processor.py:830} INFO - Processing file /Users/rachel/.local/share/virtualenvs/SpotifyETL-kuoYQhpC/lib/python3.11/site-packages/airflow/example_dags/example_xcomargs.py for tasks to queue
[2024-02-12T08:34:46.722+0000] {logging_mixin.py:188} INFO - [2024-02-12T08:34:46.722+0000] {dagbag.py:538} INFO - Filling up the DagBag from /Users/rachel/.local/share/virtualenvs/SpotifyETL-kuoYQhpC/lib/python3.11/site-packages/airflow/example_dags/example_xcomargs.py
[2024-02-12T08:34:46.734+0000] {processor.py:840} INFO - DAG(s) 'example_xcom_args', 'example_xcom_args_with_operators' retrieved from /Users/rachel/.local/share/virtualenvs/SpotifyETL-kuoYQhpC/lib/python3.11/site-packages/airflow/example_dags/example_xcomargs.py
[2024-02-12T08:34:46.737+0000] {logging_mixin.py:188} INFO - [2024-02-12T08:34:46.737+0000] {dag.py:3036} INFO - Sync 2 DAGs
[2024-02-12T08:34:46.778+0000] {logging_mixin.py:188} INFO - [2024-02-12T08:34:46.778+0000] {dag.py:3823} INFO - Setting next_dagrun for example_xcom_args to None, run_after=None
[2024-02-12T08:34:46.779+0000] {logging_mixin.py:188} INFO - [2024-02-12T08:34:46.779+0000] {dag.py:3823} INFO - Setting next_dagrun for example_xcom_args_with_operators to None, run_after=None
[2024-02-12T08:34:46.784+0000] {processor.py:183} INFO - Processing /Users/rachel/.local/share/virtualenvs/SpotifyETL-kuoYQhpC/lib/python3.11/site-packages/airflow/example_dags/example_xcomargs.py took 0.063 seconds
[2024-02-12T08:40:01.670+0000] {processor.py:161} INFO - Started process (PID=30030) to work on /Users/rachel/.local/share/virtualenvs/SpotifyETL-kuoYQhpC/lib/python3.11/site-packages/airflow/example_dags/example_xcomargs.py
[2024-02-12T08:40:01.672+0000] {processor.py:830} INFO - Processing file /Users/rachel/.local/share/virtualenvs/SpotifyETL-kuoYQhpC/lib/python3.11/site-packages/airflow/example_dags/example_xcomargs.py for tasks to queue
[2024-02-12T08:40:01.672+0000] {logging_mixin.py:188} INFO - [2024-02-12T08:40:01.672+0000] {dagbag.py:538} INFO - Filling up the DagBag from /Users/rachel/.local/share/virtualenvs/SpotifyETL-kuoYQhpC/lib/python3.11/site-packages/airflow/example_dags/example_xcomargs.py
[2024-02-12T08:40:01.683+0000] {processor.py:840} INFO - DAG(s) 'example_xcom_args', 'example_xcom_args_with_operators' retrieved from /Users/rachel/.local/share/virtualenvs/SpotifyETL-kuoYQhpC/lib/python3.11/site-packages/airflow/example_dags/example_xcomargs.py
[2024-02-12T08:40:01.751+0000] {logging_mixin.py:188} INFO - [2024-02-12T08:40:01.751+0000] {dag.py:3036} INFO - Sync 2 DAGs
[2024-02-12T08:40:01.754+0000] {logging_mixin.py:188} INFO - [2024-02-12T08:40:01.754+0000] {dag.py:3823} INFO - Setting next_dagrun for example_xcom_args to None, run_after=None
[2024-02-12T08:40:01.754+0000] {logging_mixin.py:188} INFO - [2024-02-12T08:40:01.754+0000] {dag.py:3823} INFO - Setting next_dagrun for example_xcom_args_with_operators to None, run_after=None
[2024-02-12T08:40:01.759+0000] {processor.py:183} INFO - Processing /Users/rachel/.local/share/virtualenvs/SpotifyETL-kuoYQhpC/lib/python3.11/site-packages/airflow/example_dags/example_xcomargs.py took 0.089 seconds
[2024-02-12T08:41:21.779+0000] {processor.py:161} INFO - Started process (PID=30088) to work on /Users/rachel/.local/share/virtualenvs/SpotifyETL-kuoYQhpC/lib/python3.11/site-packages/airflow/example_dags/example_xcomargs.py
[2024-02-12T08:41:21.780+0000] {processor.py:830} INFO - Processing file /Users/rachel/.local/share/virtualenvs/SpotifyETL-kuoYQhpC/lib/python3.11/site-packages/airflow/example_dags/example_xcomargs.py for tasks to queue
[2024-02-12T08:41:21.780+0000] {logging_mixin.py:188} INFO - [2024-02-12T08:41:21.780+0000] {dagbag.py:538} INFO - Filling up the DagBag from /Users/rachel/.local/share/virtualenvs/SpotifyETL-kuoYQhpC/lib/python3.11/site-packages/airflow/example_dags/example_xcomargs.py
[2024-02-12T08:41:21.791+0000] {processor.py:840} INFO - DAG(s) 'example_xcom_args_with_operators', 'example_xcom_args' retrieved from /Users/rachel/.local/share/virtualenvs/SpotifyETL-kuoYQhpC/lib/python3.11/site-packages/airflow/example_dags/example_xcomargs.py
[2024-02-12T08:41:21.835+0000] {logging_mixin.py:188} INFO - [2024-02-12T08:41:21.835+0000] {dag.py:3036} INFO - Sync 2 DAGs
[2024-02-12T08:41:21.838+0000] {logging_mixin.py:188} INFO - [2024-02-12T08:41:21.838+0000] {dag.py:3823} INFO - Setting next_dagrun for example_xcom_args to None, run_after=None
[2024-02-12T08:41:21.839+0000] {logging_mixin.py:188} INFO - [2024-02-12T08:41:21.839+0000] {dag.py:3823} INFO - Setting next_dagrun for example_xcom_args_with_operators to None, run_after=None
[2024-02-12T08:41:21.844+0000] {processor.py:183} INFO - Processing /Users/rachel/.local/share/virtualenvs/SpotifyETL-kuoYQhpC/lib/python3.11/site-packages/airflow/example_dags/example_xcomargs.py took 0.065 seconds
