[2024-02-12T08:34:10.023+0000] {processor.py:161} INFO - Started process (PID=29073) to work on /Users/rachel/.local/share/virtualenvs/SpotifyETL-kuoYQhpC/lib/python3.11/site-packages/airflow/example_dags/tutorial_objectstorage.py
[2024-02-12T08:34:10.024+0000] {processor.py:830} INFO - Processing file /Users/rachel/.local/share/virtualenvs/SpotifyETL-kuoYQhpC/lib/python3.11/site-packages/airflow/example_dags/tutorial_objectstorage.py for tasks to queue
[2024-02-12T08:34:10.024+0000] {logging_mixin.py:188} INFO - [2024-02-12T08:34:10.024+0000] {dagbag.py:538} INFO - Filling up the DagBag from /Users/rachel/.local/share/virtualenvs/SpotifyETL-kuoYQhpC/lib/python3.11/site-packages/airflow/example_dags/tutorial_objectstorage.py
[2024-02-12T08:34:10.046+0000] {processor.py:840} INFO - DAG(s) 'tutorial_objectstorage' retrieved from /Users/rachel/.local/share/virtualenvs/SpotifyETL-kuoYQhpC/lib/python3.11/site-packages/airflow/example_dags/tutorial_objectstorage.py
[2024-02-12T08:34:10.120+0000] {logging_mixin.py:188} INFO - [2024-02-12T08:34:10.120+0000] {override.py:1769} INFO - Created Permission View: can delete on DAG:tutorial_objectstorage
[2024-02-12T08:34:10.123+0000] {logging_mixin.py:188} INFO - [2024-02-12T08:34:10.123+0000] {override.py:1769} INFO - Created Permission View: can read on DAG:tutorial_objectstorage
[2024-02-12T08:34:10.124+0000] {logging_mixin.py:188} INFO - [2024-02-12T08:34:10.124+0000] {override.py:1769} INFO - Created Permission View: can edit on DAG:tutorial_objectstorage
[2024-02-12T08:34:10.124+0000] {logging_mixin.py:188} INFO - [2024-02-12T08:34:10.124+0000] {dag.py:3036} INFO - Sync 1 DAGs
[2024-02-12T08:34:10.127+0000] {logging_mixin.py:188} INFO - [2024-02-12T08:34:10.127+0000] {dag.py:3058} INFO - Creating ORM DAG for tutorial_objectstorage
[2024-02-12T08:34:10.128+0000] {logging_mixin.py:188} INFO - [2024-02-12T08:34:10.128+0000] {dag.py:3823} INFO - Setting next_dagrun for tutorial_objectstorage to None, run_after=None
[2024-02-12T08:34:10.133+0000] {processor.py:183} INFO - Processing /Users/rachel/.local/share/virtualenvs/SpotifyETL-kuoYQhpC/lib/python3.11/site-packages/airflow/example_dags/tutorial_objectstorage.py took 0.110 seconds
[2024-02-12T08:34:41.751+0000] {processor.py:161} INFO - Started process (PID=29136) to work on /Users/rachel/.local/share/virtualenvs/SpotifyETL-kuoYQhpC/lib/python3.11/site-packages/airflow/example_dags/tutorial_objectstorage.py
[2024-02-12T08:34:41.752+0000] {processor.py:830} INFO - Processing file /Users/rachel/.local/share/virtualenvs/SpotifyETL-kuoYQhpC/lib/python3.11/site-packages/airflow/example_dags/tutorial_objectstorage.py for tasks to queue
[2024-02-12T08:34:41.752+0000] {logging_mixin.py:188} INFO - [2024-02-12T08:34:41.752+0000] {dagbag.py:538} INFO - Filling up the DagBag from /Users/rachel/.local/share/virtualenvs/SpotifyETL-kuoYQhpC/lib/python3.11/site-packages/airflow/example_dags/tutorial_objectstorage.py
[2024-02-12T08:34:41.771+0000] {processor.py:840} INFO - DAG(s) 'tutorial_objectstorage' retrieved from /Users/rachel/.local/share/virtualenvs/SpotifyETL-kuoYQhpC/lib/python3.11/site-packages/airflow/example_dags/tutorial_objectstorage.py
[2024-02-12T08:34:41.774+0000] {logging_mixin.py:188} INFO - [2024-02-12T08:34:41.774+0000] {dag.py:3036} INFO - Sync 1 DAGs
[2024-02-12T08:34:41.815+0000] {logging_mixin.py:188} INFO - [2024-02-12T08:34:41.815+0000] {dag.py:3823} INFO - Setting next_dagrun for tutorial_objectstorage to None, run_after=None
[2024-02-12T08:34:41.821+0000] {processor.py:183} INFO - Processing /Users/rachel/.local/share/virtualenvs/SpotifyETL-kuoYQhpC/lib/python3.11/site-packages/airflow/example_dags/tutorial_objectstorage.py took 0.071 seconds
[2024-02-12T08:39:56.659+0000] {processor.py:161} INFO - Started process (PID=30025) to work on /Users/rachel/.local/share/virtualenvs/SpotifyETL-kuoYQhpC/lib/python3.11/site-packages/airflow/example_dags/tutorial_objectstorage.py
[2024-02-12T08:39:56.660+0000] {processor.py:830} INFO - Processing file /Users/rachel/.local/share/virtualenvs/SpotifyETL-kuoYQhpC/lib/python3.11/site-packages/airflow/example_dags/tutorial_objectstorage.py for tasks to queue
[2024-02-12T08:39:56.661+0000] {logging_mixin.py:188} INFO - [2024-02-12T08:39:56.661+0000] {dagbag.py:538} INFO - Filling up the DagBag from /Users/rachel/.local/share/virtualenvs/SpotifyETL-kuoYQhpC/lib/python3.11/site-packages/airflow/example_dags/tutorial_objectstorage.py
[2024-02-12T08:39:56.680+0000] {processor.py:840} INFO - DAG(s) 'tutorial_objectstorage' retrieved from /Users/rachel/.local/share/virtualenvs/SpotifyETL-kuoYQhpC/lib/python3.11/site-packages/airflow/example_dags/tutorial_objectstorage.py
[2024-02-12T08:39:56.748+0000] {logging_mixin.py:188} INFO - [2024-02-12T08:39:56.747+0000] {dag.py:3036} INFO - Sync 1 DAGs
[2024-02-12T08:39:56.750+0000] {logging_mixin.py:188} INFO - [2024-02-12T08:39:56.750+0000] {dag.py:3823} INFO - Setting next_dagrun for tutorial_objectstorage to None, run_after=None
[2024-02-12T08:39:56.756+0000] {processor.py:183} INFO - Processing /Users/rachel/.local/share/virtualenvs/SpotifyETL-kuoYQhpC/lib/python3.11/site-packages/airflow/example_dags/tutorial_objectstorage.py took 0.097 seconds
[2024-02-12T08:41:17.922+0000] {processor.py:161} INFO - Started process (PID=30085) to work on /Users/rachel/.local/share/virtualenvs/SpotifyETL-kuoYQhpC/lib/python3.11/site-packages/airflow/example_dags/tutorial_objectstorage.py
[2024-02-12T08:41:17.923+0000] {processor.py:830} INFO - Processing file /Users/rachel/.local/share/virtualenvs/SpotifyETL-kuoYQhpC/lib/python3.11/site-packages/airflow/example_dags/tutorial_objectstorage.py for tasks to queue
[2024-02-12T08:41:17.924+0000] {logging_mixin.py:188} INFO - [2024-02-12T08:41:17.923+0000] {dagbag.py:538} INFO - Filling up the DagBag from /Users/rachel/.local/share/virtualenvs/SpotifyETL-kuoYQhpC/lib/python3.11/site-packages/airflow/example_dags/tutorial_objectstorage.py
[2024-02-12T08:41:17.948+0000] {processor.py:840} INFO - DAG(s) 'tutorial_objectstorage' retrieved from /Users/rachel/.local/share/virtualenvs/SpotifyETL-kuoYQhpC/lib/python3.11/site-packages/airflow/example_dags/tutorial_objectstorage.py
[2024-02-12T08:41:17.992+0000] {logging_mixin.py:188} INFO - [2024-02-12T08:41:17.992+0000] {dag.py:3036} INFO - Sync 1 DAGs
[2024-02-12T08:41:17.994+0000] {logging_mixin.py:188} INFO - [2024-02-12T08:41:17.994+0000] {dag.py:3823} INFO - Setting next_dagrun for tutorial_objectstorage to None, run_after=None
[2024-02-12T08:41:18.000+0000] {processor.py:183} INFO - Processing /Users/rachel/.local/share/virtualenvs/SpotifyETL-kuoYQhpC/lib/python3.11/site-packages/airflow/example_dags/tutorial_objectstorage.py took 0.078 seconds
