[2024-02-12T08:34:08.499+0000] {processor.py:161} INFO - Started process (PID=29065) to work on /Users/rachel/.local/share/virtualenvs/SpotifyETL-kuoYQhpC/lib/python3.11/site-packages/airflow/example_dags/tutorial_taskflow_api.py
[2024-02-12T08:34:08.499+0000] {processor.py:830} INFO - Processing file /Users/rachel/.local/share/virtualenvs/SpotifyETL-kuoYQhpC/lib/python3.11/site-packages/airflow/example_dags/tutorial_taskflow_api.py for tasks to queue
[2024-02-12T08:34:08.500+0000] {logging_mixin.py:188} INFO - [2024-02-12T08:34:08.499+0000] {dagbag.py:538} INFO - Filling up the DagBag from /Users/rachel/.local/share/virtualenvs/SpotifyETL-kuoYQhpC/lib/python3.11/site-packages/airflow/example_dags/tutorial_taskflow_api.py
[2024-02-12T08:34:08.510+0000] {processor.py:840} INFO - DAG(s) 'tutorial_taskflow_api' retrieved from /Users/rachel/.local/share/virtualenvs/SpotifyETL-kuoYQhpC/lib/python3.11/site-packages/airflow/example_dags/tutorial_taskflow_api.py
[2024-02-12T08:34:08.581+0000] {logging_mixin.py:188} INFO - [2024-02-12T08:34:08.580+0000] {override.py:1769} INFO - Created Permission View: can read on DAG:tutorial_taskflow_api
[2024-02-12T08:34:08.583+0000] {logging_mixin.py:188} INFO - [2024-02-12T08:34:08.583+0000] {override.py:1769} INFO - Created Permission View: can edit on DAG:tutorial_taskflow_api
[2024-02-12T08:34:08.584+0000] {logging_mixin.py:188} INFO - [2024-02-12T08:34:08.584+0000] {override.py:1769} INFO - Created Permission View: can delete on DAG:tutorial_taskflow_api
[2024-02-12T08:34:08.585+0000] {logging_mixin.py:188} INFO - [2024-02-12T08:34:08.585+0000] {dag.py:3036} INFO - Sync 1 DAGs
[2024-02-12T08:34:08.587+0000] {logging_mixin.py:188} INFO - [2024-02-12T08:34:08.587+0000] {dag.py:3058} INFO - Creating ORM DAG for tutorial_taskflow_api
[2024-02-12T08:34:08.587+0000] {logging_mixin.py:188} INFO - [2024-02-12T08:34:08.587+0000] {dag.py:3823} INFO - Setting next_dagrun for tutorial_taskflow_api to None, run_after=None
[2024-02-12T08:34:08.593+0000] {processor.py:183} INFO - Processing /Users/rachel/.local/share/virtualenvs/SpotifyETL-kuoYQhpC/lib/python3.11/site-packages/airflow/example_dags/tutorial_taskflow_api.py took 0.094 seconds
[2024-02-12T08:34:40.128+0000] {processor.py:161} INFO - Started process (PID=29131) to work on /Users/rachel/.local/share/virtualenvs/SpotifyETL-kuoYQhpC/lib/python3.11/site-packages/airflow/example_dags/tutorial_taskflow_api.py
[2024-02-12T08:34:40.128+0000] {processor.py:830} INFO - Processing file /Users/rachel/.local/share/virtualenvs/SpotifyETL-kuoYQhpC/lib/python3.11/site-packages/airflow/example_dags/tutorial_taskflow_api.py for tasks to queue
[2024-02-12T08:34:40.129+0000] {logging_mixin.py:188} INFO - [2024-02-12T08:34:40.128+0000] {dagbag.py:538} INFO - Filling up the DagBag from /Users/rachel/.local/share/virtualenvs/SpotifyETL-kuoYQhpC/lib/python3.11/site-packages/airflow/example_dags/tutorial_taskflow_api.py
[2024-02-12T08:34:40.139+0000] {processor.py:840} INFO - DAG(s) 'tutorial_taskflow_api' retrieved from /Users/rachel/.local/share/virtualenvs/SpotifyETL-kuoYQhpC/lib/python3.11/site-packages/airflow/example_dags/tutorial_taskflow_api.py
[2024-02-12T08:34:40.143+0000] {logging_mixin.py:188} INFO - [2024-02-12T08:34:40.143+0000] {dag.py:3036} INFO - Sync 1 DAGs
[2024-02-12T08:34:40.187+0000] {logging_mixin.py:188} INFO - [2024-02-12T08:34:40.187+0000] {dag.py:3823} INFO - Setting next_dagrun for tutorial_taskflow_api to None, run_after=None
[2024-02-12T08:34:40.194+0000] {processor.py:183} INFO - Processing /Users/rachel/.local/share/virtualenvs/SpotifyETL-kuoYQhpC/lib/python3.11/site-packages/airflow/example_dags/tutorial_taskflow_api.py took 0.066 seconds
[2024-02-12T08:39:55.028+0000] {processor.py:161} INFO - Started process (PID=30022) to work on /Users/rachel/.local/share/virtualenvs/SpotifyETL-kuoYQhpC/lib/python3.11/site-packages/airflow/example_dags/tutorial_taskflow_api.py
[2024-02-12T08:39:55.029+0000] {processor.py:830} INFO - Processing file /Users/rachel/.local/share/virtualenvs/SpotifyETL-kuoYQhpC/lib/python3.11/site-packages/airflow/example_dags/tutorial_taskflow_api.py for tasks to queue
[2024-02-12T08:39:55.029+0000] {logging_mixin.py:188} INFO - [2024-02-12T08:39:55.029+0000] {dagbag.py:538} INFO - Filling up the DagBag from /Users/rachel/.local/share/virtualenvs/SpotifyETL-kuoYQhpC/lib/python3.11/site-packages/airflow/example_dags/tutorial_taskflow_api.py
[2024-02-12T08:39:55.040+0000] {processor.py:840} INFO - DAG(s) 'tutorial_taskflow_api' retrieved from /Users/rachel/.local/share/virtualenvs/SpotifyETL-kuoYQhpC/lib/python3.11/site-packages/airflow/example_dags/tutorial_taskflow_api.py
[2024-02-12T08:39:55.109+0000] {logging_mixin.py:188} INFO - [2024-02-12T08:39:55.108+0000] {dag.py:3036} INFO - Sync 1 DAGs
[2024-02-12T08:39:55.111+0000] {logging_mixin.py:188} INFO - [2024-02-12T08:39:55.111+0000] {dag.py:3823} INFO - Setting next_dagrun for tutorial_taskflow_api to None, run_after=None
[2024-02-12T08:39:55.116+0000] {processor.py:183} INFO - Processing /Users/rachel/.local/share/virtualenvs/SpotifyETL-kuoYQhpC/lib/python3.11/site-packages/airflow/example_dags/tutorial_taskflow_api.py took 0.088 seconds
[2024-02-12T08:41:16.212+0000] {processor.py:161} INFO - Started process (PID=30084) to work on /Users/rachel/.local/share/virtualenvs/SpotifyETL-kuoYQhpC/lib/python3.11/site-packages/airflow/example_dags/tutorial_taskflow_api.py
[2024-02-12T08:41:16.213+0000] {processor.py:830} INFO - Processing file /Users/rachel/.local/share/virtualenvs/SpotifyETL-kuoYQhpC/lib/python3.11/site-packages/airflow/example_dags/tutorial_taskflow_api.py for tasks to queue
[2024-02-12T08:41:16.213+0000] {logging_mixin.py:188} INFO - [2024-02-12T08:41:16.213+0000] {dagbag.py:538} INFO - Filling up the DagBag from /Users/rachel/.local/share/virtualenvs/SpotifyETL-kuoYQhpC/lib/python3.11/site-packages/airflow/example_dags/tutorial_taskflow_api.py
[2024-02-12T08:41:16.224+0000] {processor.py:840} INFO - DAG(s) 'tutorial_taskflow_api' retrieved from /Users/rachel/.local/share/virtualenvs/SpotifyETL-kuoYQhpC/lib/python3.11/site-packages/airflow/example_dags/tutorial_taskflow_api.py
[2024-02-12T08:41:16.270+0000] {logging_mixin.py:188} INFO - [2024-02-12T08:41:16.270+0000] {dag.py:3036} INFO - Sync 1 DAGs
[2024-02-12T08:41:16.273+0000] {logging_mixin.py:188} INFO - [2024-02-12T08:41:16.273+0000] {dag.py:3823} INFO - Setting next_dagrun for tutorial_taskflow_api to None, run_after=None
[2024-02-12T08:41:16.279+0000] {processor.py:183} INFO - Processing /Users/rachel/.local/share/virtualenvs/SpotifyETL-kuoYQhpC/lib/python3.11/site-packages/airflow/example_dags/tutorial_taskflow_api.py took 0.067 seconds
