[2024-02-12T08:34:11.791+0000] {processor.py:161} INFO - Started process (PID=29088) to work on /Users/rachel/.local/share/virtualenvs/SpotifyETL-kuoYQhpC/lib/python3.11/site-packages/airflow/example_dags/tutorial_dag.py
[2024-02-12T08:34:11.792+0000] {processor.py:830} INFO - Processing file /Users/rachel/.local/share/virtualenvs/SpotifyETL-kuoYQhpC/lib/python3.11/site-packages/airflow/example_dags/tutorial_dag.py for tasks to queue
[2024-02-12T08:34:11.792+0000] {logging_mixin.py:188} INFO - [2024-02-12T08:34:11.792+0000] {dagbag.py:538} INFO - Filling up the DagBag from /Users/rachel/.local/share/virtualenvs/SpotifyETL-kuoYQhpC/lib/python3.11/site-packages/airflow/example_dags/tutorial_dag.py
[2024-02-12T08:34:11.799+0000] {processor.py:840} INFO - DAG(s) 'tutorial_dag' retrieved from /Users/rachel/.local/share/virtualenvs/SpotifyETL-kuoYQhpC/lib/python3.11/site-packages/airflow/example_dags/tutorial_dag.py
[2024-02-12T08:34:11.869+0000] {logging_mixin.py:188} INFO - [2024-02-12T08:34:11.869+0000] {override.py:1769} INFO - Created Permission View: can edit on DAG:tutorial_dag
[2024-02-12T08:34:11.872+0000] {logging_mixin.py:188} INFO - [2024-02-12T08:34:11.872+0000] {override.py:1769} INFO - Created Permission View: can delete on DAG:tutorial_dag
[2024-02-12T08:34:11.873+0000] {logging_mixin.py:188} INFO - [2024-02-12T08:34:11.873+0000] {override.py:1769} INFO - Created Permission View: can read on DAG:tutorial_dag
[2024-02-12T08:34:11.873+0000] {logging_mixin.py:188} INFO - [2024-02-12T08:34:11.873+0000] {dag.py:3036} INFO - Sync 1 DAGs
[2024-02-12T08:34:11.876+0000] {logging_mixin.py:188} INFO - [2024-02-12T08:34:11.876+0000] {dag.py:3058} INFO - Creating ORM DAG for tutorial_dag
[2024-02-12T08:34:11.876+0000] {logging_mixin.py:188} INFO - [2024-02-12T08:34:11.876+0000] {dag.py:3823} INFO - Setting next_dagrun for tutorial_dag to None, run_after=None
[2024-02-12T08:34:11.881+0000] {processor.py:183} INFO - Processing /Users/rachel/.local/share/virtualenvs/SpotifyETL-kuoYQhpC/lib/python3.11/site-packages/airflow/example_dags/tutorial_dag.py took 0.090 seconds
[2024-02-12T08:34:43.523+0000] {processor.py:161} INFO - Started process (PID=29138) to work on /Users/rachel/.local/share/virtualenvs/SpotifyETL-kuoYQhpC/lib/python3.11/site-packages/airflow/example_dags/tutorial_dag.py
[2024-02-12T08:34:43.523+0000] {processor.py:830} INFO - Processing file /Users/rachel/.local/share/virtualenvs/SpotifyETL-kuoYQhpC/lib/python3.11/site-packages/airflow/example_dags/tutorial_dag.py for tasks to queue
[2024-02-12T08:34:43.524+0000] {logging_mixin.py:188} INFO - [2024-02-12T08:34:43.523+0000] {dagbag.py:538} INFO - Filling up the DagBag from /Users/rachel/.local/share/virtualenvs/SpotifyETL-kuoYQhpC/lib/python3.11/site-packages/airflow/example_dags/tutorial_dag.py
[2024-02-12T08:34:43.531+0000] {processor.py:840} INFO - DAG(s) 'tutorial_dag' retrieved from /Users/rachel/.local/share/virtualenvs/SpotifyETL-kuoYQhpC/lib/python3.11/site-packages/airflow/example_dags/tutorial_dag.py
[2024-02-12T08:34:43.534+0000] {logging_mixin.py:188} INFO - [2024-02-12T08:34:43.534+0000] {dag.py:3036} INFO - Sync 1 DAGs
[2024-02-12T08:34:43.580+0000] {logging_mixin.py:188} INFO - [2024-02-12T08:34:43.580+0000] {dag.py:3823} INFO - Setting next_dagrun for tutorial_dag to None, run_after=None
[2024-02-12T08:34:43.587+0000] {processor.py:183} INFO - Processing /Users/rachel/.local/share/virtualenvs/SpotifyETL-kuoYQhpC/lib/python3.11/site-packages/airflow/example_dags/tutorial_dag.py took 0.065 seconds
[2024-02-12T08:39:58.369+0000] {processor.py:161} INFO - Started process (PID=30028) to work on /Users/rachel/.local/share/virtualenvs/SpotifyETL-kuoYQhpC/lib/python3.11/site-packages/airflow/example_dags/tutorial_dag.py
[2024-02-12T08:39:58.370+0000] {processor.py:830} INFO - Processing file /Users/rachel/.local/share/virtualenvs/SpotifyETL-kuoYQhpC/lib/python3.11/site-packages/airflow/example_dags/tutorial_dag.py for tasks to queue
[2024-02-12T08:39:58.370+0000] {logging_mixin.py:188} INFO - [2024-02-12T08:39:58.370+0000] {dagbag.py:538} INFO - Filling up the DagBag from /Users/rachel/.local/share/virtualenvs/SpotifyETL-kuoYQhpC/lib/python3.11/site-packages/airflow/example_dags/tutorial_dag.py
[2024-02-12T08:39:58.377+0000] {processor.py:840} INFO - DAG(s) 'tutorial_dag' retrieved from /Users/rachel/.local/share/virtualenvs/SpotifyETL-kuoYQhpC/lib/python3.11/site-packages/airflow/example_dags/tutorial_dag.py
[2024-02-12T08:39:58.446+0000] {logging_mixin.py:188} INFO - [2024-02-12T08:39:58.446+0000] {dag.py:3036} INFO - Sync 1 DAGs
[2024-02-12T08:39:58.448+0000] {logging_mixin.py:188} INFO - [2024-02-12T08:39:58.448+0000] {dag.py:3823} INFO - Setting next_dagrun for tutorial_dag to None, run_after=None
[2024-02-12T08:39:58.454+0000] {processor.py:183} INFO - Processing /Users/rachel/.local/share/virtualenvs/SpotifyETL-kuoYQhpC/lib/python3.11/site-packages/airflow/example_dags/tutorial_dag.py took 0.085 seconds
[2024-02-12T08:41:19.445+0000] {processor.py:161} INFO - Started process (PID=30086) to work on /Users/rachel/.local/share/virtualenvs/SpotifyETL-kuoYQhpC/lib/python3.11/site-packages/airflow/example_dags/tutorial_dag.py
[2024-02-12T08:41:19.446+0000] {processor.py:830} INFO - Processing file /Users/rachel/.local/share/virtualenvs/SpotifyETL-kuoYQhpC/lib/python3.11/site-packages/airflow/example_dags/tutorial_dag.py for tasks to queue
[2024-02-12T08:41:19.446+0000] {logging_mixin.py:188} INFO - [2024-02-12T08:41:19.446+0000] {dagbag.py:538} INFO - Filling up the DagBag from /Users/rachel/.local/share/virtualenvs/SpotifyETL-kuoYQhpC/lib/python3.11/site-packages/airflow/example_dags/tutorial_dag.py
[2024-02-12T08:41:19.453+0000] {processor.py:840} INFO - DAG(s) 'tutorial_dag' retrieved from /Users/rachel/.local/share/virtualenvs/SpotifyETL-kuoYQhpC/lib/python3.11/site-packages/airflow/example_dags/tutorial_dag.py
[2024-02-12T08:41:19.497+0000] {logging_mixin.py:188} INFO - [2024-02-12T08:41:19.497+0000] {dag.py:3036} INFO - Sync 1 DAGs
[2024-02-12T08:41:19.500+0000] {logging_mixin.py:188} INFO - [2024-02-12T08:41:19.500+0000] {dag.py:3823} INFO - Setting next_dagrun for tutorial_dag to None, run_after=None
[2024-02-12T08:41:19.506+0000] {processor.py:183} INFO - Processing /Users/rachel/.local/share/virtualenvs/SpotifyETL-kuoYQhpC/lib/python3.11/site-packages/airflow/example_dags/tutorial_dag.py took 0.062 seconds
