[2024-02-15T09:16:34.617+0000] {taskinstance.py:1956} INFO - Dependencies all met for dep_context=non-requeueable deps ti=<TaskInstance: spotify_to_rds_dag.extract_data_task manual__2024-02-15T09:16:32.467287+00:00 [queued]>
[2024-02-15T09:16:34.619+0000] {taskinstance.py:1956} INFO - Dependencies all met for dep_context=requeueable deps ti=<TaskInstance: spotify_to_rds_dag.extract_data_task manual__2024-02-15T09:16:32.467287+00:00 [queued]>
[2024-02-15T09:16:34.619+0000] {taskinstance.py:2170} INFO - Starting attempt 1 of 2
[2024-02-15T09:16:34.622+0000] {taskinstance.py:2191} INFO - Executing <Task(PythonOperator): extract_data_task> on 2024-02-15 09:16:32.467287+00:00
[2024-02-15T09:16:34.626+0000] {standard_task_runner.py:60} INFO - Started process 97091 to run task
[2024-02-15T09:16:34.629+0000] {standard_task_runner.py:87} INFO - Running: ['airflow', 'tasks', 'run', 'spotify_to_rds_dag', 'extract_data_task', 'manual__2024-02-15T09:16:32.467287+00:00', '--job-id', '21', '--raw', '--subdir', 'DAGS_FOLDER/spotify_to_rds_dag.py', '--cfg-path', '/var/folders/85/0h16y03s0t59r_hcf0nwnhnr0000gn/T/tmp__nleglq']
[2024-02-15T09:16:34.630+0000] {standard_task_runner.py:88} INFO - Job 21: Subtask extract_data_task
[2024-02-15T09:16:34.645+0000] {task_command.py:423} INFO - Running <TaskInstance: spotify_to_rds_dag.extract_data_task manual__2024-02-15T09:16:32.467287+00:00 [running]> on host rachels-mbp
[2024-02-15T09:16:34.664+0000] {taskinstance.py:2480} INFO - Exporting env vars: AIRFLOW_CTX_DAG_OWNER='airflow' AIRFLOW_CTX_DAG_ID='spotify_to_rds_dag' AIRFLOW_CTX_TASK_ID='extract_data_task' AIRFLOW_CTX_EXECUTION_DATE='2024-02-15T09:16:32.467287+00:00' AIRFLOW_CTX_TRY_NUMBER='1' AIRFLOW_CTX_DAG_RUN_ID='manual__2024-02-15T09:16:32.467287+00:00'
[2024-02-15T09:16:34.666+0000] {taskinstance.py:2698} ERROR - Task failed with exception
Traceback (most recent call last):
  File "/Users/rachel/.local/share/virtualenvs/SpotifyETL-kuoYQhpC/lib/python3.11/site-packages/airflow/models/taskinstance.py", line 433, in _execute_task
    result = execute_callable(context=context, **execute_callable_kwargs)
             ^^^^^^^^^^^^^^^^^^^^^^^^^^^^^^^^^^^^^^^^^^^^^^^^^^^^^^^^^^^^
  File "/Users/rachel/.local/share/virtualenvs/SpotifyETL-kuoYQhpC/lib/python3.11/site-packages/airflow/operators/python.py", line 199, in execute
    return_value = self.execute_callable()
                   ^^^^^^^^^^^^^^^^^^^^^^^
  File "/Users/rachel/.local/share/virtualenvs/SpotifyETL-kuoYQhpC/lib/python3.11/site-packages/airflow/operators/python.py", line 216, in execute_callable
    return self.python_callable(*self.op_args, **self.op_kwargs)
           ^^^^^^^^^^^^^^^^^^^^^^^^^^^^^^^^^^^^^^^^^^^^^^^^^^^^^
  File "/Users/rachel/Library/Mobile Documents/com~apple~CloudDocs/Documents/dev/SpotifyETL/airflow/dags/spotify_to_rds_dag.py", line 28, in call_flask_app
    response = SimpleHttpOperator(
               ^^^^^^^^^^^^^^^^^^^
  File "/Users/rachel/.local/share/virtualenvs/SpotifyETL-kuoYQhpC/lib/python3.11/site-packages/airflow/models/baseoperator.py", line 437, in apply_defaults
    result = func(self, **kwargs, default_args=default_args)
             ^^^^^^^^^^^^^^^^^^^^^^^^^^^^^^^^^^^^^^^^^^^^^^^
  File "/Users/rachel/.local/share/virtualenvs/SpotifyETL-kuoYQhpC/lib/python3.11/site-packages/airflow/providers/http/operators/http.py", line 354, in __init__
    super().__init__(**kwargs)
  File "/Users/rachel/.local/share/virtualenvs/SpotifyETL-kuoYQhpC/lib/python3.11/site-packages/airflow/models/baseoperator.py", line 437, in apply_defaults
    result = func(self, **kwargs, default_args=default_args)
             ^^^^^^^^^^^^^^^^^^^^^^^^^^^^^^^^^^^^^^^^^^^^^^^
  File "/Users/rachel/.local/share/virtualenvs/SpotifyETL-kuoYQhpC/lib/python3.11/site-packages/airflow/providers/http/operators/http.py", line 125, in __init__
    super().__init__(**kwargs)
  File "/Users/rachel/.local/share/virtualenvs/SpotifyETL-kuoYQhpC/lib/python3.11/site-packages/airflow/models/baseoperator.py", line 437, in apply_defaults
    result = func(self, **kwargs, default_args=default_args)
             ^^^^^^^^^^^^^^^^^^^^^^^^^^^^^^^^^^^^^^^^^^^^^^^
  File "/Users/rachel/.local/share/virtualenvs/SpotifyETL-kuoYQhpC/lib/python3.11/site-packages/airflow/models/baseoperator.py", line 793, in __init__
    raise AirflowException(
airflow.exceptions.AirflowException: Invalid arguments were passed to SimpleHttpOperator (task_id: call_flask_app). Invalid arguments were:
**kwargs: {'xcom_push': True}
[2024-02-15T09:16:34.668+0000] {taskinstance.py:1138} INFO - Marking task as UP_FOR_RETRY. dag_id=spotify_to_rds_dag, task_id=extract_data_task, execution_date=20240215T091632, start_date=20240215T091634, end_date=20240215T091634
[2024-02-15T09:16:34.671+0000] {standard_task_runner.py:107} ERROR - Failed to execute job 21 for task extract_data_task (Invalid arguments were passed to SimpleHttpOperator (task_id: call_flask_app). Invalid arguments were:
**kwargs: {'xcom_push': True}; 97091)
[2024-02-15T09:16:34.690+0000] {local_task_job_runner.py:234} INFO - Task exited with return code 1
[2024-02-15T09:16:34.696+0000] {taskinstance.py:3280} INFO - 0 downstream tasks scheduled from follow-on schedule check
