[2024-02-12T08:34:00.503+0000] {processor.py:161} INFO - Started process (PID=29054) to work on /Users/rachel/.local/share/virtualenvs/SpotifyETL-kuoYQhpC/lib/python3.11/site-packages/airflow/example_dags/subdags/subdag.py
[2024-02-12T08:34:00.503+0000] {processor.py:830} INFO - Processing file /Users/rachel/.local/share/virtualenvs/SpotifyETL-kuoYQhpC/lib/python3.11/site-packages/airflow/example_dags/subdags/subdag.py for tasks to queue
[2024-02-12T08:34:00.503+0000] {logging_mixin.py:188} INFO - [2024-02-12T08:34:00.503+0000] {dagbag.py:538} INFO - Filling up the DagBag from /Users/rachel/.local/share/virtualenvs/SpotifyETL-kuoYQhpC/lib/python3.11/site-packages/airflow/example_dags/subdags/subdag.py
[2024-02-12T08:34:00.504+0000] {processor.py:842} WARNING - No viable dags retrieved from /Users/rachel/.local/share/virtualenvs/SpotifyETL-kuoYQhpC/lib/python3.11/site-packages/airflow/example_dags/subdags/subdag.py
[2024-02-12T08:34:00.525+0000] {processor.py:183} INFO - Processing /Users/rachel/.local/share/virtualenvs/SpotifyETL-kuoYQhpC/lib/python3.11/site-packages/airflow/example_dags/subdags/subdag.py took 0.023 seconds
[2024-02-12T08:34:32.326+0000] {processor.py:161} INFO - Started process (PID=29115) to work on /Users/rachel/.local/share/virtualenvs/SpotifyETL-kuoYQhpC/lib/python3.11/site-packages/airflow/example_dags/subdags/subdag.py
[2024-02-12T08:34:32.327+0000] {processor.py:830} INFO - Processing file /Users/rachel/.local/share/virtualenvs/SpotifyETL-kuoYQhpC/lib/python3.11/site-packages/airflow/example_dags/subdags/subdag.py for tasks to queue
[2024-02-12T08:34:32.327+0000] {logging_mixin.py:188} INFO - [2024-02-12T08:34:32.327+0000] {dagbag.py:538} INFO - Filling up the DagBag from /Users/rachel/.local/share/virtualenvs/SpotifyETL-kuoYQhpC/lib/python3.11/site-packages/airflow/example_dags/subdags/subdag.py
[2024-02-12T08:34:32.328+0000] {processor.py:842} WARNING - No viable dags retrieved from /Users/rachel/.local/share/virtualenvs/SpotifyETL-kuoYQhpC/lib/python3.11/site-packages/airflow/example_dags/subdags/subdag.py
[2024-02-12T08:34:32.351+0000] {processor.py:183} INFO - Processing /Users/rachel/.local/share/virtualenvs/SpotifyETL-kuoYQhpC/lib/python3.11/site-packages/airflow/example_dags/subdags/subdag.py took 0.025 seconds
[2024-02-12T08:39:47.166+0000] {processor.py:161} INFO - Started process (PID=30014) to work on /Users/rachel/.local/share/virtualenvs/SpotifyETL-kuoYQhpC/lib/python3.11/site-packages/airflow/example_dags/subdags/subdag.py
[2024-02-12T08:39:47.167+0000] {processor.py:830} INFO - Processing file /Users/rachel/.local/share/virtualenvs/SpotifyETL-kuoYQhpC/lib/python3.11/site-packages/airflow/example_dags/subdags/subdag.py for tasks to queue
[2024-02-12T08:39:47.167+0000] {logging_mixin.py:188} INFO - [2024-02-12T08:39:47.167+0000] {dagbag.py:538} INFO - Filling up the DagBag from /Users/rachel/.local/share/virtualenvs/SpotifyETL-kuoYQhpC/lib/python3.11/site-packages/airflow/example_dags/subdags/subdag.py
[2024-02-12T08:39:47.168+0000] {processor.py:842} WARNING - No viable dags retrieved from /Users/rachel/.local/share/virtualenvs/SpotifyETL-kuoYQhpC/lib/python3.11/site-packages/airflow/example_dags/subdags/subdag.py
[2024-02-12T08:39:47.189+0000] {processor.py:183} INFO - Processing /Users/rachel/.local/share/virtualenvs/SpotifyETL-kuoYQhpC/lib/python3.11/site-packages/airflow/example_dags/subdags/subdag.py took 0.024 seconds
[2024-02-12T08:41:08.841+0000] {processor.py:161} INFO - Started process (PID=30078) to work on /Users/rachel/.local/share/virtualenvs/SpotifyETL-kuoYQhpC/lib/python3.11/site-packages/airflow/example_dags/subdags/subdag.py
[2024-02-12T08:41:08.842+0000] {processor.py:830} INFO - Processing file /Users/rachel/.local/share/virtualenvs/SpotifyETL-kuoYQhpC/lib/python3.11/site-packages/airflow/example_dags/subdags/subdag.py for tasks to queue
[2024-02-12T08:41:08.842+0000] {logging_mixin.py:188} INFO - [2024-02-12T08:41:08.842+0000] {dagbag.py:538} INFO - Filling up the DagBag from /Users/rachel/.local/share/virtualenvs/SpotifyETL-kuoYQhpC/lib/python3.11/site-packages/airflow/example_dags/subdags/subdag.py
[2024-02-12T08:41:08.843+0000] {processor.py:842} WARNING - No viable dags retrieved from /Users/rachel/.local/share/virtualenvs/SpotifyETL-kuoYQhpC/lib/python3.11/site-packages/airflow/example_dags/subdags/subdag.py
[2024-02-12T08:41:08.864+0000] {processor.py:183} INFO - Processing /Users/rachel/.local/share/virtualenvs/SpotifyETL-kuoYQhpC/lib/python3.11/site-packages/airflow/example_dags/subdags/subdag.py took 0.023 seconds
