[2024-02-12T08:34:05.030+0000] {processor.py:161} INFO - Started process (PID=29060) to work on /Users/rachel/.local/share/virtualenvs/SpotifyETL-kuoYQhpC/lib/python3.11/site-packages/airflow/example_dags/plugins/event_listener.py
[2024-02-12T08:34:05.031+0000] {processor.py:830} INFO - Processing file /Users/rachel/.local/share/virtualenvs/SpotifyETL-kuoYQhpC/lib/python3.11/site-packages/airflow/example_dags/plugins/event_listener.py for tasks to queue
[2024-02-12T08:34:05.031+0000] {logging_mixin.py:188} INFO - [2024-02-12T08:34:05.031+0000] {dagbag.py:538} INFO - Filling up the DagBag from /Users/rachel/.local/share/virtualenvs/SpotifyETL-kuoYQhpC/lib/python3.11/site-packages/airflow/example_dags/plugins/event_listener.py
[2024-02-12T08:34:05.031+0000] {processor.py:842} WARNING - No viable dags retrieved from /Users/rachel/.local/share/virtualenvs/SpotifyETL-kuoYQhpC/lib/python3.11/site-packages/airflow/example_dags/plugins/event_listener.py
[2024-02-12T08:34:05.056+0000] {processor.py:183} INFO - Processing /Users/rachel/.local/share/virtualenvs/SpotifyETL-kuoYQhpC/lib/python3.11/site-packages/airflow/example_dags/plugins/event_listener.py took 0.027 seconds
[2024-02-12T08:34:36.732+0000] {processor.py:161} INFO - Started process (PID=29124) to work on /Users/rachel/.local/share/virtualenvs/SpotifyETL-kuoYQhpC/lib/python3.11/site-packages/airflow/example_dags/plugins/event_listener.py
[2024-02-12T08:34:36.733+0000] {processor.py:830} INFO - Processing file /Users/rachel/.local/share/virtualenvs/SpotifyETL-kuoYQhpC/lib/python3.11/site-packages/airflow/example_dags/plugins/event_listener.py for tasks to queue
[2024-02-12T08:34:36.733+0000] {logging_mixin.py:188} INFO - [2024-02-12T08:34:36.733+0000] {dagbag.py:538} INFO - Filling up the DagBag from /Users/rachel/.local/share/virtualenvs/SpotifyETL-kuoYQhpC/lib/python3.11/site-packages/airflow/example_dags/plugins/event_listener.py
[2024-02-12T08:34:36.733+0000] {processor.py:842} WARNING - No viable dags retrieved from /Users/rachel/.local/share/virtualenvs/SpotifyETL-kuoYQhpC/lib/python3.11/site-packages/airflow/example_dags/plugins/event_listener.py
[2024-02-12T08:34:36.757+0000] {processor.py:183} INFO - Processing /Users/rachel/.local/share/virtualenvs/SpotifyETL-kuoYQhpC/lib/python3.11/site-packages/airflow/example_dags/plugins/event_listener.py took 0.026 seconds
[2024-02-12T08:39:51.648+0000] {processor.py:161} INFO - Started process (PID=30020) to work on /Users/rachel/.local/share/virtualenvs/SpotifyETL-kuoYQhpC/lib/python3.11/site-packages/airflow/example_dags/plugins/event_listener.py
[2024-02-12T08:39:51.650+0000] {processor.py:830} INFO - Processing file /Users/rachel/.local/share/virtualenvs/SpotifyETL-kuoYQhpC/lib/python3.11/site-packages/airflow/example_dags/plugins/event_listener.py for tasks to queue
[2024-02-12T08:39:51.650+0000] {logging_mixin.py:188} INFO - [2024-02-12T08:39:51.650+0000] {dagbag.py:538} INFO - Filling up the DagBag from /Users/rachel/.local/share/virtualenvs/SpotifyETL-kuoYQhpC/lib/python3.11/site-packages/airflow/example_dags/plugins/event_listener.py
[2024-02-12T08:39:51.650+0000] {processor.py:842} WARNING - No viable dags retrieved from /Users/rachel/.local/share/virtualenvs/SpotifyETL-kuoYQhpC/lib/python3.11/site-packages/airflow/example_dags/plugins/event_listener.py
[2024-02-12T08:39:51.674+0000] {processor.py:183} INFO - Processing /Users/rachel/.local/share/virtualenvs/SpotifyETL-kuoYQhpC/lib/python3.11/site-packages/airflow/example_dags/plugins/event_listener.py took 0.026 seconds
[2024-02-12T08:41:13.790+0000] {processor.py:161} INFO - Started process (PID=30081) to work on /Users/rachel/.local/share/virtualenvs/SpotifyETL-kuoYQhpC/lib/python3.11/site-packages/airflow/example_dags/plugins/event_listener.py
[2024-02-12T08:41:13.791+0000] {processor.py:830} INFO - Processing file /Users/rachel/.local/share/virtualenvs/SpotifyETL-kuoYQhpC/lib/python3.11/site-packages/airflow/example_dags/plugins/event_listener.py for tasks to queue
[2024-02-12T08:41:13.791+0000] {logging_mixin.py:188} INFO - [2024-02-12T08:41:13.791+0000] {dagbag.py:538} INFO - Filling up the DagBag from /Users/rachel/.local/share/virtualenvs/SpotifyETL-kuoYQhpC/lib/python3.11/site-packages/airflow/example_dags/plugins/event_listener.py
[2024-02-12T08:41:13.791+0000] {processor.py:842} WARNING - No viable dags retrieved from /Users/rachel/.local/share/virtualenvs/SpotifyETL-kuoYQhpC/lib/python3.11/site-packages/airflow/example_dags/plugins/event_listener.py
[2024-02-12T08:41:13.813+0000] {processor.py:183} INFO - Processing /Users/rachel/.local/share/virtualenvs/SpotifyETL-kuoYQhpC/lib/python3.11/site-packages/airflow/example_dags/plugins/event_listener.py took 0.024 seconds
