[2024-02-12T08:34:03.785+0000] {processor.py:161} INFO - Started process (PID=29059) to work on /Users/rachel/.local/share/virtualenvs/SpotifyETL-kuoYQhpC/lib/python3.11/site-packages/airflow/example_dags/plugins/listener_plugin.py
[2024-02-12T08:34:03.785+0000] {processor.py:830} INFO - Processing file /Users/rachel/.local/share/virtualenvs/SpotifyETL-kuoYQhpC/lib/python3.11/site-packages/airflow/example_dags/plugins/listener_plugin.py for tasks to queue
[2024-02-12T08:34:03.785+0000] {logging_mixin.py:188} INFO - [2024-02-12T08:34:03.785+0000] {dagbag.py:538} INFO - Filling up the DagBag from /Users/rachel/.local/share/virtualenvs/SpotifyETL-kuoYQhpC/lib/python3.11/site-packages/airflow/example_dags/plugins/listener_plugin.py
[2024-02-12T08:34:03.786+0000] {processor.py:842} WARNING - No viable dags retrieved from /Users/rachel/.local/share/virtualenvs/SpotifyETL-kuoYQhpC/lib/python3.11/site-packages/airflow/example_dags/plugins/listener_plugin.py
[2024-02-12T08:34:03.809+0000] {processor.py:183} INFO - Processing /Users/rachel/.local/share/virtualenvs/SpotifyETL-kuoYQhpC/lib/python3.11/site-packages/airflow/example_dags/plugins/listener_plugin.py took 0.025 seconds
[2024-02-12T08:34:35.653+0000] {processor.py:161} INFO - Started process (PID=29121) to work on /Users/rachel/.local/share/virtualenvs/SpotifyETL-kuoYQhpC/lib/python3.11/site-packages/airflow/example_dags/plugins/listener_plugin.py
[2024-02-12T08:34:35.654+0000] {processor.py:830} INFO - Processing file /Users/rachel/.local/share/virtualenvs/SpotifyETL-kuoYQhpC/lib/python3.11/site-packages/airflow/example_dags/plugins/listener_plugin.py for tasks to queue
[2024-02-12T08:34:35.655+0000] {logging_mixin.py:188} INFO - [2024-02-12T08:34:35.655+0000] {dagbag.py:538} INFO - Filling up the DagBag from /Users/rachel/.local/share/virtualenvs/SpotifyETL-kuoYQhpC/lib/python3.11/site-packages/airflow/example_dags/plugins/listener_plugin.py
[2024-02-12T08:34:35.655+0000] {processor.py:842} WARNING - No viable dags retrieved from /Users/rachel/.local/share/virtualenvs/SpotifyETL-kuoYQhpC/lib/python3.11/site-packages/airflow/example_dags/plugins/listener_plugin.py
[2024-02-12T08:34:35.678+0000] {processor.py:183} INFO - Processing /Users/rachel/.local/share/virtualenvs/SpotifyETL-kuoYQhpC/lib/python3.11/site-packages/airflow/example_dags/plugins/listener_plugin.py took 0.025 seconds
[2024-02-12T08:39:50.435+0000] {processor.py:161} INFO - Started process (PID=30017) to work on /Users/rachel/.local/share/virtualenvs/SpotifyETL-kuoYQhpC/lib/python3.11/site-packages/airflow/example_dags/plugins/listener_plugin.py
[2024-02-12T08:39:50.436+0000] {processor.py:830} INFO - Processing file /Users/rachel/.local/share/virtualenvs/SpotifyETL-kuoYQhpC/lib/python3.11/site-packages/airflow/example_dags/plugins/listener_plugin.py for tasks to queue
[2024-02-12T08:39:50.437+0000] {logging_mixin.py:188} INFO - [2024-02-12T08:39:50.437+0000] {dagbag.py:538} INFO - Filling up the DagBag from /Users/rachel/.local/share/virtualenvs/SpotifyETL-kuoYQhpC/lib/python3.11/site-packages/airflow/example_dags/plugins/listener_plugin.py
[2024-02-12T08:39:50.437+0000] {processor.py:842} WARNING - No viable dags retrieved from /Users/rachel/.local/share/virtualenvs/SpotifyETL-kuoYQhpC/lib/python3.11/site-packages/airflow/example_dags/plugins/listener_plugin.py
[2024-02-12T08:39:50.459+0000] {processor.py:183} INFO - Processing /Users/rachel/.local/share/virtualenvs/SpotifyETL-kuoYQhpC/lib/python3.11/site-packages/airflow/example_dags/plugins/listener_plugin.py took 0.024 seconds
[2024-02-12T08:41:12.132+0000] {processor.py:161} INFO - Started process (PID=30080) to work on /Users/rachel/.local/share/virtualenvs/SpotifyETL-kuoYQhpC/lib/python3.11/site-packages/airflow/example_dags/plugins/listener_plugin.py
[2024-02-12T08:41:12.133+0000] {processor.py:830} INFO - Processing file /Users/rachel/.local/share/virtualenvs/SpotifyETL-kuoYQhpC/lib/python3.11/site-packages/airflow/example_dags/plugins/listener_plugin.py for tasks to queue
[2024-02-12T08:41:12.133+0000] {logging_mixin.py:188} INFO - [2024-02-12T08:41:12.133+0000] {dagbag.py:538} INFO - Filling up the DagBag from /Users/rachel/.local/share/virtualenvs/SpotifyETL-kuoYQhpC/lib/python3.11/site-packages/airflow/example_dags/plugins/listener_plugin.py
[2024-02-12T08:41:12.134+0000] {processor.py:842} WARNING - No viable dags retrieved from /Users/rachel/.local/share/virtualenvs/SpotifyETL-kuoYQhpC/lib/python3.11/site-packages/airflow/example_dags/plugins/listener_plugin.py
[2024-02-12T08:41:12.159+0000] {processor.py:183} INFO - Processing /Users/rachel/.local/share/virtualenvs/SpotifyETL-kuoYQhpC/lib/python3.11/site-packages/airflow/example_dags/plugins/listener_plugin.py took 0.027 seconds
