[2024-02-12T08:34:02.139+0000] {processor.py:161} INFO - Started process (PID=29058) to work on /Users/rachel/.local/share/virtualenvs/SpotifyETL-kuoYQhpC/lib/python3.11/site-packages/airflow/example_dags/plugins/workday.py
[2024-02-12T08:34:02.139+0000] {processor.py:830} INFO - Processing file /Users/rachel/.local/share/virtualenvs/SpotifyETL-kuoYQhpC/lib/python3.11/site-packages/airflow/example_dags/plugins/workday.py for tasks to queue
[2024-02-12T08:34:02.139+0000] {logging_mixin.py:188} INFO - [2024-02-12T08:34:02.139+0000] {dagbag.py:538} INFO - Filling up the DagBag from /Users/rachel/.local/share/virtualenvs/SpotifyETL-kuoYQhpC/lib/python3.11/site-packages/airflow/example_dags/plugins/workday.py
[2024-02-12T08:34:02.140+0000] {logging_mixin.py:188} INFO - [2024-02-12T08:34:02.140+0000] {workday.py:40} WARNING - Could not import pandas. Holidays will not be considered.
[2024-02-12T08:34:02.140+0000] {processor.py:842} WARNING - No viable dags retrieved from /Users/rachel/.local/share/virtualenvs/SpotifyETL-kuoYQhpC/lib/python3.11/site-packages/airflow/example_dags/plugins/workday.py
[2024-02-12T08:34:02.161+0000] {processor.py:183} INFO - Processing /Users/rachel/.local/share/virtualenvs/SpotifyETL-kuoYQhpC/lib/python3.11/site-packages/airflow/example_dags/plugins/workday.py took 0.023 seconds
[2024-02-12T08:34:33.977+0000] {processor.py:161} INFO - Started process (PID=29120) to work on /Users/rachel/.local/share/virtualenvs/SpotifyETL-kuoYQhpC/lib/python3.11/site-packages/airflow/example_dags/plugins/workday.py
[2024-02-12T08:34:33.978+0000] {processor.py:830} INFO - Processing file /Users/rachel/.local/share/virtualenvs/SpotifyETL-kuoYQhpC/lib/python3.11/site-packages/airflow/example_dags/plugins/workday.py for tasks to queue
[2024-02-12T08:34:33.978+0000] {logging_mixin.py:188} INFO - [2024-02-12T08:34:33.978+0000] {dagbag.py:538} INFO - Filling up the DagBag from /Users/rachel/.local/share/virtualenvs/SpotifyETL-kuoYQhpC/lib/python3.11/site-packages/airflow/example_dags/plugins/workday.py
[2024-02-12T08:34:33.979+0000] {logging_mixin.py:188} INFO - [2024-02-12T08:34:33.979+0000] {workday.py:40} WARNING - Could not import pandas. Holidays will not be considered.
[2024-02-12T08:34:33.979+0000] {processor.py:842} WARNING - No viable dags retrieved from /Users/rachel/.local/share/virtualenvs/SpotifyETL-kuoYQhpC/lib/python3.11/site-packages/airflow/example_dags/plugins/workday.py
[2024-02-12T08:34:34.000+0000] {processor.py:183} INFO - Processing /Users/rachel/.local/share/virtualenvs/SpotifyETL-kuoYQhpC/lib/python3.11/site-packages/airflow/example_dags/plugins/workday.py took 0.024 seconds
[2024-02-12T08:39:48.800+0000] {processor.py:161} INFO - Started process (PID=30015) to work on /Users/rachel/.local/share/virtualenvs/SpotifyETL-kuoYQhpC/lib/python3.11/site-packages/airflow/example_dags/plugins/workday.py
[2024-02-12T08:39:48.801+0000] {processor.py:830} INFO - Processing file /Users/rachel/.local/share/virtualenvs/SpotifyETL-kuoYQhpC/lib/python3.11/site-packages/airflow/example_dags/plugins/workday.py for tasks to queue
[2024-02-12T08:39:48.801+0000] {logging_mixin.py:188} INFO - [2024-02-12T08:39:48.801+0000] {dagbag.py:538} INFO - Filling up the DagBag from /Users/rachel/.local/share/virtualenvs/SpotifyETL-kuoYQhpC/lib/python3.11/site-packages/airflow/example_dags/plugins/workday.py
[2024-02-12T08:39:48.801+0000] {logging_mixin.py:188} INFO - [2024-02-12T08:39:48.801+0000] {workday.py:40} WARNING - Could not import pandas. Holidays will not be considered.
[2024-02-12T08:39:48.801+0000] {processor.py:842} WARNING - No viable dags retrieved from /Users/rachel/.local/share/virtualenvs/SpotifyETL-kuoYQhpC/lib/python3.11/site-packages/airflow/example_dags/plugins/workday.py
[2024-02-12T08:39:48.823+0000] {processor.py:183} INFO - Processing /Users/rachel/.local/share/virtualenvs/SpotifyETL-kuoYQhpC/lib/python3.11/site-packages/airflow/example_dags/plugins/workday.py took 0.024 seconds
[2024-02-12T08:41:10.456+0000] {processor.py:161} INFO - Started process (PID=30079) to work on /Users/rachel/.local/share/virtualenvs/SpotifyETL-kuoYQhpC/lib/python3.11/site-packages/airflow/example_dags/plugins/workday.py
[2024-02-12T08:41:10.457+0000] {processor.py:830} INFO - Processing file /Users/rachel/.local/share/virtualenvs/SpotifyETL-kuoYQhpC/lib/python3.11/site-packages/airflow/example_dags/plugins/workday.py for tasks to queue
[2024-02-12T08:41:10.457+0000] {logging_mixin.py:188} INFO - [2024-02-12T08:41:10.457+0000] {dagbag.py:538} INFO - Filling up the DagBag from /Users/rachel/.local/share/virtualenvs/SpotifyETL-kuoYQhpC/lib/python3.11/site-packages/airflow/example_dags/plugins/workday.py
[2024-02-12T08:41:10.457+0000] {logging_mixin.py:188} INFO - [2024-02-12T08:41:10.457+0000] {workday.py:40} WARNING - Could not import pandas. Holidays will not be considered.
[2024-02-12T08:41:10.457+0000] {processor.py:842} WARNING - No viable dags retrieved from /Users/rachel/.local/share/virtualenvs/SpotifyETL-kuoYQhpC/lib/python3.11/site-packages/airflow/example_dags/plugins/workday.py
[2024-02-12T08:41:10.479+0000] {processor.py:183} INFO - Processing /Users/rachel/.local/share/virtualenvs/SpotifyETL-kuoYQhpC/lib/python3.11/site-packages/airflow/example_dags/plugins/workday.py took 0.023 seconds
