[2024-02-15T08:50:28.292+0000] {processor.py:161} INFO - Started process (PID=95798) to work on /Users/rachel/Library/Mobile Documents/com~apple~CloudDocs/Documents/dev/SpotifyETL/airflow/dags/spotify_to_rds_dag.py
[2024-02-15T08:50:28.293+0000] {processor.py:830} INFO - Processing file /Users/rachel/Library/Mobile Documents/com~apple~CloudDocs/Documents/dev/SpotifyETL/airflow/dags/spotify_to_rds_dag.py for tasks to queue
[2024-02-15T08:50:28.293+0000] {logging_mixin.py:188} INFO - [2024-02-15T08:50:28.293+0000] {dagbag.py:538} INFO - Filling up the DagBag from /Users/rachel/Library/Mobile Documents/com~apple~CloudDocs/Documents/dev/SpotifyETL/airflow/dags/spotify_to_rds_dag.py
[2024-02-15T08:50:28.591+0000] {processor.py:840} INFO - DAG(s) 'spotify_to_rds_dag' retrieved from /Users/rachel/Library/Mobile Documents/com~apple~CloudDocs/Documents/dev/SpotifyETL/airflow/dags/spotify_to_rds_dag.py
[2024-02-15T08:50:28.718+0000] {logging_mixin.py:188} INFO - [2024-02-15T08:50:28.718+0000] {override.py:1769} INFO - Created Permission View: can delete on DAG:spotify_to_rds_dag
[2024-02-15T08:50:28.723+0000] {logging_mixin.py:188} INFO - [2024-02-15T08:50:28.723+0000] {override.py:1769} INFO - Created Permission View: can read on DAG:spotify_to_rds_dag
[2024-02-15T08:50:28.725+0000] {logging_mixin.py:188} INFO - [2024-02-15T08:50:28.725+0000] {override.py:1769} INFO - Created Permission View: can edit on DAG:spotify_to_rds_dag
[2024-02-15T08:50:28.725+0000] {logging_mixin.py:188} INFO - [2024-02-15T08:50:28.725+0000] {dag.py:3036} INFO - Sync 1 DAGs
[2024-02-15T08:50:28.729+0000] {logging_mixin.py:188} INFO - [2024-02-15T08:50:28.729+0000] {dag.py:3058} INFO - Creating ORM DAG for spotify_to_rds_dag
[2024-02-15T08:50:28.734+0000] {logging_mixin.py:188} INFO - [2024-02-15T08:50:28.734+0000] {dag.py:3823} INFO - Setting next_dagrun for spotify_to_rds_dag to 2024-02-14 00:00:00+00:00, run_after=2024-02-15 00:00:00+00:00
[2024-02-15T08:50:28.741+0000] {processor.py:183} INFO - Processing /Users/rachel/Library/Mobile Documents/com~apple~CloudDocs/Documents/dev/SpotifyETL/airflow/dags/spotify_to_rds_dag.py took 0.449 seconds
[2024-02-15T08:51:00.114+0000] {processor.py:161} INFO - Started process (PID=95841) to work on /Users/rachel/Library/Mobile Documents/com~apple~CloudDocs/Documents/dev/SpotifyETL/airflow/dags/spotify_to_rds_dag.py
[2024-02-15T08:51:00.115+0000] {processor.py:830} INFO - Processing file /Users/rachel/Library/Mobile Documents/com~apple~CloudDocs/Documents/dev/SpotifyETL/airflow/dags/spotify_to_rds_dag.py for tasks to queue
[2024-02-15T08:51:00.116+0000] {logging_mixin.py:188} INFO - [2024-02-15T08:51:00.115+0000] {dagbag.py:538} INFO - Filling up the DagBag from /Users/rachel/Library/Mobile Documents/com~apple~CloudDocs/Documents/dev/SpotifyETL/airflow/dags/spotify_to_rds_dag.py
[2024-02-15T08:51:00.419+0000] {processor.py:840} INFO - DAG(s) 'spotify_to_rds_dag' retrieved from /Users/rachel/Library/Mobile Documents/com~apple~CloudDocs/Documents/dev/SpotifyETL/airflow/dags/spotify_to_rds_dag.py
[2024-02-15T08:51:00.445+0000] {logging_mixin.py:188} INFO - [2024-02-15T08:51:00.445+0000] {dag.py:3036} INFO - Sync 1 DAGs
[2024-02-15T08:51:00.481+0000] {logging_mixin.py:188} INFO - [2024-02-15T08:51:00.481+0000] {dag.py:3823} INFO - Setting next_dagrun for spotify_to_rds_dag to 2024-02-15 00:00:00+00:00, run_after=2024-02-16 00:00:00+00:00
[2024-02-15T08:51:00.486+0000] {processor.py:183} INFO - Processing /Users/rachel/Library/Mobile Documents/com~apple~CloudDocs/Documents/dev/SpotifyETL/airflow/dags/spotify_to_rds_dag.py took 0.372 seconds
[2024-02-15T08:51:32.494+0000] {processor.py:161} INFO - Started process (PID=95859) to work on /Users/rachel/Library/Mobile Documents/com~apple~CloudDocs/Documents/dev/SpotifyETL/airflow/dags/spotify_to_rds_dag.py
[2024-02-15T08:51:32.495+0000] {processor.py:830} INFO - Processing file /Users/rachel/Library/Mobile Documents/com~apple~CloudDocs/Documents/dev/SpotifyETL/airflow/dags/spotify_to_rds_dag.py for tasks to queue
[2024-02-15T08:51:32.496+0000] {logging_mixin.py:188} INFO - [2024-02-15T08:51:32.495+0000] {dagbag.py:538} INFO - Filling up the DagBag from /Users/rachel/Library/Mobile Documents/com~apple~CloudDocs/Documents/dev/SpotifyETL/airflow/dags/spotify_to_rds_dag.py
[2024-02-15T08:51:32.889+0000] {processor.py:840} INFO - DAG(s) 'spotify_to_rds_dag' retrieved from /Users/rachel/Library/Mobile Documents/com~apple~CloudDocs/Documents/dev/SpotifyETL/airflow/dags/spotify_to_rds_dag.py
[2024-02-15T08:51:32.918+0000] {logging_mixin.py:188} INFO - [2024-02-15T08:51:32.918+0000] {dag.py:3036} INFO - Sync 1 DAGs
[2024-02-15T08:51:32.956+0000] {logging_mixin.py:188} INFO - [2024-02-15T08:51:32.956+0000] {dag.py:3823} INFO - Setting next_dagrun for spotify_to_rds_dag to 2024-02-15 00:00:00+00:00, run_after=2024-02-16 00:00:00+00:00
[2024-02-15T08:51:32.964+0000] {processor.py:183} INFO - Processing /Users/rachel/Library/Mobile Documents/com~apple~CloudDocs/Documents/dev/SpotifyETL/airflow/dags/spotify_to_rds_dag.py took 0.471 seconds
[2024-02-15T08:52:04.169+0000] {processor.py:161} INFO - Started process (PID=95876) to work on /Users/rachel/Library/Mobile Documents/com~apple~CloudDocs/Documents/dev/SpotifyETL/airflow/dags/spotify_to_rds_dag.py
[2024-02-15T08:52:04.171+0000] {processor.py:830} INFO - Processing file /Users/rachel/Library/Mobile Documents/com~apple~CloudDocs/Documents/dev/SpotifyETL/airflow/dags/spotify_to_rds_dag.py for tasks to queue
[2024-02-15T08:52:04.171+0000] {logging_mixin.py:188} INFO - [2024-02-15T08:52:04.171+0000] {dagbag.py:538} INFO - Filling up the DagBag from /Users/rachel/Library/Mobile Documents/com~apple~CloudDocs/Documents/dev/SpotifyETL/airflow/dags/spotify_to_rds_dag.py
[2024-02-15T08:52:04.473+0000] {processor.py:840} INFO - DAG(s) 'spotify_to_rds_dag' retrieved from /Users/rachel/Library/Mobile Documents/com~apple~CloudDocs/Documents/dev/SpotifyETL/airflow/dags/spotify_to_rds_dag.py
[2024-02-15T08:52:04.501+0000] {logging_mixin.py:188} INFO - [2024-02-15T08:52:04.501+0000] {dag.py:3036} INFO - Sync 1 DAGs
[2024-02-15T08:52:04.535+0000] {logging_mixin.py:188} INFO - [2024-02-15T08:52:04.535+0000] {dag.py:3823} INFO - Setting next_dagrun for spotify_to_rds_dag to 2024-02-15 00:00:00+00:00, run_after=2024-02-16 00:00:00+00:00
[2024-02-15T08:52:04.541+0000] {processor.py:183} INFO - Processing /Users/rachel/Library/Mobile Documents/com~apple~CloudDocs/Documents/dev/SpotifyETL/airflow/dags/spotify_to_rds_dag.py took 0.372 seconds
[2024-02-15T08:52:35.679+0000] {processor.py:161} INFO - Started process (PID=95887) to work on /Users/rachel/Library/Mobile Documents/com~apple~CloudDocs/Documents/dev/SpotifyETL/airflow/dags/spotify_to_rds_dag.py
[2024-02-15T08:52:35.680+0000] {processor.py:830} INFO - Processing file /Users/rachel/Library/Mobile Documents/com~apple~CloudDocs/Documents/dev/SpotifyETL/airflow/dags/spotify_to_rds_dag.py for tasks to queue
[2024-02-15T08:52:35.681+0000] {logging_mixin.py:188} INFO - [2024-02-15T08:52:35.681+0000] {dagbag.py:538} INFO - Filling up the DagBag from /Users/rachel/Library/Mobile Documents/com~apple~CloudDocs/Documents/dev/SpotifyETL/airflow/dags/spotify_to_rds_dag.py
[2024-02-15T08:52:35.974+0000] {processor.py:840} INFO - DAG(s) 'spotify_to_rds_dag' retrieved from /Users/rachel/Library/Mobile Documents/com~apple~CloudDocs/Documents/dev/SpotifyETL/airflow/dags/spotify_to_rds_dag.py
[2024-02-15T08:52:36.001+0000] {logging_mixin.py:188} INFO - [2024-02-15T08:52:36.000+0000] {dag.py:3036} INFO - Sync 1 DAGs
[2024-02-15T08:52:36.034+0000] {logging_mixin.py:188} INFO - [2024-02-15T08:52:36.034+0000] {dag.py:3823} INFO - Setting next_dagrun for spotify_to_rds_dag to 2024-02-15 00:00:00+00:00, run_after=2024-02-16 00:00:00+00:00
[2024-02-15T08:52:36.041+0000] {processor.py:183} INFO - Processing /Users/rachel/Library/Mobile Documents/com~apple~CloudDocs/Documents/dev/SpotifyETL/airflow/dags/spotify_to_rds_dag.py took 0.362 seconds
[2024-02-15T08:53:07.243+0000] {processor.py:161} INFO - Started process (PID=95901) to work on /Users/rachel/Library/Mobile Documents/com~apple~CloudDocs/Documents/dev/SpotifyETL/airflow/dags/spotify_to_rds_dag.py
[2024-02-15T08:53:07.244+0000] {processor.py:830} INFO - Processing file /Users/rachel/Library/Mobile Documents/com~apple~CloudDocs/Documents/dev/SpotifyETL/airflow/dags/spotify_to_rds_dag.py for tasks to queue
[2024-02-15T08:53:07.244+0000] {logging_mixin.py:188} INFO - [2024-02-15T08:53:07.244+0000] {dagbag.py:538} INFO - Filling up the DagBag from /Users/rachel/Library/Mobile Documents/com~apple~CloudDocs/Documents/dev/SpotifyETL/airflow/dags/spotify_to_rds_dag.py
[2024-02-15T08:53:07.547+0000] {processor.py:840} INFO - DAG(s) 'spotify_to_rds_dag' retrieved from /Users/rachel/Library/Mobile Documents/com~apple~CloudDocs/Documents/dev/SpotifyETL/airflow/dags/spotify_to_rds_dag.py
[2024-02-15T08:53:07.577+0000] {logging_mixin.py:188} INFO - [2024-02-15T08:53:07.576+0000] {dag.py:3036} INFO - Sync 1 DAGs
[2024-02-15T08:53:07.611+0000] {logging_mixin.py:188} INFO - [2024-02-15T08:53:07.611+0000] {dag.py:3823} INFO - Setting next_dagrun for spotify_to_rds_dag to 2024-02-15 00:00:00+00:00, run_after=2024-02-16 00:00:00+00:00
[2024-02-15T08:53:07.617+0000] {processor.py:183} INFO - Processing /Users/rachel/Library/Mobile Documents/com~apple~CloudDocs/Documents/dev/SpotifyETL/airflow/dags/spotify_to_rds_dag.py took 0.374 seconds
[2024-02-15T08:53:12.613+0000] {processor.py:161} INFO - Started process (PID=95905) to work on /Users/rachel/Library/Mobile Documents/com~apple~CloudDocs/Documents/dev/SpotifyETL/airflow/dags/spotify_to_rds_dag.py
[2024-02-15T08:53:12.615+0000] {processor.py:830} INFO - Processing file /Users/rachel/Library/Mobile Documents/com~apple~CloudDocs/Documents/dev/SpotifyETL/airflow/dags/spotify_to_rds_dag.py for tasks to queue
[2024-02-15T08:53:12.615+0000] {logging_mixin.py:188} INFO - [2024-02-15T08:53:12.615+0000] {dagbag.py:538} INFO - Filling up the DagBag from /Users/rachel/Library/Mobile Documents/com~apple~CloudDocs/Documents/dev/SpotifyETL/airflow/dags/spotify_to_rds_dag.py
[2024-02-15T08:53:12.996+0000] {processor.py:840} INFO - DAG(s) 'spotify_to_rds_dag' retrieved from /Users/rachel/Library/Mobile Documents/com~apple~CloudDocs/Documents/dev/SpotifyETL/airflow/dags/spotify_to_rds_dag.py
[2024-02-15T08:53:13.020+0000] {logging_mixin.py:188} INFO - [2024-02-15T08:53:13.020+0000] {dag.py:3036} INFO - Sync 1 DAGs
[2024-02-15T08:53:13.056+0000] {logging_mixin.py:188} INFO - [2024-02-15T08:53:13.055+0000] {dag.py:3823} INFO - Setting next_dagrun for spotify_to_rds_dag to 2024-02-15 00:00:00+00:00, run_after=2024-02-16 00:00:00+00:00
[2024-02-15T08:53:13.063+0000] {processor.py:183} INFO - Processing /Users/rachel/Library/Mobile Documents/com~apple~CloudDocs/Documents/dev/SpotifyETL/airflow/dags/spotify_to_rds_dag.py took 0.450 seconds
[2024-02-15T08:53:44.049+0000] {processor.py:161} INFO - Started process (PID=95932) to work on /Users/rachel/Library/Mobile Documents/com~apple~CloudDocs/Documents/dev/SpotifyETL/airflow/dags/spotify_to_rds_dag.py
[2024-02-15T08:53:44.051+0000] {processor.py:830} INFO - Processing file /Users/rachel/Library/Mobile Documents/com~apple~CloudDocs/Documents/dev/SpotifyETL/airflow/dags/spotify_to_rds_dag.py for tasks to queue
[2024-02-15T08:53:44.051+0000] {logging_mixin.py:188} INFO - [2024-02-15T08:53:44.051+0000] {dagbag.py:538} INFO - Filling up the DagBag from /Users/rachel/Library/Mobile Documents/com~apple~CloudDocs/Documents/dev/SpotifyETL/airflow/dags/spotify_to_rds_dag.py
[2024-02-15T08:53:44.343+0000] {processor.py:840} INFO - DAG(s) 'spotify_to_rds_dag' retrieved from /Users/rachel/Library/Mobile Documents/com~apple~CloudDocs/Documents/dev/SpotifyETL/airflow/dags/spotify_to_rds_dag.py
[2024-02-15T08:53:44.369+0000] {logging_mixin.py:188} INFO - [2024-02-15T08:53:44.369+0000] {dag.py:3036} INFO - Sync 1 DAGs
[2024-02-15T08:53:44.405+0000] {logging_mixin.py:188} INFO - [2024-02-15T08:53:44.405+0000] {dag.py:3823} INFO - Setting next_dagrun for spotify_to_rds_dag to 2024-02-15 00:00:00+00:00, run_after=2024-02-16 00:00:00+00:00
[2024-02-15T08:53:44.410+0000] {processor.py:183} INFO - Processing /Users/rachel/Library/Mobile Documents/com~apple~CloudDocs/Documents/dev/SpotifyETL/airflow/dags/spotify_to_rds_dag.py took 0.362 seconds
[2024-02-15T08:54:15.367+0000] {processor.py:161} INFO - Started process (PID=95948) to work on /Users/rachel/Library/Mobile Documents/com~apple~CloudDocs/Documents/dev/SpotifyETL/airflow/dags/spotify_to_rds_dag.py
[2024-02-15T08:54:15.368+0000] {processor.py:830} INFO - Processing file /Users/rachel/Library/Mobile Documents/com~apple~CloudDocs/Documents/dev/SpotifyETL/airflow/dags/spotify_to_rds_dag.py for tasks to queue
[2024-02-15T08:54:15.368+0000] {logging_mixin.py:188} INFO - [2024-02-15T08:54:15.368+0000] {dagbag.py:538} INFO - Filling up the DagBag from /Users/rachel/Library/Mobile Documents/com~apple~CloudDocs/Documents/dev/SpotifyETL/airflow/dags/spotify_to_rds_dag.py
[2024-02-15T08:54:15.666+0000] {processor.py:840} INFO - DAG(s) 'spotify_to_rds_dag' retrieved from /Users/rachel/Library/Mobile Documents/com~apple~CloudDocs/Documents/dev/SpotifyETL/airflow/dags/spotify_to_rds_dag.py
[2024-02-15T08:54:15.693+0000] {logging_mixin.py:188} INFO - [2024-02-15T08:54:15.693+0000] {dag.py:3036} INFO - Sync 1 DAGs
[2024-02-15T08:54:15.728+0000] {logging_mixin.py:188} INFO - [2024-02-15T08:54:15.728+0000] {dag.py:3823} INFO - Setting next_dagrun for spotify_to_rds_dag to 2024-02-15 00:00:00+00:00, run_after=2024-02-16 00:00:00+00:00
[2024-02-15T08:54:15.734+0000] {processor.py:183} INFO - Processing /Users/rachel/Library/Mobile Documents/com~apple~CloudDocs/Documents/dev/SpotifyETL/airflow/dags/spotify_to_rds_dag.py took 0.368 seconds
[2024-02-15T08:54:46.695+0000] {processor.py:161} INFO - Started process (PID=95965) to work on /Users/rachel/Library/Mobile Documents/com~apple~CloudDocs/Documents/dev/SpotifyETL/airflow/dags/spotify_to_rds_dag.py
[2024-02-15T08:54:46.696+0000] {processor.py:830} INFO - Processing file /Users/rachel/Library/Mobile Documents/com~apple~CloudDocs/Documents/dev/SpotifyETL/airflow/dags/spotify_to_rds_dag.py for tasks to queue
[2024-02-15T08:54:46.696+0000] {logging_mixin.py:188} INFO - [2024-02-15T08:54:46.696+0000] {dagbag.py:538} INFO - Filling up the DagBag from /Users/rachel/Library/Mobile Documents/com~apple~CloudDocs/Documents/dev/SpotifyETL/airflow/dags/spotify_to_rds_dag.py
[2024-02-15T08:54:47.023+0000] {processor.py:840} INFO - DAG(s) 'spotify_to_rds_dag' retrieved from /Users/rachel/Library/Mobile Documents/com~apple~CloudDocs/Documents/dev/SpotifyETL/airflow/dags/spotify_to_rds_dag.py
[2024-02-15T08:54:47.057+0000] {logging_mixin.py:188} INFO - [2024-02-15T08:54:47.057+0000] {dag.py:3036} INFO - Sync 1 DAGs
[2024-02-15T08:54:47.099+0000] {logging_mixin.py:188} INFO - [2024-02-15T08:54:47.099+0000] {dag.py:3823} INFO - Setting next_dagrun for spotify_to_rds_dag to 2024-02-15 00:00:00+00:00, run_after=2024-02-16 00:00:00+00:00
[2024-02-15T08:54:47.106+0000] {processor.py:183} INFO - Processing /Users/rachel/Library/Mobile Documents/com~apple~CloudDocs/Documents/dev/SpotifyETL/airflow/dags/spotify_to_rds_dag.py took 0.411 seconds
[2024-02-15T08:55:18.089+0000] {processor.py:161} INFO - Started process (PID=96002) to work on /Users/rachel/Library/Mobile Documents/com~apple~CloudDocs/Documents/dev/SpotifyETL/airflow/dags/spotify_to_rds_dag.py
[2024-02-15T08:55:18.090+0000] {processor.py:830} INFO - Processing file /Users/rachel/Library/Mobile Documents/com~apple~CloudDocs/Documents/dev/SpotifyETL/airflow/dags/spotify_to_rds_dag.py for tasks to queue
[2024-02-15T08:55:18.090+0000] {logging_mixin.py:188} INFO - [2024-02-15T08:55:18.090+0000] {dagbag.py:538} INFO - Filling up the DagBag from /Users/rachel/Library/Mobile Documents/com~apple~CloudDocs/Documents/dev/SpotifyETL/airflow/dags/spotify_to_rds_dag.py
[2024-02-15T08:55:18.398+0000] {processor.py:840} INFO - DAG(s) 'spotify_to_rds_dag' retrieved from /Users/rachel/Library/Mobile Documents/com~apple~CloudDocs/Documents/dev/SpotifyETL/airflow/dags/spotify_to_rds_dag.py
[2024-02-15T08:55:18.425+0000] {logging_mixin.py:188} INFO - [2024-02-15T08:55:18.424+0000] {dag.py:3036} INFO - Sync 1 DAGs
[2024-02-15T08:55:18.460+0000] {logging_mixin.py:188} INFO - [2024-02-15T08:55:18.460+0000] {dag.py:3823} INFO - Setting next_dagrun for spotify_to_rds_dag to 2024-02-15 00:00:00+00:00, run_after=2024-02-16 00:00:00+00:00
[2024-02-15T08:55:18.466+0000] {processor.py:183} INFO - Processing /Users/rachel/Library/Mobile Documents/com~apple~CloudDocs/Documents/dev/SpotifyETL/airflow/dags/spotify_to_rds_dag.py took 0.377 seconds
[2024-02-15T08:55:49.228+0000] {processor.py:161} INFO - Started process (PID=96103) to work on /Users/rachel/Library/Mobile Documents/com~apple~CloudDocs/Documents/dev/SpotifyETL/airflow/dags/spotify_to_rds_dag.py
[2024-02-15T08:55:49.228+0000] {processor.py:830} INFO - Processing file /Users/rachel/Library/Mobile Documents/com~apple~CloudDocs/Documents/dev/SpotifyETL/airflow/dags/spotify_to_rds_dag.py for tasks to queue
[2024-02-15T08:55:49.229+0000] {logging_mixin.py:188} INFO - [2024-02-15T08:55:49.228+0000] {dagbag.py:538} INFO - Filling up the DagBag from /Users/rachel/Library/Mobile Documents/com~apple~CloudDocs/Documents/dev/SpotifyETL/airflow/dags/spotify_to_rds_dag.py
[2024-02-15T08:55:49.479+0000] {processor.py:840} INFO - DAG(s) 'spotify_to_rds_dag' retrieved from /Users/rachel/Library/Mobile Documents/com~apple~CloudDocs/Documents/dev/SpotifyETL/airflow/dags/spotify_to_rds_dag.py
[2024-02-15T08:55:49.511+0000] {logging_mixin.py:188} INFO - [2024-02-15T08:55:49.510+0000] {dag.py:3036} INFO - Sync 1 DAGs
[2024-02-15T08:55:49.548+0000] {logging_mixin.py:188} INFO - [2024-02-15T08:55:49.547+0000] {dag.py:3823} INFO - Setting next_dagrun for spotify_to_rds_dag to 2024-02-15 00:00:00+00:00, run_after=2024-02-16 00:00:00+00:00
[2024-02-15T08:55:49.553+0000] {processor.py:183} INFO - Processing /Users/rachel/Library/Mobile Documents/com~apple~CloudDocs/Documents/dev/SpotifyETL/airflow/dags/spotify_to_rds_dag.py took 0.326 seconds
[2024-02-15T08:56:20.509+0000] {processor.py:161} INFO - Started process (PID=96107) to work on /Users/rachel/Library/Mobile Documents/com~apple~CloudDocs/Documents/dev/SpotifyETL/airflow/dags/spotify_to_rds_dag.py
[2024-02-15T08:56:20.510+0000] {processor.py:830} INFO - Processing file /Users/rachel/Library/Mobile Documents/com~apple~CloudDocs/Documents/dev/SpotifyETL/airflow/dags/spotify_to_rds_dag.py for tasks to queue
[2024-02-15T08:56:20.510+0000] {logging_mixin.py:188} INFO - [2024-02-15T08:56:20.510+0000] {dagbag.py:538} INFO - Filling up the DagBag from /Users/rachel/Library/Mobile Documents/com~apple~CloudDocs/Documents/dev/SpotifyETL/airflow/dags/spotify_to_rds_dag.py
[2024-02-15T08:56:20.791+0000] {processor.py:840} INFO - DAG(s) 'spotify_to_rds_dag' retrieved from /Users/rachel/Library/Mobile Documents/com~apple~CloudDocs/Documents/dev/SpotifyETL/airflow/dags/spotify_to_rds_dag.py
[2024-02-15T08:56:20.820+0000] {logging_mixin.py:188} INFO - [2024-02-15T08:56:20.820+0000] {dag.py:3036} INFO - Sync 1 DAGs
[2024-02-15T08:56:20.856+0000] {logging_mixin.py:188} INFO - [2024-02-15T08:56:20.856+0000] {dag.py:3823} INFO - Setting next_dagrun for spotify_to_rds_dag to 2024-02-15 00:00:00+00:00, run_after=2024-02-16 00:00:00+00:00
[2024-02-15T08:56:20.861+0000] {processor.py:183} INFO - Processing /Users/rachel/Library/Mobile Documents/com~apple~CloudDocs/Documents/dev/SpotifyETL/airflow/dags/spotify_to_rds_dag.py took 0.353 seconds
[2024-02-15T08:56:51.857+0000] {processor.py:161} INFO - Started process (PID=96114) to work on /Users/rachel/Library/Mobile Documents/com~apple~CloudDocs/Documents/dev/SpotifyETL/airflow/dags/spotify_to_rds_dag.py
[2024-02-15T08:56:51.858+0000] {processor.py:830} INFO - Processing file /Users/rachel/Library/Mobile Documents/com~apple~CloudDocs/Documents/dev/SpotifyETL/airflow/dags/spotify_to_rds_dag.py for tasks to queue
[2024-02-15T08:56:51.859+0000] {logging_mixin.py:188} INFO - [2024-02-15T08:56:51.859+0000] {dagbag.py:538} INFO - Filling up the DagBag from /Users/rachel/Library/Mobile Documents/com~apple~CloudDocs/Documents/dev/SpotifyETL/airflow/dags/spotify_to_rds_dag.py
[2024-02-15T08:56:52.129+0000] {processor.py:840} INFO - DAG(s) 'spotify_to_rds_dag' retrieved from /Users/rachel/Library/Mobile Documents/com~apple~CloudDocs/Documents/dev/SpotifyETL/airflow/dags/spotify_to_rds_dag.py
[2024-02-15T08:56:52.155+0000] {logging_mixin.py:188} INFO - [2024-02-15T08:56:52.155+0000] {dag.py:3036} INFO - Sync 1 DAGs
[2024-02-15T08:56:52.189+0000] {logging_mixin.py:188} INFO - [2024-02-15T08:56:52.189+0000] {dag.py:3823} INFO - Setting next_dagrun for spotify_to_rds_dag to 2024-02-15 00:00:00+00:00, run_after=2024-02-16 00:00:00+00:00
[2024-02-15T08:56:52.196+0000] {processor.py:183} INFO - Processing /Users/rachel/Library/Mobile Documents/com~apple~CloudDocs/Documents/dev/SpotifyETL/airflow/dags/spotify_to_rds_dag.py took 0.339 seconds
[2024-02-15T08:57:23.153+0000] {processor.py:161} INFO - Started process (PID=96118) to work on /Users/rachel/Library/Mobile Documents/com~apple~CloudDocs/Documents/dev/SpotifyETL/airflow/dags/spotify_to_rds_dag.py
[2024-02-15T08:57:23.155+0000] {processor.py:830} INFO - Processing file /Users/rachel/Library/Mobile Documents/com~apple~CloudDocs/Documents/dev/SpotifyETL/airflow/dags/spotify_to_rds_dag.py for tasks to queue
[2024-02-15T08:57:23.155+0000] {logging_mixin.py:188} INFO - [2024-02-15T08:57:23.155+0000] {dagbag.py:538} INFO - Filling up the DagBag from /Users/rachel/Library/Mobile Documents/com~apple~CloudDocs/Documents/dev/SpotifyETL/airflow/dags/spotify_to_rds_dag.py
[2024-02-15T08:57:23.485+0000] {processor.py:840} INFO - DAG(s) 'spotify_to_rds_dag' retrieved from /Users/rachel/Library/Mobile Documents/com~apple~CloudDocs/Documents/dev/SpotifyETL/airflow/dags/spotify_to_rds_dag.py
[2024-02-15T08:57:23.517+0000] {logging_mixin.py:188} INFO - [2024-02-15T08:57:23.517+0000] {dag.py:3036} INFO - Sync 1 DAGs
[2024-02-15T08:57:23.565+0000] {logging_mixin.py:188} INFO - [2024-02-15T08:57:23.565+0000] {dag.py:3823} INFO - Setting next_dagrun for spotify_to_rds_dag to 2024-02-15 00:00:00+00:00, run_after=2024-02-16 00:00:00+00:00
[2024-02-15T08:57:23.571+0000] {processor.py:183} INFO - Processing /Users/rachel/Library/Mobile Documents/com~apple~CloudDocs/Documents/dev/SpotifyETL/airflow/dags/spotify_to_rds_dag.py took 0.419 seconds
